ERROR - 2023-06-12 08:25:07 --> mysqli_sql_exception: Column 'amoutPaid' cannot be null in C:\xampp\htdocs\eventry\system\Database\MySQLi\Connection.php:295
Stack trace:
#0 C:\xampp\htdocs\eventry\system\Database\MySQLi\Connection.php(295): mysqli->query('INSERT INTO `de...', 0)
#1 C:\xampp\htdocs\eventry\system\Database\BaseConnection.php(692): CodeIgniter\Database\MySQLi\Connection->execute('INSERT INTO `de...')
#2 C:\xampp\htdocs\eventry\system\Database\BaseConnection.php(606): CodeIgniter\Database\BaseConnection->simpleQuery('INSERT INTO `de...')
#3 C:\xampp\htdocs\eventry\system\Database\BaseBuilder.php(2309): CodeIgniter\Database\BaseConnection->query('INSERT INTO `de...', Array, false)
#4 C:\xampp\htdocs\eventry\system\Model.php(330): CodeIgniter\Database\BaseBuilder->insert()
#5 C:\xampp\htdocs\eventry\system\BaseModel.php(782): CodeIgniter\Model->doInsert(Array)
#6 C:\xampp\htdocs\eventry\system\Model.php(730): CodeIgniter\BaseModel->insert(Array, true)
#7 C:\xampp\htdocs\eventry\app\Controllers\Deliveryapi.php(76): CodeIgniter\Model->insert(Array)
#8 C:\xampp\htdocs\eventry\system\CodeIgniter.php(934): App\Controllers\Deliveryapi->create()
#9 C:\xampp\htdocs\eventry\system\CodeIgniter.php(499): CodeIgniter\CodeIgniter->runController(Object(App\Controllers\Deliveryapi))
#10 C:\xampp\htdocs\eventry\system\CodeIgniter.php(368): CodeIgniter\CodeIgniter->handleRequest(NULL, Object(Config\Cache), false)
#11 C:\xampp\htdocs\eventry\public\index.php(67): CodeIgniter\CodeIgniter->run()
#12 {main}
CRITICAL - 2023-06-12 08:25:07 --> Column 'amoutPaid' cannot be null
in SYSTEMPATH\Database\MySQLi\Connection.php on line 295.
 1 SYSTEMPATH\Database\MySQLi\Connection.php(295): mysqli->query('INSERT INTO `deliveries` (`amoutPaid`, `balance`, `rfc`) VALUES (NULL, \'33\', \'3847\')', 0)
 2 SYSTEMPATH\Database\BaseConnection.php(692): CodeIgniter\Database\MySQLi\Connection->execute('INSERT INTO `deliveries` (`amoutPaid`, `balance`, `rfc`) VALUES (NULL, \'33\', \'3847\')')
 3 SYSTEMPATH\Database\BaseConnection.php(606): CodeIgniter\Database\BaseConnection->simpleQuery('INSERT INTO `deliveries` (`amoutPaid`, `balance`, `rfc`) VALUES (NULL, \'33\', \'3847\')')
 4 SYSTEMPATH\Database\BaseBuilder.php(2309): CodeIgniter\Database\BaseConnection->query('INSERT INTO `deliveries` (`amoutPaid`, `balance`, `rfc`) VALUES (:amoutPaid:, :balance:, :rfc:)', [...], false)
 5 SYSTEMPATH\Model.php(330): CodeIgniter\Database\BaseBuilder->insert()
 6 SYSTEMPATH\BaseModel.php(782): CodeIgniter\Model->doInsert([...])
 7 SYSTEMPATH\Model.php(730): CodeIgniter\BaseModel->insert([...], true)
 8 APPPATH\Controllers\Deliveryapi.php(76): CodeIgniter\Model->insert([...])
 9 SYSTEMPATH\CodeIgniter.php(934): App\Controllers\Deliveryapi->create()
10 SYSTEMPATH\CodeIgniter.php(499): CodeIgniter\CodeIgniter->runController(Object(App\Controllers\Deliveryapi))
11 SYSTEMPATH\CodeIgniter.php(368): CodeIgniter\CodeIgniter->handleRequest(null, Object(Config\Cache), false)
12 FCPATH\index.php(67): CodeIgniter\CodeIgniter->run()
CRITICAL - 2023-06-12 08:40:08 --> Undefined variable: amountPaid
in APPPATH\Controllers\Deliveryapi.php on line 68.
 1 APPPATH\Controllers\Deliveryapi.php(68): CodeIgniter\Debug\Exceptions->errorHandler(8, 'Undefined variable: amountPaid', 'C:\\xampp\\htdocs\\eventry\\app\\Controllers\\Deliveryapi.php', 68, [...])
 2 SYSTEMPATH\CodeIgniter.php(934): App\Controllers\Deliveryapi->create()
 3 SYSTEMPATH\CodeIgniter.php(499): CodeIgniter\CodeIgniter->runController(Object(App\Controllers\Deliveryapi))
 4 SYSTEMPATH\CodeIgniter.php(368): CodeIgniter\CodeIgniter->handleRequest(null, Object(Config\Cache), false)
 5 FCPATH\index.php(67): CodeIgniter\CodeIgniter->run()
CRITICAL - 2023-06-12 08:41:03 --> Undefined variable: deliveryAgent
in APPPATH\Controllers\Deliveryapi.php on line 70.
 1 APPPATH\Controllers\Deliveryapi.php(70): CodeIgniter\Debug\Exceptions->errorHandler(8, 'Undefined variable: deliveryAgent', 'C:\\xampp\\htdocs\\eventry\\app\\Controllers\\Deliveryapi.php', 70, [...])
 2 SYSTEMPATH\CodeIgniter.php(934): App\Controllers\Deliveryapi->create()
 3 SYSTEMPATH\CodeIgniter.php(499): CodeIgniter\CodeIgniter->runController(Object(App\Controllers\Deliveryapi))
 4 SYSTEMPATH\CodeIgniter.php(368): CodeIgniter\CodeIgniter->handleRequest(null, Object(Config\Cache), false)
 5 FCPATH\index.php(67): CodeIgniter\CodeIgniter->run()
CRITICAL - 2023-06-12 09:33:59 --> Undefined variable: orderId
in APPPATH\Controllers\Deliveryapi.php on line 71.
 1 APPPATH\Controllers\Deliveryapi.php(71): CodeIgniter\Debug\Exceptions->errorHandler(8, 'Undefined variable: orderId', 'C:\\xampp\\htdocs\\eventry\\app\\Controllers\\Deliveryapi.php', 71, [...])
 2 SYSTEMPATH\CodeIgniter.php(934): App\Controllers\Deliveryapi->create()
 3 SYSTEMPATH\CodeIgniter.php(499): CodeIgniter\CodeIgniter->runController(Object(App\Controllers\Deliveryapi))
 4 SYSTEMPATH\CodeIgniter.php(368): CodeIgniter\CodeIgniter->handleRequest(null, Object(Config\Cache), false)
 5 FCPATH\index.php(67): CodeIgniter\CodeIgniter->run()
CRITICAL - 2023-06-12 09:35:56 --> Undefined variable: orderId
in APPPATH\Controllers\Deliveryapi.php on line 71.
 1 APPPATH\Controllers\Deliveryapi.php(71): CodeIgniter\Debug\Exceptions->errorHandler(8, 'Undefined variable: orderId', 'C:\\xampp\\htdocs\\eventry\\app\\Controllers\\Deliveryapi.php', 71, [...])
 2 SYSTEMPATH\CodeIgniter.php(934): App\Controllers\Deliveryapi->create()
 3 SYSTEMPATH\CodeIgniter.php(499): CodeIgniter\CodeIgniter->runController(Object(App\Controllers\Deliveryapi))
 4 SYSTEMPATH\CodeIgniter.php(368): CodeIgniter\CodeIgniter->handleRequest(null, Object(Config\Cache), false)
 5 FCPATH\index.php(67): CodeIgniter\CodeIgniter->run()
CRITICAL - 2023-06-12 09:36:17 --> Undefined variable: orderId
in APPPATH\Controllers\Deliveryapi.php on line 71.
 1 APPPATH\Controllers\Deliveryapi.php(71): CodeIgniter\Debug\Exceptions->errorHandler(8, 'Undefined variable: orderId', 'C:\\xampp\\htdocs\\eventry\\app\\Controllers\\Deliveryapi.php', 71, [...])
 2 SYSTEMPATH\CodeIgniter.php(934): App\Controllers\Deliveryapi->create()
 3 SYSTEMPATH\CodeIgniter.php(499): CodeIgniter\CodeIgniter->runController(Object(App\Controllers\Deliveryapi))
 4 SYSTEMPATH\CodeIgniter.php(368): CodeIgniter\CodeIgniter->handleRequest(null, Object(Config\Cache), false)
 5 FCPATH\index.php(67): CodeIgniter\CodeIgniter->run()
CRITICAL - 2023-06-12 09:36:36 --> Undefined variable: orderId
in APPPATH\Controllers\Deliveryapi.php on line 71.
 1 APPPATH\Controllers\Deliveryapi.php(71): CodeIgniter\Debug\Exceptions->errorHandler(8, 'Undefined variable: orderId', 'C:\\xampp\\htdocs\\eventry\\app\\Controllers\\Deliveryapi.php', 71, [...])
 2 SYSTEMPATH\CodeIgniter.php(934): App\Controllers\Deliveryapi->create()
 3 SYSTEMPATH\CodeIgniter.php(499): CodeIgniter\CodeIgniter->runController(Object(App\Controllers\Deliveryapi))
 4 SYSTEMPATH\CodeIgniter.php(368): CodeIgniter\CodeIgniter->handleRequest(null, Object(Config\Cache), false)
 5 FCPATH\index.php(67): CodeIgniter\CodeIgniter->run()
CRITICAL - 2023-06-12 09:37:28 --> Undefined variable: orderId
in APPPATH\Controllers\Deliveryapi.php on line 71.
 1 APPPATH\Controllers\Deliveryapi.php(71): CodeIgniter\Debug\Exceptions->errorHandler(8, 'Undefined variable: orderId', 'C:\\xampp\\htdocs\\eventry\\app\\Controllers\\Deliveryapi.php', 71, [...])
 2 SYSTEMPATH\CodeIgniter.php(934): App\Controllers\Deliveryapi->create()
 3 SYSTEMPATH\CodeIgniter.php(499): CodeIgniter\CodeIgniter->runController(Object(App\Controllers\Deliveryapi))
 4 SYSTEMPATH\CodeIgniter.php(368): CodeIgniter\CodeIgniter->handleRequest(null, Object(Config\Cache), false)
 5 FCPATH\index.php(67): CodeIgniter\CodeIgniter->run()
ERROR - 2023-06-12 09:37:46 --> mysqli_sql_exception: Column 'rfc' cannot be null in C:\xampp\htdocs\eventry\system\Database\MySQLi\Connection.php:295
Stack trace:
#0 C:\xampp\htdocs\eventry\system\Database\MySQLi\Connection.php(295): mysqli->query('INSERT INTO `de...', 0)
#1 C:\xampp\htdocs\eventry\system\Database\BaseConnection.php(692): CodeIgniter\Database\MySQLi\Connection->execute('INSERT INTO `de...')
#2 C:\xampp\htdocs\eventry\system\Database\BaseConnection.php(606): CodeIgniter\Database\BaseConnection->simpleQuery('INSERT INTO `de...')
#3 C:\xampp\htdocs\eventry\system\Database\BaseBuilder.php(2309): CodeIgniter\Database\BaseConnection->query('INSERT INTO `de...', Array, false)
#4 C:\xampp\htdocs\eventry\system\Model.php(330): CodeIgniter\Database\BaseBuilder->insert()
#5 C:\xampp\htdocs\eventry\system\BaseModel.php(782): CodeIgniter\Model->doInsert(Array)
#6 C:\xampp\htdocs\eventry\system\Model.php(730): CodeIgniter\BaseModel->insert(Array, true)
#7 C:\xampp\htdocs\eventry\app\Controllers\Deliveryapi.php(78): CodeIgniter\Model->insert(Array)
#8 C:\xampp\htdocs\eventry\system\CodeIgniter.php(934): App\Controllers\Deliveryapi->create()
#9 C:\xampp\htdocs\eventry\system\CodeIgniter.php(499): CodeIgniter\CodeIgniter->runController(Object(App\Controllers\Deliveryapi))
#10 C:\xampp\htdocs\eventry\system\CodeIgniter.php(368): CodeIgniter\CodeIgniter->handleRequest(NULL, Object(Config\Cache), false)
#11 C:\xampp\htdocs\eventry\public\index.php(67): CodeIgniter\CodeIgniter->run()
#12 {main}
CRITICAL - 2023-06-12 09:37:46 --> Column 'rfc' cannot be null
in SYSTEMPATH\Database\MySQLi\Connection.php on line 295.
 1 SYSTEMPATH\Database\MySQLi\Connection.php(295): mysqli->query('INSERT INTO `deliveries` (`qty`, `rfc`, `order_id`, `amoutPaid`, `balance`) VALUES (\'1\', NULL, \'2\', \'70\', \'5\')', 0)
 2 SYSTEMPATH\Database\BaseConnection.php(692): CodeIgniter\Database\MySQLi\Connection->execute('INSERT INTO `deliveries` (`qty`, `rfc`, `order_id`, `amoutPaid`, `balance`) VALUES (\'1\', NULL, \'2\', \'70\', \'5\')')
 3 SYSTEMPATH\Database\BaseConnection.php(606): CodeIgniter\Database\BaseConnection->simpleQuery('INSERT INTO `deliveries` (`qty`, `rfc`, `order_id`, `amoutPaid`, `balance`) VALUES (\'1\', NULL, \'2\', \'70\', \'5\')')
 4 SYSTEMPATH\Database\BaseBuilder.php(2309): CodeIgniter\Database\BaseConnection->query('INSERT INTO `deliveries` (`qty`, `rfc`, `order_id`, `amoutPaid`, `balance`) VALUES (:qty:, :rfc:, :order_id:, :amoutPaid:, :balance:)', [...], false)
 5 SYSTEMPATH\Model.php(330): CodeIgniter\Database\BaseBuilder->insert()
 6 SYSTEMPATH\BaseModel.php(782): CodeIgniter\Model->doInsert([...])
 7 SYSTEMPATH\Model.php(730): CodeIgniter\BaseModel->insert([...], true)
 8 APPPATH\Controllers\Deliveryapi.php(78): CodeIgniter\Model->insert([...])
 9 SYSTEMPATH\CodeIgniter.php(934): App\Controllers\Deliveryapi->create()
10 SYSTEMPATH\CodeIgniter.php(499): CodeIgniter\CodeIgniter->runController(Object(App\Controllers\Deliveryapi))
11 SYSTEMPATH\CodeIgniter.php(368): CodeIgniter\CodeIgniter->handleRequest(null, Object(Config\Cache), false)
12 FCPATH\index.php(67): CodeIgniter\CodeIgniter->run()
CRITICAL - 2023-06-12 10:32:06 --> syntax error, unexpected '->' (T_OBJECT_OPERATOR)
in APPPATH\Controllers\Admin.php on line 57.
 1 SYSTEMPATH\Autoloader\Autoloader.php(289): CodeIgniter\Autoloader\Autoloader->includeFile('C:\\xampp\\htdocs\\eventry\\app\\Controllers\\Admin.php')
 2 SYSTEMPATH\Autoloader\Autoloader.php(267): CodeIgniter\Autoloader\Autoloader->loadInNamespace('App\\Controllers\\Admin')
 3 [internal function]: CodeIgniter\Autoloader\Autoloader->loadClass('App\\Controllers\\Admin')
 4 [internal function]: spl_autoload_call('App\\Controllers\\Admin')
 5 SYSTEMPATH\CodeIgniter.php(892): class_exists('\\App\\Controllers\\Admin', true)
 6 SYSTEMPATH\CodeIgniter.php(486): CodeIgniter\CodeIgniter->startController()
 7 SYSTEMPATH\CodeIgniter.php(368): CodeIgniter\CodeIgniter->handleRequest(null, Object(Config\Cache), false)
 8 FCPATH\index.php(67): CodeIgniter\CodeIgniter->run()
CRITICAL - 2023-06-12 10:32:09 --> syntax error, unexpected '->' (T_OBJECT_OPERATOR)
in APPPATH\Controllers\Admin.php on line 57.
 1 SYSTEMPATH\Autoloader\Autoloader.php(289): CodeIgniter\Autoloader\Autoloader->includeFile('C:\\xampp\\htdocs\\eventry\\app\\Controllers\\Admin.php')
 2 SYSTEMPATH\Autoloader\Autoloader.php(267): CodeIgniter\Autoloader\Autoloader->loadInNamespace('App\\Controllers\\Admin')
 3 [internal function]: CodeIgniter\Autoloader\Autoloader->loadClass('App\\Controllers\\Admin')
 4 [internal function]: spl_autoload_call('App\\Controllers\\Admin')
 5 SYSTEMPATH\CodeIgniter.php(892): class_exists('\\App\\Controllers\\Admin', true)
 6 SYSTEMPATH\CodeIgniter.php(486): CodeIgniter\CodeIgniter->startController()
 7 SYSTEMPATH\CodeIgniter.php(368): CodeIgniter\CodeIgniter->handleRequest(null, Object(Config\Cache), false)
 8 FCPATH\index.php(67): CodeIgniter\CodeIgniter->run()
CRITICAL - 2023-06-12 10:35:33 --> syntax error, unexpected '$data' (T_VARIABLE)
in APPPATH\Controllers\Admin.php on line 61.
 1 SYSTEMPATH\Autoloader\Autoloader.php(289): CodeIgniter\Autoloader\Autoloader->includeFile('C:\\xampp\\htdocs\\eventry\\app\\Controllers\\Admin.php')
 2 SYSTEMPATH\Autoloader\Autoloader.php(267): CodeIgniter\Autoloader\Autoloader->loadInNamespace('App\\Controllers\\Admin')
 3 [internal function]: CodeIgniter\Autoloader\Autoloader->loadClass('App\\Controllers\\Admin')
 4 [internal function]: spl_autoload_call('App\\Controllers\\Admin')
 5 SYSTEMPATH\CodeIgniter.php(892): class_exists('\\App\\Controllers\\Admin', true)
 6 SYSTEMPATH\CodeIgniter.php(486): CodeIgniter\CodeIgniter->startController()
 7 SYSTEMPATH\CodeIgniter.php(368): CodeIgniter\CodeIgniter->handleRequest(null, Object(Config\Cache), false)
 8 FCPATH\index.php(67): CodeIgniter\CodeIgniter->run()
CRITICAL - 2023-06-12 10:35:36 --> syntax error, unexpected '$data' (T_VARIABLE)
in APPPATH\Controllers\Admin.php on line 61.
 1 SYSTEMPATH\Autoloader\Autoloader.php(289): CodeIgniter\Autoloader\Autoloader->includeFile('C:\\xampp\\htdocs\\eventry\\app\\Controllers\\Admin.php')
 2 SYSTEMPATH\Autoloader\Autoloader.php(267): CodeIgniter\Autoloader\Autoloader->loadInNamespace('App\\Controllers\\Admin')
 3 [internal function]: CodeIgniter\Autoloader\Autoloader->loadClass('App\\Controllers\\Admin')
 4 [internal function]: spl_autoload_call('App\\Controllers\\Admin')
 5 SYSTEMPATH\CodeIgniter.php(892): class_exists('\\App\\Controllers\\Admin', true)
 6 SYSTEMPATH\CodeIgniter.php(486): CodeIgniter\CodeIgniter->startController()
 7 SYSTEMPATH\CodeIgniter.php(368): CodeIgniter\CodeIgniter->handleRequest(null, Object(Config\Cache), false)
 8 FCPATH\index.php(67): CodeIgniter\CodeIgniter->run()
CRITICAL - 2023-06-12 10:35:43 --> syntax error, unexpected '$data' (T_VARIABLE)
in APPPATH\Controllers\Admin.php on line 61.
 1 SYSTEMPATH\Autoloader\Autoloader.php(289): CodeIgniter\Autoloader\Autoloader->includeFile('C:\\xampp\\htdocs\\eventry\\app\\Controllers\\Admin.php')
 2 SYSTEMPATH\Autoloader\Autoloader.php(267): CodeIgniter\Autoloader\Autoloader->loadInNamespace('App\\Controllers\\Admin')
 3 [internal function]: CodeIgniter\Autoloader\Autoloader->loadClass('App\\Controllers\\Admin')
 4 [internal function]: spl_autoload_call('App\\Controllers\\Admin')
 5 SYSTEMPATH\CodeIgniter.php(892): class_exists('\\App\\Controllers\\Admin', true)
 6 SYSTEMPATH\CodeIgniter.php(486): CodeIgniter\CodeIgniter->startController()
 7 SYSTEMPATH\CodeIgniter.php(368): CodeIgniter\CodeIgniter->handleRequest(null, Object(Config\Cache), false)
 8 FCPATH\index.php(67): CodeIgniter\CodeIgniter->run()
CRITICAL - 2023-06-12 10:41:08 --> syntax error, unexpected '->' (T_OBJECT_OPERATOR), expecting ';' or ','
in APPPATH\Views\dashboard\log_sale.php on line 85.
 1 SYSTEMPATH\View\View.php(216): CodeIgniter\View\View->CodeIgniter\View\{closure}()
 2 SYSTEMPATH\Common.php(1184): CodeIgniter\View\View->render('dashboard/log_sale', [], true)
 3 APPPATH\Controllers\Admin.php(64): view('dashboard/log_sale', [...])
 4 SYSTEMPATH\CodeIgniter.php(934): App\Controllers\Admin->log_sale('2')
 5 SYSTEMPATH\CodeIgniter.php(499): CodeIgniter\CodeIgniter->runController(Object(App\Controllers\Admin))
 6 SYSTEMPATH\CodeIgniter.php(368): CodeIgniter\CodeIgniter->handleRequest(null, Object(Config\Cache), false)
 7 FCPATH\index.php(67): CodeIgniter\CodeIgniter->run()
CRITICAL - 2023-06-12 10:41:32 --> Trying to get property 'id' of non-object
in APPPATH\Views\dashboard\log_sale.php on line 85.
 1 APPPATH\Views\dashboard\log_sale.php(85): CodeIgniter\Debug\Exceptions->errorHandler(8, 'Trying to get property \'id\' of non-object', 'C:\\xampp\\htdocs\\eventry\\app\\Views\\dashboard\\log_sale.php', 85, [...])
 2 SYSTEMPATH\View\View.php(213): include('C:\\xampp\\htdocs\\eventry\\app\\Views\\dashboard\\log_sale.php')
 3 SYSTEMPATH\View\View.php(216): CodeIgniter\View\View->CodeIgniter\View\{closure}()
 4 SYSTEMPATH\Common.php(1184): CodeIgniter\View\View->render('dashboard/log_sale', [], true)
 5 APPPATH\Controllers\Admin.php(64): view('dashboard/log_sale', [...])
 6 SYSTEMPATH\CodeIgniter.php(934): App\Controllers\Admin->log_sale('2')
 7 SYSTEMPATH\CodeIgniter.php(499): CodeIgniter\CodeIgniter->runController(Object(App\Controllers\Admin))
 8 SYSTEMPATH\CodeIgniter.php(368): CodeIgniter\CodeIgniter->handleRequest(null, Object(Config\Cache), false)
 9 FCPATH\index.php(67): CodeIgniter\CodeIgniter->run()
CRITICAL - 2023-06-12 10:42:19 --> Trying to get property 'userName' of non-object
in APPPATH\Views\dashboard\log_sale.php on line 85.
 1 APPPATH\Views\dashboard\log_sale.php(85): CodeIgniter\Debug\Exceptions->errorHandler(8, 'Trying to get property \'userName\' of non-object', 'C:\\xampp\\htdocs\\eventry\\app\\Views\\dashboard\\log_sale.php', 85, [...])
 2 SYSTEMPATH\View\View.php(213): include('C:\\xampp\\htdocs\\eventry\\app\\Views\\dashboard\\log_sale.php')
 3 SYSTEMPATH\View\View.php(216): CodeIgniter\View\View->CodeIgniter\View\{closure}()
 4 SYSTEMPATH\Common.php(1184): CodeIgniter\View\View->render('dashboard/log_sale', [], true)
 5 APPPATH\Controllers\Admin.php(64): view('dashboard/log_sale', [...])
 6 SYSTEMPATH\CodeIgniter.php(934): App\Controllers\Admin->log_sale('2')
 7 SYSTEMPATH\CodeIgniter.php(499): CodeIgniter\CodeIgniter->runController(Object(App\Controllers\Admin))
 8 SYSTEMPATH\CodeIgniter.php(368): CodeIgniter\CodeIgniter->handleRequest(null, Object(Config\Cache), false)
 9 FCPATH\index.php(67): CodeIgniter\CodeIgniter->run()
CRITICAL - 2023-06-12 10:42:50 --> Undefined index: userName
in APPPATH\Views\dashboard\log_sale.php on line 85.
 1 APPPATH\Views\dashboard\log_sale.php(85): CodeIgniter\Debug\Exceptions->errorHandler(8, 'Undefined index: userName', 'C:\\xampp\\htdocs\\eventry\\app\\Views\\dashboard\\log_sale.php', 85, [...])
 2 SYSTEMPATH\View\View.php(213): include('C:\\xampp\\htdocs\\eventry\\app\\Views\\dashboard\\log_sale.php')
 3 SYSTEMPATH\View\View.php(216): CodeIgniter\View\View->CodeIgniter\View\{closure}()
 4 SYSTEMPATH\Common.php(1184): CodeIgniter\View\View->render('dashboard/log_sale', [], true)
 5 APPPATH\Controllers\Admin.php(64): view('dashboard/log_sale', [...])
 6 SYSTEMPATH\CodeIgniter.php(934): App\Controllers\Admin->log_sale('2')
 7 SYSTEMPATH\CodeIgniter.php(499): CodeIgniter\CodeIgniter->runController(Object(App\Controllers\Admin))
 8 SYSTEMPATH\CodeIgniter.php(368): CodeIgniter\CodeIgniter->handleRequest(null, Object(Config\Cache), false)
 9 FCPATH\index.php(67): CodeIgniter\CodeIgniter->run()
CRITICAL - 2023-06-12 11:11:05 --> Invalid file: "/deliveryapi/create2.php"
in SYSTEMPATH\Exceptions\FrameworkException.php on line 33.
 1 SYSTEMPATH\View\View.php(201): CodeIgniter\Exceptions\FrameworkException::forInvalidFile('/deliveryapi/create2.php')
 2 SYSTEMPATH\Common.php(1184): CodeIgniter\View\View->render('/deliveryapi/create2', [], true)
 3 APPPATH\Controllers\Deliveryapi.php(56): view('/deliveryapi/create2', [...])
 4 SYSTEMPATH\CodeIgniter.php(934): App\Controllers\Deliveryapi->create()
 5 SYSTEMPATH\CodeIgniter.php(499): CodeIgniter\CodeIgniter->runController(Object(App\Controllers\Deliveryapi))
 6 SYSTEMPATH\CodeIgniter.php(368): CodeIgniter\CodeIgniter->handleRequest(null, Object(Config\Cache), false)
 7 FCPATH\index.php(67): CodeIgniter\CodeIgniter->run()
CRITICAL - 2023-06-12 11:12:57 --> Invalid file: "/deliveryapi/create/order_id.php"
in SYSTEMPATH\Exceptions\FrameworkException.php on line 33.
 1 SYSTEMPATH\View\View.php(201): CodeIgniter\Exceptions\FrameworkException::forInvalidFile('/deliveryapi/create/order_id.php')
 2 SYSTEMPATH\Common.php(1184): CodeIgniter\View\View->render('/deliveryapi/create/order_id', [], true)
 3 APPPATH\Controllers\Deliveryapi.php(56): view('/deliveryapi/create/order_id', [...])
 4 SYSTEMPATH\CodeIgniter.php(934): App\Controllers\Deliveryapi->create()
 5 SYSTEMPATH\CodeIgniter.php(499): CodeIgniter\CodeIgniter->runController(Object(App\Controllers\Deliveryapi))
 6 SYSTEMPATH\CodeIgniter.php(368): CodeIgniter\CodeIgniter->handleRequest(null, Object(Config\Cache), false)
 7 FCPATH\index.php(67): CodeIgniter\CodeIgniter->run()
CRITICAL - 2023-06-12 11:29:50 --> The route for "/deliveryapi/create/order_id" cannot be found.
in SYSTEMPATH\HTTP\RedirectResponse.php on line 60.
 1 SYSTEMPATH\HTTP\RedirectResponse.php(60): CodeIgniter\HTTP\Exceptions\HTTPException::forInvalidRedirectRoute('/deliveryapi/create/order_id')
 2 SYSTEMPATH\Common.php(880): CodeIgniter\HTTP\RedirectResponse->route(false)
 3 APPPATH\Controllers\Deliveryapi.php(56): redirect('/deliveryapi/create/order_id', [...])
 4 SYSTEMPATH\CodeIgniter.php(934): App\Controllers\Deliveryapi->create()
 5 SYSTEMPATH\CodeIgniter.php(499): CodeIgniter\CodeIgniter->runController(Object(App\Controllers\Deliveryapi))
 6 SYSTEMPATH\CodeIgniter.php(368): CodeIgniter\CodeIgniter->handleRequest(null, Object(Config\Cache), false)
 7 FCPATH\index.php(67): CodeIgniter\CodeIgniter->run()
CRITICAL - 2023-06-12 11:30:27 --> The route for "/deliveryapi/create/2" cannot be found.
in SYSTEMPATH\HTTP\RedirectResponse.php on line 60.
 1 SYSTEMPATH\HTTP\RedirectResponse.php(60): CodeIgniter\HTTP\Exceptions\HTTPException::forInvalidRedirectRoute('/deliveryapi/create/2')
 2 SYSTEMPATH\Common.php(880): CodeIgniter\HTTP\RedirectResponse->route(false)
 3 APPPATH\Controllers\Deliveryapi.php(56): redirect('/deliveryapi/create/2', [...])
 4 SYSTEMPATH\CodeIgniter.php(934): App\Controllers\Deliveryapi->create()
 5 SYSTEMPATH\CodeIgniter.php(499): CodeIgniter\CodeIgniter->runController(Object(App\Controllers\Deliveryapi))
 6 SYSTEMPATH\CodeIgniter.php(368): CodeIgniter\CodeIgniter->handleRequest(null, Object(Config\Cache), false)
 7 FCPATH\index.php(67): CodeIgniter\CodeIgniter->run()
CRITICAL - 2023-06-12 11:31:16 --> The route for "/log_a_sale/2" cannot be found.
in SYSTEMPATH\HTTP\RedirectResponse.php on line 60.
 1 SYSTEMPATH\HTTP\RedirectResponse.php(60): CodeIgniter\HTTP\Exceptions\HTTPException::forInvalidRedirectRoute('/log_a_sale/2')
 2 SYSTEMPATH\Common.php(880): CodeIgniter\HTTP\RedirectResponse->route(false)
 3 APPPATH\Controllers\Deliveryapi.php(56): redirect('/log_a_sale/2', [...])
 4 SYSTEMPATH\CodeIgniter.php(934): App\Controllers\Deliveryapi->create()
 5 SYSTEMPATH\CodeIgniter.php(499): CodeIgniter\CodeIgniter->runController(Object(App\Controllers\Deliveryapi))
 6 SYSTEMPATH\CodeIgniter.php(368): CodeIgniter\CodeIgniter->handleRequest(null, Object(Config\Cache), false)
 7 FCPATH\index.php(67): CodeIgniter\CodeIgniter->run()
CRITICAL - 2023-06-12 11:37:43 --> Argument 2 passed to CodeIgniter\HTTP\RedirectResponse::to() must be of the type int or null, array given, called in C:\xampp\htdocs\eventry\app\Controllers\Deliveryapi.php on line 56
in SYSTEMPATH\HTTP\RedirectResponse.php on line 32.
 1 APPPATH\Controllers\Deliveryapi.php(56): CodeIgniter\HTTP\RedirectResponse->to('/log_a_sale/2', [...])
 2 SYSTEMPATH\CodeIgniter.php(934): App\Controllers\Deliveryapi->create()
 3 SYSTEMPATH\CodeIgniter.php(499): CodeIgniter\CodeIgniter->runController(Object(App\Controllers\Deliveryapi))
 4 SYSTEMPATH\CodeIgniter.php(368): CodeIgniter\CodeIgniter->handleRequest(null, Object(Config\Cache), false)
 5 FCPATH\index.php(67): CodeIgniter\CodeIgniter->run()
INFO - 2023-06-12 11:38:36 --> Session: Class initialized using 'CodeIgniter\Session\Handlers\FileHandler' driver.
INFO - 2023-06-12 11:46:52 --> Session: Class initialized using 'CodeIgniter\Session\Handlers\FileHandler' driver.
CRITICAL - 2023-06-12 12:15:23 --> syntax error, unexpected '?'
in APPPATH\Views\dashboard\layout.php on line 157.
 1 SYSTEMPATH\View\View.php(216): CodeIgniter\View\View->CodeIgniter\View\{closure}()
 2 SYSTEMPATH\View\View.php(229): CodeIgniter\View\View->render('dashboard/layout', [], true)
 3 SYSTEMPATH\Common.php(1184): CodeIgniter\View\View->render('dashboard/manage-orders', [], true)
 4 APPPATH\Controllers\Admin.php(35): view('dashboard/manage-orders', [...])
 5 SYSTEMPATH\CodeIgniter.php(934): App\Controllers\Admin->manage_orders()
 6 SYSTEMPATH\CodeIgniter.php(499): CodeIgniter\CodeIgniter->runController(Object(App\Controllers\Admin))
 7 SYSTEMPATH\CodeIgniter.php(368): CodeIgniter\CodeIgniter->handleRequest(null, Object(Config\Cache), false)
 8 FCPATH\index.php(67): CodeIgniter\CodeIgniter->run()
INFO - 2023-06-12 12:17:31 --> Session: Class initialized using 'CodeIgniter\Session\Handlers\FileHandler' driver.
INFO - 2023-06-12 12:25:00 --> Session: Class initialized using 'CodeIgniter\Session\Handlers\FileHandler' driver.
CRITICAL - 2023-06-12 12:40:57 --> syntax error, unexpected 'endif' (T_ENDIF), expecting end of file
in APPPATH\Views\dashboard\manage-delivery.php on line 27.
 1 SYSTEMPATH\View\View.php(216): CodeIgniter\View\View->CodeIgniter\View\{closure}()
 2 SYSTEMPATH\Common.php(1184): CodeIgniter\View\View->render('dashboard/manage-delivery', [], true)
 3 APPPATH\Controllers\Admin.php(49): view('dashboard/manage-delivery', [...])
 4 SYSTEMPATH\CodeIgniter.php(934): App\Controllers\Admin->manage_delivery()
 5 SYSTEMPATH\CodeIgniter.php(499): CodeIgniter\CodeIgniter->runController(Object(App\Controllers\Admin))
 6 SYSTEMPATH\CodeIgniter.php(368): CodeIgniter\CodeIgniter->handleRequest(null, Object(Config\Cache), false)
 7 FCPATH\index.php(67): CodeIgniter\CodeIgniter->run()
CRITICAL - 2023-06-12 12:41:17 --> syntax error, unexpected 'endif' (T_ENDIF), expecting end of file
in APPPATH\Views\dashboard\manage-delivery.php on line 27.
 1 SYSTEMPATH\View\View.php(216): CodeIgniter\View\View->CodeIgniter\View\{closure}()
 2 SYSTEMPATH\Common.php(1184): CodeIgniter\View\View->render('dashboard/manage-delivery', [], true)
 3 APPPATH\Controllers\Admin.php(49): view('dashboard/manage-delivery', [...])
 4 SYSTEMPATH\CodeIgniter.php(934): App\Controllers\Admin->manage_delivery()
 5 SYSTEMPATH\CodeIgniter.php(499): CodeIgniter\CodeIgniter->runController(Object(App\Controllers\Admin))
 6 SYSTEMPATH\CodeIgniter.php(368): CodeIgniter\CodeIgniter->handleRequest(null, Object(Config\Cache), false)
 7 FCPATH\index.php(67): CodeIgniter\CodeIgniter->run()
CRITICAL - 2023-06-12 12:44:12 --> syntax error, unexpected 'endif' (T_ENDIF), expecting end of file
in APPPATH\Views\dashboard\manage-delivery.php on line 27.
 1 SYSTEMPATH\View\View.php(216): CodeIgniter\View\View->CodeIgniter\View\{closure}()
 2 SYSTEMPATH\Common.php(1184): CodeIgniter\View\View->render('dashboard/manage-delivery', [], true)
 3 APPPATH\Controllers\Admin.php(49): view('dashboard/manage-delivery', [...])
 4 SYSTEMPATH\CodeIgniter.php(934): App\Controllers\Admin->manage_delivery()
 5 SYSTEMPATH\CodeIgniter.php(499): CodeIgniter\CodeIgniter->runController(Object(App\Controllers\Admin))
 6 SYSTEMPATH\CodeIgniter.php(368): CodeIgniter\CodeIgniter->handleRequest(null, Object(Config\Cache), false)
 7 FCPATH\index.php(67): CodeIgniter\CodeIgniter->run()
CRITICAL - 2023-06-12 12:48:10 --> syntax error, unexpected 'endif' (T_ENDIF), expecting end of file
in APPPATH\Views\dashboard\manage-delivery.php on line 30.
 1 SYSTEMPATH\View\View.php(216): CodeIgniter\View\View->CodeIgniter\View\{closure}()
 2 SYSTEMPATH\Common.php(1184): CodeIgniter\View\View->render('dashboard/manage-delivery', [], true)
 3 APPPATH\Controllers\Admin.php(49): view('dashboard/manage-delivery', [...])
 4 SYSTEMPATH\CodeIgniter.php(934): App\Controllers\Admin->manage_delivery()
 5 SYSTEMPATH\CodeIgniter.php(499): CodeIgniter\CodeIgniter->runController(Object(App\Controllers\Admin))
 6 SYSTEMPATH\CodeIgniter.php(368): CodeIgniter\CodeIgniter->handleRequest(null, Object(Config\Cache), false)
 7 FCPATH\index.php(67): CodeIgniter\CodeIgniter->run()
CRITICAL - 2023-06-12 12:49:25 --> Cannot use object of type stdClass as array
in APPPATH\Views\dashboard\manage-delivery.php on line 26.
 1 SYSTEMPATH\View\View.php(213): include()
 2 SYSTEMPATH\View\View.php(216): CodeIgniter\View\View->CodeIgniter\View\{closure}()
 3 SYSTEMPATH\Common.php(1184): CodeIgniter\View\View->render('dashboard/manage-delivery', [], true)
 4 APPPATH\Controllers\Admin.php(49): view('dashboard/manage-delivery', [...])
 5 SYSTEMPATH\CodeIgniter.php(934): App\Controllers\Admin->manage_delivery()
 6 SYSTEMPATH\CodeIgniter.php(499): CodeIgniter\CodeIgniter->runController(Object(App\Controllers\Admin))
 7 SYSTEMPATH\CodeIgniter.php(368): CodeIgniter\CodeIgniter->handleRequest(null, Object(Config\Cache), false)
 8 FCPATH\index.php(67): CodeIgniter\CodeIgniter->run()
CRITICAL - 2023-06-12 12:50:45 --> Undefined index: customerName
in APPPATH\Views\dashboard\manage-delivery.php on line 26.
 1 APPPATH\Views\dashboard\manage-delivery.php(26): CodeIgniter\Debug\Exceptions->errorHandler(8, 'Undefined index: customerName', 'C:\\xampp\\htdocs\\eventry\\app\\Views\\dashboard\\manage-delivery.php', 26, [...])
 2 SYSTEMPATH\View\View.php(213): include('C:\\xampp\\htdocs\\eventry\\app\\Views\\dashboard\\manage-delivery.php')
 3 SYSTEMPATH\View\View.php(216): CodeIgniter\View\View->CodeIgniter\View\{closure}()
 4 SYSTEMPATH\Common.php(1184): CodeIgniter\View\View->render('dashboard/manage-delivery', [], true)
 5 APPPATH\Controllers\Admin.php(49): view('dashboard/manage-delivery', [...])
 6 SYSTEMPATH\CodeIgniter.php(934): App\Controllers\Admin->manage_delivery()
 7 SYSTEMPATH\CodeIgniter.php(499): CodeIgniter\CodeIgniter->runController(Object(App\Controllers\Admin))
 8 SYSTEMPATH\CodeIgniter.php(368): CodeIgniter\CodeIgniter->handleRequest(null, Object(Config\Cache), false)
 9 FCPATH\index.php(67): CodeIgniter\CodeIgniter->run()
CRITICAL - 2023-06-12 12:51:17 --> Undefined index: customerName
in APPPATH\Views\dashboard\manage-delivery.php on line 26.
 1 APPPATH\Views\dashboard\manage-delivery.php(26): CodeIgniter\Debug\Exceptions->errorHandler(8, 'Undefined index: customerName', 'C:\\xampp\\htdocs\\eventry\\app\\Views\\dashboard\\manage-delivery.php', 26, [...])
 2 SYSTEMPATH\View\View.php(213): include('C:\\xampp\\htdocs\\eventry\\app\\Views\\dashboard\\manage-delivery.php')
 3 SYSTEMPATH\View\View.php(216): CodeIgniter\View\View->CodeIgniter\View\{closure}()
 4 SYSTEMPATH\Common.php(1184): CodeIgniter\View\View->render('dashboard/manage-delivery', [], true)
 5 APPPATH\Controllers\Admin.php(49): view('dashboard/manage-delivery', [...])
 6 SYSTEMPATH\CodeIgniter.php(934): App\Controllers\Admin->manage_delivery()
 7 SYSTEMPATH\CodeIgniter.php(499): CodeIgniter\CodeIgniter->runController(Object(App\Controllers\Admin))
 8 SYSTEMPATH\CodeIgniter.php(368): CodeIgniter\CodeIgniter->handleRequest(null, Object(Config\Cache), false)
 9 FCPATH\index.php(67): CodeIgniter\CodeIgniter->run()
CRITICAL - 2023-06-12 12:52:18 --> Trying to get property 'customerName' of non-object
in APPPATH\Views\dashboard\manage-delivery.php on line 26.
 1 APPPATH\Views\dashboard\manage-delivery.php(26): CodeIgniter\Debug\Exceptions->errorHandler(8, 'Trying to get property \'customerName\' of non-object', 'C:\\xampp\\htdocs\\eventry\\app\\Views\\dashboard\\manage-delivery.php', 26, [...])
 2 SYSTEMPATH\View\View.php(213): include('C:\\xampp\\htdocs\\eventry\\app\\Views\\dashboard\\manage-delivery.php')
 3 SYSTEMPATH\View\View.php(216): CodeIgniter\View\View->CodeIgniter\View\{closure}()
 4 SYSTEMPATH\Common.php(1184): CodeIgniter\View\View->render('dashboard/manage-delivery', [], true)
 5 APPPATH\Controllers\Admin.php(49): view('dashboard/manage-delivery', [...])
 6 SYSTEMPATH\CodeIgniter.php(934): App\Controllers\Admin->manage_delivery()
 7 SYSTEMPATH\CodeIgniter.php(499): CodeIgniter\CodeIgniter->runController(Object(App\Controllers\Admin))
 8 SYSTEMPATH\CodeIgniter.php(368): CodeIgniter\CodeIgniter->handleRequest(null, Object(Config\Cache), false)
 9 FCPATH\index.php(67): CodeIgniter\CodeIgniter->run()
CRITICAL - 2023-06-12 12:53:04 --> Undefined index: deliveryAgntId
in APPPATH\Views\dashboard\manage-delivery.php on line 26.
 1 APPPATH\Views\dashboard\manage-delivery.php(26): CodeIgniter\Debug\Exceptions->errorHandler(8, 'Undefined index: deliveryAgntId', 'C:\\xampp\\htdocs\\eventry\\app\\Views\\dashboard\\manage-delivery.php', 26, [...])
 2 SYSTEMPATH\View\View.php(213): include('C:\\xampp\\htdocs\\eventry\\app\\Views\\dashboard\\manage-delivery.php')
 3 SYSTEMPATH\View\View.php(216): CodeIgniter\View\View->CodeIgniter\View\{closure}()
 4 SYSTEMPATH\Common.php(1184): CodeIgniter\View\View->render('dashboard/manage-delivery', [], true)
 5 APPPATH\Controllers\Admin.php(49): view('dashboard/manage-delivery', [...])
 6 SYSTEMPATH\CodeIgniter.php(934): App\Controllers\Admin->manage_delivery()
 7 SYSTEMPATH\CodeIgniter.php(499): CodeIgniter\CodeIgniter->runController(Object(App\Controllers\Admin))
 8 SYSTEMPATH\CodeIgniter.php(368): CodeIgniter\CodeIgniter->handleRequest(null, Object(Config\Cache), false)
 9 FCPATH\index.php(67): CodeIgniter\CodeIgniter->run()
CRITICAL - 2023-06-12 12:53:44 --> Cannot use object of type stdClass as array
in APPPATH\Views\dashboard\manage-delivery.php on line 26.
 1 SYSTEMPATH\View\View.php(213): include()
 2 SYSTEMPATH\View\View.php(216): CodeIgniter\View\View->CodeIgniter\View\{closure}()
 3 SYSTEMPATH\Common.php(1184): CodeIgniter\View\View->render('dashboard/manage-delivery', [], true)
 4 APPPATH\Controllers\Admin.php(49): view('dashboard/manage-delivery', [...])
 5 SYSTEMPATH\CodeIgniter.php(934): App\Controllers\Admin->manage_delivery()
 6 SYSTEMPATH\CodeIgniter.php(499): CodeIgniter\CodeIgniter->runController(Object(App\Controllers\Admin))
 7 SYSTEMPATH\CodeIgniter.php(368): CodeIgniter\CodeIgniter->handleRequest(null, Object(Config\Cache), false)
 8 FCPATH\index.php(67): CodeIgniter\CodeIgniter->run()
CRITICAL - 2023-06-12 12:56:27 --> Undefined property: stdClass::$productName
in APPPATH\Views\dashboard\manage-delivery.php on line 27.
 1 APPPATH\Views\dashboard\manage-delivery.php(27): CodeIgniter\Debug\Exceptions->errorHandler(8, 'Undefined property: stdClass::$productName', 'C:\\xampp\\htdocs\\eventry\\app\\Views\\dashboard\\manage-delivery.php', 27, [...])
 2 SYSTEMPATH\View\View.php(213): include('C:\\xampp\\htdocs\\eventry\\app\\Views\\dashboard\\manage-delivery.php')
 3 SYSTEMPATH\View\View.php(216): CodeIgniter\View\View->CodeIgniter\View\{closure}()
 4 SYSTEMPATH\Common.php(1184): CodeIgniter\View\View->render('dashboard/manage-delivery', [], true)
 5 APPPATH\Controllers\Admin.php(49): view('dashboard/manage-delivery', [...])
 6 SYSTEMPATH\CodeIgniter.php(934): App\Controllers\Admin->manage_delivery()
 7 SYSTEMPATH\CodeIgniter.php(499): CodeIgniter\CodeIgniter->runController(Object(App\Controllers\Admin))
 8 SYSTEMPATH\CodeIgniter.php(368): CodeIgniter\CodeIgniter->handleRequest(null, Object(Config\Cache), false)
 9 FCPATH\index.php(67): CodeIgniter\CodeIgniter->run()
CRITICAL - 2023-06-12 13:09:11 --> Undefined property: stdClass::$productName
in APPPATH\Views\dashboard\manage-delivery.php on line 27.
 1 APPPATH\Views\dashboard\manage-delivery.php(27): CodeIgniter\Debug\Exceptions->errorHandler(8, 'Undefined property: stdClass::$productName', 'C:\\xampp\\htdocs\\eventry\\app\\Views\\dashboard\\manage-delivery.php', 27, [...])
 2 SYSTEMPATH\View\View.php(213): include('C:\\xampp\\htdocs\\eventry\\app\\Views\\dashboard\\manage-delivery.php')
 3 SYSTEMPATH\View\View.php(216): CodeIgniter\View\View->CodeIgniter\View\{closure}()
 4 SYSTEMPATH\Common.php(1184): CodeIgniter\View\View->render('dashboard/manage-delivery', [], true)
 5 APPPATH\Controllers\Admin.php(49): view('dashboard/manage-delivery', [...])
 6 SYSTEMPATH\CodeIgniter.php(934): App\Controllers\Admin->manage_delivery()
 7 SYSTEMPATH\CodeIgniter.php(499): CodeIgniter\CodeIgniter->runController(Object(App\Controllers\Admin))
 8 SYSTEMPATH\CodeIgniter.php(368): CodeIgniter\CodeIgniter->handleRequest(null, Object(Config\Cache), false)
 9 FCPATH\index.php(67): CodeIgniter\CodeIgniter->run()
CRITICAL - 2023-06-12 13:12:26 --> Cannot use object of type stdClass as array
in APPPATH\Views\dashboard\manage-delivery.php on line 26.
 1 SYSTEMPATH\View\View.php(213): include()
 2 SYSTEMPATH\View\View.php(216): CodeIgniter\View\View->CodeIgniter\View\{closure}()
 3 SYSTEMPATH\Common.php(1184): CodeIgniter\View\View->render('dashboard/manage-delivery', [], true)
 4 APPPATH\Controllers\Admin.php(49): view('dashboard/manage-delivery', [...])
 5 SYSTEMPATH\CodeIgniter.php(934): App\Controllers\Admin->manage_delivery()
 6 SYSTEMPATH\CodeIgniter.php(499): CodeIgniter\CodeIgniter->runController(Object(App\Controllers\Admin))
 7 SYSTEMPATH\CodeIgniter.php(368): CodeIgniter\CodeIgniter->handleRequest(null, Object(Config\Cache), false)
 8 FCPATH\index.php(67): CodeIgniter\CodeIgniter->run()
CRITICAL - 2023-06-12 13:25:31 --> Cannot use object of type stdClass as array
in APPPATH\Views\dashboard\manage-delivery.php on line 27.
 1 SYSTEMPATH\View\View.php(213): include()
 2 SYSTEMPATH\View\View.php(216): CodeIgniter\View\View->CodeIgniter\View\{closure}()
 3 SYSTEMPATH\Common.php(1184): CodeIgniter\View\View->render('dashboard/manage-delivery', [], true)
 4 APPPATH\Controllers\Admin.php(49): view('dashboard/manage-delivery', [...])
 5 SYSTEMPATH\CodeIgniter.php(934): App\Controllers\Admin->manage_delivery()
 6 SYSTEMPATH\CodeIgniter.php(499): CodeIgniter\CodeIgniter->runController(Object(App\Controllers\Admin))
 7 SYSTEMPATH\CodeIgniter.php(368): CodeIgniter\CodeIgniter->handleRequest(null, Object(Config\Cache), false)
 8 FCPATH\index.php(67): CodeIgniter\CodeIgniter->run()
CRITICAL - 2023-06-12 13:35:02 --> Cannot use object of type stdClass as array
in APPPATH\Views\dashboard\manage-delivery.php on line 27.
 1 SYSTEMPATH\View\View.php(213): include()
 2 SYSTEMPATH\View\View.php(216): CodeIgniter\View\View->CodeIgniter\View\{closure}()
 3 SYSTEMPATH\Common.php(1184): CodeIgniter\View\View->render('dashboard/manage-delivery', [], true)
 4 APPPATH\Controllers\Admin.php(49): view('dashboard/manage-delivery', [...])
 5 SYSTEMPATH\CodeIgniter.php(934): App\Controllers\Admin->manage_delivery()
 6 SYSTEMPATH\CodeIgniter.php(499): CodeIgniter\CodeIgniter->runController(Object(App\Controllers\Admin))
 7 SYSTEMPATH\CodeIgniter.php(368): CodeIgniter\CodeIgniter->handleRequest(null, Object(Config\Cache), false)
 8 FCPATH\index.php(67): CodeIgniter\CodeIgniter->run()
CRITICAL - 2023-06-12 13:37:29 --> Cannot use object of type stdClass as array
in APPPATH\Views\dashboard\manage-delivery.php on line 27.
 1 SYSTEMPATH\View\View.php(213): include()
 2 SYSTEMPATH\View\View.php(216): CodeIgniter\View\View->CodeIgniter\View\{closure}()
 3 SYSTEMPATH\Common.php(1184): CodeIgniter\View\View->render('dashboard/manage-delivery', [], true)
 4 APPPATH\Controllers\Admin.php(49): view('dashboard/manage-delivery', [...])
 5 SYSTEMPATH\CodeIgniter.php(934): App\Controllers\Admin->manage_delivery()
 6 SYSTEMPATH\CodeIgniter.php(499): CodeIgniter\CodeIgniter->runController(Object(App\Controllers\Admin))
 7 SYSTEMPATH\CodeIgniter.php(368): CodeIgniter\CodeIgniter->handleRequest(null, Object(Config\Cache), false)
 8 FCPATH\index.php(67): CodeIgniter\CodeIgniter->run()
CRITICAL - 2023-06-12 13:37:47 --> Undefined property: stdClass::$productName
in APPPATH\Views\dashboard\manage-delivery.php on line 28.
 1 APPPATH\Views\dashboard\manage-delivery.php(28): CodeIgniter\Debug\Exceptions->errorHandler(8, 'Undefined property: stdClass::$productName', 'C:\\xampp\\htdocs\\eventry\\app\\Views\\dashboard\\manage-delivery.php', 28, [...])
 2 SYSTEMPATH\View\View.php(213): include('C:\\xampp\\htdocs\\eventry\\app\\Views\\dashboard\\manage-delivery.php')
 3 SYSTEMPATH\View\View.php(216): CodeIgniter\View\View->CodeIgniter\View\{closure}()
 4 SYSTEMPATH\Common.php(1184): CodeIgniter\View\View->render('dashboard/manage-delivery', [], true)
 5 APPPATH\Controllers\Admin.php(49): view('dashboard/manage-delivery', [...])
 6 SYSTEMPATH\CodeIgniter.php(934): App\Controllers\Admin->manage_delivery()
 7 SYSTEMPATH\CodeIgniter.php(499): CodeIgniter\CodeIgniter->runController(Object(App\Controllers\Admin))
 8 SYSTEMPATH\CodeIgniter.php(368): CodeIgniter\CodeIgniter->handleRequest(null, Object(Config\Cache), false)
 9 FCPATH\index.php(67): CodeIgniter\CodeIgniter->run()
CRITICAL - 2023-06-12 13:38:23 --> Undefined property: stdClass::$productName
in APPPATH\Views\dashboard\manage-delivery.php on line 28.
 1 APPPATH\Views\dashboard\manage-delivery.php(28): CodeIgniter\Debug\Exceptions->errorHandler(8, 'Undefined property: stdClass::$productName', 'C:\\xampp\\htdocs\\eventry\\app\\Views\\dashboard\\manage-delivery.php', 28, [...])
 2 SYSTEMPATH\View\View.php(213): include('C:\\xampp\\htdocs\\eventry\\app\\Views\\dashboard\\manage-delivery.php')
 3 SYSTEMPATH\View\View.php(216): CodeIgniter\View\View->CodeIgniter\View\{closure}()
 4 SYSTEMPATH\Common.php(1184): CodeIgniter\View\View->render('dashboard/manage-delivery', [], true)
 5 APPPATH\Controllers\Admin.php(49): view('dashboard/manage-delivery', [...])
 6 SYSTEMPATH\CodeIgniter.php(934): App\Controllers\Admin->manage_delivery()
 7 SYSTEMPATH\CodeIgniter.php(499): CodeIgniter\CodeIgniter->runController(Object(App\Controllers\Admin))
 8 SYSTEMPATH\CodeIgniter.php(368): CodeIgniter\CodeIgniter->handleRequest(null, Object(Config\Cache), false)
 9 FCPATH\index.php(67): CodeIgniter\CodeIgniter->run()
CRITICAL - 2023-06-12 13:40:40 --> Cannot use object of type stdClass as array
in APPPATH\Views\dashboard\manage-delivery.php on line 28.
 1 SYSTEMPATH\View\View.php(213): include()
 2 SYSTEMPATH\View\View.php(216): CodeIgniter\View\View->CodeIgniter\View\{closure}()
 3 SYSTEMPATH\Common.php(1184): CodeIgniter\View\View->render('dashboard/manage-delivery', [], true)
 4 APPPATH\Controllers\Admin.php(49): view('dashboard/manage-delivery', [...])
 5 SYSTEMPATH\CodeIgniter.php(934): App\Controllers\Admin->manage_delivery()
 6 SYSTEMPATH\CodeIgniter.php(499): CodeIgniter\CodeIgniter->runController(Object(App\Controllers\Admin))
 7 SYSTEMPATH\CodeIgniter.php(368): CodeIgniter\CodeIgniter->handleRequest(null, Object(Config\Cache), false)
 8 FCPATH\index.php(67): CodeIgniter\CodeIgniter->run()
CRITICAL - 2023-06-12 13:41:11 --> Cannot use object of type stdClass as array
in APPPATH\Views\dashboard\manage-delivery.php on line 28.
 1 SYSTEMPATH\View\View.php(213): include()
 2 SYSTEMPATH\View\View.php(216): CodeIgniter\View\View->CodeIgniter\View\{closure}()
 3 SYSTEMPATH\Common.php(1184): CodeIgniter\View\View->render('dashboard/manage-delivery', [], true)
 4 APPPATH\Controllers\Admin.php(49): view('dashboard/manage-delivery', [...])
 5 SYSTEMPATH\CodeIgniter.php(934): App\Controllers\Admin->manage_delivery()
 6 SYSTEMPATH\CodeIgniter.php(499): CodeIgniter\CodeIgniter->runController(Object(App\Controllers\Admin))
 7 SYSTEMPATH\CodeIgniter.php(368): CodeIgniter\CodeIgniter->handleRequest(null, Object(Config\Cache), false)
 8 FCPATH\index.php(67): CodeIgniter\CodeIgniter->run()
CRITICAL - 2023-06-12 13:42:07 --> Array to string conversion
in APPPATH\Views\dashboard\manage-delivery.php on line 28.
 1 APPPATH\Views\dashboard\manage-delivery.php(28): CodeIgniter\Debug\Exceptions->errorHandler(8, 'Array to string conversion', 'C:\\xampp\\htdocs\\eventry\\app\\Views\\dashboard\\manage-delivery.php', 28, [...])
 2 SYSTEMPATH\View\View.php(213): include('C:\\xampp\\htdocs\\eventry\\app\\Views\\dashboard\\manage-delivery.php')
 3 SYSTEMPATH\View\View.php(216): CodeIgniter\View\View->CodeIgniter\View\{closure}()
 4 SYSTEMPATH\Common.php(1184): CodeIgniter\View\View->render('dashboard/manage-delivery', [], true)
 5 APPPATH\Controllers\Admin.php(49): view('dashboard/manage-delivery', [...])
 6 SYSTEMPATH\CodeIgniter.php(934): App\Controllers\Admin->manage_delivery()
 7 SYSTEMPATH\CodeIgniter.php(499): CodeIgniter\CodeIgniter->runController(Object(App\Controllers\Admin))
 8 SYSTEMPATH\CodeIgniter.php(368): CodeIgniter\CodeIgniter->handleRequest(null, Object(Config\Cache), false)
 9 FCPATH\index.php(67): CodeIgniter\CodeIgniter->run()
CRITICAL - 2023-06-12 13:45:05 --> Undefined property: stdClass::$amountPaid
in APPPATH\Views\dashboard\manage-delivery.php on line 30.
 1 APPPATH\Views\dashboard\manage-delivery.php(30): CodeIgniter\Debug\Exceptions->errorHandler(8, 'Undefined property: stdClass::$amountPaid', 'C:\\xampp\\htdocs\\eventry\\app\\Views\\dashboard\\manage-delivery.php', 30, [...])
 2 SYSTEMPATH\View\View.php(213): include('C:\\xampp\\htdocs\\eventry\\app\\Views\\dashboard\\manage-delivery.php')
 3 SYSTEMPATH\View\View.php(216): CodeIgniter\View\View->CodeIgniter\View\{closure}()
 4 SYSTEMPATH\Common.php(1184): CodeIgniter\View\View->render('dashboard/manage-delivery', [], true)
 5 APPPATH\Controllers\Admin.php(49): view('dashboard/manage-delivery', [...])
 6 SYSTEMPATH\CodeIgniter.php(934): App\Controllers\Admin->manage_delivery()
 7 SYSTEMPATH\CodeIgniter.php(499): CodeIgniter\CodeIgniter->runController(Object(App\Controllers\Admin))
 8 SYSTEMPATH\CodeIgniter.php(368): CodeIgniter\CodeIgniter->handleRequest(null, Object(Config\Cache), false)
 9 FCPATH\index.php(67): CodeIgniter\CodeIgniter->run()
CRITICAL - 2023-06-12 13:45:30 --> Undefined property: stdClass::$amountPaid
in APPPATH\Views\dashboard\manage-delivery.php on line 30.
 1 APPPATH\Views\dashboard\manage-delivery.php(30): CodeIgniter\Debug\Exceptions->errorHandler(8, 'Undefined property: stdClass::$amountPaid', 'C:\\xampp\\htdocs\\eventry\\app\\Views\\dashboard\\manage-delivery.php', 30, [...])
 2 SYSTEMPATH\View\View.php(213): include('C:\\xampp\\htdocs\\eventry\\app\\Views\\dashboard\\manage-delivery.php')
 3 SYSTEMPATH\View\View.php(216): CodeIgniter\View\View->CodeIgniter\View\{closure}()
 4 SYSTEMPATH\Common.php(1184): CodeIgniter\View\View->render('dashboard/manage-delivery', [], true)
 5 APPPATH\Controllers\Admin.php(49): view('dashboard/manage-delivery', [...])
 6 SYSTEMPATH\CodeIgniter.php(934): App\Controllers\Admin->manage_delivery()
 7 SYSTEMPATH\CodeIgniter.php(499): CodeIgniter\CodeIgniter->runController(Object(App\Controllers\Admin))
 8 SYSTEMPATH\CodeIgniter.php(368): CodeIgniter\CodeIgniter->handleRequest(null, Object(Config\Cache), false)
 9 FCPATH\index.php(67): CodeIgniter\CodeIgniter->run()
CRITICAL - 2023-06-12 13:46:23 --> Undefined property: stdClass::$amountPaid
in APPPATH\Views\dashboard\manage-delivery.php on line 30.
 1 APPPATH\Views\dashboard\manage-delivery.php(30): CodeIgniter\Debug\Exceptions->errorHandler(8, 'Undefined property: stdClass::$amountPaid', 'C:\\xampp\\htdocs\\eventry\\app\\Views\\dashboard\\manage-delivery.php', 30, [...])
 2 SYSTEMPATH\View\View.php(213): include('C:\\xampp\\htdocs\\eventry\\app\\Views\\dashboard\\manage-delivery.php')
 3 SYSTEMPATH\View\View.php(216): CodeIgniter\View\View->CodeIgniter\View\{closure}()
 4 SYSTEMPATH\Common.php(1184): CodeIgniter\View\View->render('dashboard/manage-delivery', [], true)
 5 APPPATH\Controllers\Admin.php(49): view('dashboard/manage-delivery', [...])
 6 SYSTEMPATH\CodeIgniter.php(934): App\Controllers\Admin->manage_delivery()
 7 SYSTEMPATH\CodeIgniter.php(499): CodeIgniter\CodeIgniter->runController(Object(App\Controllers\Admin))
 8 SYSTEMPATH\CodeIgniter.php(368): CodeIgniter\CodeIgniter->handleRequest(null, Object(Config\Cache), false)
 9 FCPATH\index.php(67): CodeIgniter\CodeIgniter->run()
INFO - 2023-06-12 13:54:07 --> Session: Class initialized using 'CodeIgniter\Session\Handlers\FileHandler' driver.
CRITICAL - 2023-06-12 14:17:33 --> Undefined offset: 0
in APPPATH\Views\dashboard\log_sale.php on line 20.
 1 APPPATH\Views\dashboard\log_sale.php(20): CodeIgniter\Debug\Exceptions->errorHandler(8, 'Undefined offset: 0', 'C:\\xampp\\htdocs\\eventry\\app\\Views\\dashboard\\log_sale.php', 20, [...])
 2 SYSTEMPATH\View\View.php(213): include('C:\\xampp\\htdocs\\eventry\\app\\Views\\dashboard\\log_sale.php')
 3 SYSTEMPATH\View\View.php(216): CodeIgniter\View\View->CodeIgniter\View\{closure}()
 4 SYSTEMPATH\Common.php(1184): CodeIgniter\View\View->render('dashboard/log_sale', [], true)
 5 APPPATH\Controllers\Admin.php(65): view('dashboard/log_sale', [...])
 6 SYSTEMPATH\CodeIgniter.php(934): App\Controllers\Admin->log_sale('3')
 7 SYSTEMPATH\CodeIgniter.php(499): CodeIgniter\CodeIgniter->runController(Object(App\Controllers\Admin))
 8 SYSTEMPATH\CodeIgniter.php(368): CodeIgniter\CodeIgniter->handleRequest(null, Object(Config\Cache), false)
 9 FCPATH\index.php(67): CodeIgniter\CodeIgniter->run()
INFO - 2023-06-12 14:18:14 --> Session: Class initialized using 'CodeIgniter\Session\Handlers\FileHandler' driver.
INFO - 2023-06-12 14:18:51 --> Session: Class initialized using 'CodeIgniter\Session\Handlers\FileHandler' driver.
INFO - 2023-06-12 14:28:05 --> Session: Class initialized using 'CodeIgniter\Session\Handlers\FileHandler' driver.
ERROR - 2023-06-12 14:34:42 --> mysqli_sql_exception: Unknown column 'order_log.rfc' in 'on clause' in C:\xampp\htdocs\eventry\system\Database\MySQLi\Connection.php:295
Stack trace:
#0 C:\xampp\htdocs\eventry\system\Database\MySQLi\Connection.php(295): mysqli->query('SELECT *\nFROM `...', 0)
#1 C:\xampp\htdocs\eventry\system\Database\BaseConnection.php(692): CodeIgniter\Database\MySQLi\Connection->execute('SELECT *\nFROM `...')
#2 C:\xampp\htdocs\eventry\system\Database\BaseConnection.php(606): CodeIgniter\Database\BaseConnection->simpleQuery('SELECT *\nFROM `...')
#3 C:\xampp\htdocs\eventry\system\Database\BaseBuilder.php(1616): CodeIgniter\Database\BaseConnection->query('SELECT *\nFROM `...', Array, false)
#4 C:\xampp\htdocs\eventry\app\Models\TablesModel.php(43): CodeIgniter\Database\BaseBuilder->get()
#5 C:\xampp\htdocs\eventry\app\Controllers\Admin.php(43): App\Models\TablesModel->get_all_deliveries()
#6 C:\xampp\htdocs\eventry\system\CodeIgniter.php(934): App\Controllers\Admin->manage_delivery()
#7 C:\xampp\htdocs\eventry\system\CodeIgniter.php(499): CodeIgniter\CodeIgniter->runController(Object(App\Controllers\Admin))
#8 C:\xampp\htdocs\eventry\system\CodeIgniter.php(368): CodeIgniter\CodeIgniter->handleRequest(NULL, Object(Config\Cache), false)
#9 C:\xampp\htdocs\eventry\public\index.php(67): CodeIgniter\CodeIgniter->run()
#10 {main}
CRITICAL - 2023-06-12 14:34:42 --> Unknown column 'order_log.rfc' in 'on clause'
in SYSTEMPATH\Database\MySQLi\Connection.php on line 295.
 1 SYSTEMPATH\Database\MySQLi\Connection.php(295): mysqli->query('SELECT *
FROM `deliveries`
JOIN `users` ON `order_log`.`rfc` = `users`.`rfc`
JOIN `order_log` ON `deliveries`.`order_id` = `order_log`.`id`', 0)
 2 SYSTEMPATH\Database\BaseConnection.php(692): CodeIgniter\Database\MySQLi\Connection->execute('SELECT *
FROM `deliveries`
JOIN `users` ON `order_log`.`rfc` = `users`.`rfc`
JOIN `order_log` ON `deliveries`.`order_id` = `order_log`.`id`')
 3 SYSTEMPATH\Database\BaseConnection.php(606): CodeIgniter\Database\BaseConnection->simpleQuery('SELECT *
FROM `deliveries`
JOIN `users` ON `order_log`.`rfc` = `users`.`rfc`
JOIN `order_log` ON `deliveries`.`order_id` = `order_log`.`id`')
 4 SYSTEMPATH\Database\BaseBuilder.php(1616): CodeIgniter\Database\BaseConnection->query('SELECT *
FROM `deliveries`
JOIN `users` ON `order_log`.`rfc` = `users`.`rfc`
JOIN `order_log` ON `deliveries`.`order_id` = `order_log`.`id`', [], false)
 5 APPPATH\Models\TablesModel.php(43): CodeIgniter\Database\BaseBuilder->get()
 6 APPPATH\Controllers\Admin.php(43): App\Models\TablesModel->get_all_deliveries()
 7 SYSTEMPATH\CodeIgniter.php(934): App\Controllers\Admin->manage_delivery()
 8 SYSTEMPATH\CodeIgniter.php(499): CodeIgniter\CodeIgniter->runController(Object(App\Controllers\Admin))
 9 SYSTEMPATH\CodeIgniter.php(368): CodeIgniter\CodeIgniter->handleRequest(null, Object(Config\Cache), false)
10 FCPATH\index.php(67): CodeIgniter\CodeIgniter->run()
ERROR - 2023-06-12 14:37:37 --> mysqli_sql_exception: Unknown column 'order_log.rfc' in 'on clause' in C:\xampp\htdocs\eventry\system\Database\MySQLi\Connection.php:295
Stack trace:
#0 C:\xampp\htdocs\eventry\system\Database\MySQLi\Connection.php(295): mysqli->query('SELECT *\nFROM `...', 0)
#1 C:\xampp\htdocs\eventry\system\Database\BaseConnection.php(692): CodeIgniter\Database\MySQLi\Connection->execute('SELECT *\nFROM `...')
#2 C:\xampp\htdocs\eventry\system\Database\BaseConnection.php(606): CodeIgniter\Database\BaseConnection->simpleQuery('SELECT *\nFROM `...')
#3 C:\xampp\htdocs\eventry\system\Database\BaseBuilder.php(1616): CodeIgniter\Database\BaseConnection->query('SELECT *\nFROM `...', Array, false)
#4 C:\xampp\htdocs\eventry\app\Models\TablesModel.php(43): CodeIgniter\Database\BaseBuilder->get()
#5 C:\xampp\htdocs\eventry\app\Controllers\Admin.php(43): App\Models\TablesModel->get_all_deliveries()
#6 C:\xampp\htdocs\eventry\system\CodeIgniter.php(934): App\Controllers\Admin->manage_delivery()
#7 C:\xampp\htdocs\eventry\system\CodeIgniter.php(499): CodeIgniter\CodeIgniter->runController(Object(App\Controllers\Admin))
#8 C:\xampp\htdocs\eventry\system\CodeIgniter.php(368): CodeIgniter\CodeIgniter->handleRequest(NULL, Object(Config\Cache), false)
#9 C:\xampp\htdocs\eventry\public\index.php(67): CodeIgniter\CodeIgniter->run()
#10 {main}
CRITICAL - 2023-06-12 14:37:37 --> Unknown column 'order_log.rfc' in 'on clause'
in SYSTEMPATH\Database\MySQLi\Connection.php on line 295.
 1 SYSTEMPATH\Database\MySQLi\Connection.php(295): mysqli->query('SELECT *
FROM `deliveries`
JOIN `users` ON `order_log`.`rfc` = `users`.`rfc`
JOIN `order_log` ON `deliveries`.`order_id` = `order_log`.`id`', 0)
 2 SYSTEMPATH\Database\BaseConnection.php(692): CodeIgniter\Database\MySQLi\Connection->execute('SELECT *
FROM `deliveries`
JOIN `users` ON `order_log`.`rfc` = `users`.`rfc`
JOIN `order_log` ON `deliveries`.`order_id` = `order_log`.`id`')
 3 SYSTEMPATH\Database\BaseConnection.php(606): CodeIgniter\Database\BaseConnection->simpleQuery('SELECT *
FROM `deliveries`
JOIN `users` ON `order_log`.`rfc` = `users`.`rfc`
JOIN `order_log` ON `deliveries`.`order_id` = `order_log`.`id`')
 4 SYSTEMPATH\Database\BaseBuilder.php(1616): CodeIgniter\Database\BaseConnection->query('SELECT *
FROM `deliveries`
JOIN `users` ON `order_log`.`rfc` = `users`.`rfc`
JOIN `order_log` ON `deliveries`.`order_id` = `order_log`.`id`', [], false)
 5 APPPATH\Models\TablesModel.php(43): CodeIgniter\Database\BaseBuilder->get()
 6 APPPATH\Controllers\Admin.php(43): App\Models\TablesModel->get_all_deliveries()
 7 SYSTEMPATH\CodeIgniter.php(934): App\Controllers\Admin->manage_delivery()
 8 SYSTEMPATH\CodeIgniter.php(499): CodeIgniter\CodeIgniter->runController(Object(App\Controllers\Admin))
 9 SYSTEMPATH\CodeIgniter.php(368): CodeIgniter\CodeIgniter->handleRequest(null, Object(Config\Cache), false)
10 FCPATH\index.php(67): CodeIgniter\CodeIgniter->run()
ERROR - 2023-06-12 14:42:32 --> mysqli_sql_exception: Not unique table/alias: 'order_log' in C:\xampp\htdocs\eventry\system\Database\MySQLi\Connection.php:295
Stack trace:
#0 C:\xampp\htdocs\eventry\system\Database\MySQLi\Connection.php(295): mysqli->query('SELECT *\nFROM `...', 0)
#1 C:\xampp\htdocs\eventry\system\Database\BaseConnection.php(692): CodeIgniter\Database\MySQLi\Connection->execute('SELECT *\nFROM `...')
#2 C:\xampp\htdocs\eventry\system\Database\BaseConnection.php(606): CodeIgniter\Database\BaseConnection->simpleQuery('SELECT *\nFROM `...')
#3 C:\xampp\htdocs\eventry\system\Database\BaseBuilder.php(1616): CodeIgniter\Database\BaseConnection->query('SELECT *\nFROM `...', Array, false)
#4 C:\xampp\htdocs\eventry\app\Models\TablesModel.php(43): CodeIgniter\Database\BaseBuilder->get()
#5 C:\xampp\htdocs\eventry\app\Controllers\Admin.php(43): App\Models\TablesModel->get_all_deliveries()
#6 C:\xampp\htdocs\eventry\system\CodeIgniter.php(934): App\Controllers\Admin->manage_delivery()
#7 C:\xampp\htdocs\eventry\system\CodeIgniter.php(499): CodeIgniter\CodeIgniter->runController(Object(App\Controllers\Admin))
#8 C:\xampp\htdocs\eventry\system\CodeIgniter.php(368): CodeIgniter\CodeIgniter->handleRequest(NULL, Object(Config\Cache), false)
#9 C:\xampp\htdocs\eventry\public\index.php(67): CodeIgniter\CodeIgniter->run()
#10 {main}
CRITICAL - 2023-06-12 14:42:32 --> Not unique table/alias: 'order_log'
in SYSTEMPATH\Database\MySQLi\Connection.php on line 295.
 1 SYSTEMPATH\Database\MySQLi\Connection.php(295): mysqli->query('SELECT *
FROM `order_log`
JOIN `order_log` ON `deliveries`.`order_id` = `order_log`.`id`
JOIN `users` ON `order_log`.`rfc` = `users`.`rfc`', 0)
 2 SYSTEMPATH\Database\BaseConnection.php(692): CodeIgniter\Database\MySQLi\Connection->execute('SELECT *
FROM `order_log`
JOIN `order_log` ON `deliveries`.`order_id` = `order_log`.`id`
JOIN `users` ON `order_log`.`rfc` = `users`.`rfc`')
 3 SYSTEMPATH\Database\BaseConnection.php(606): CodeIgniter\Database\BaseConnection->simpleQuery('SELECT *
FROM `order_log`
JOIN `order_log` ON `deliveries`.`order_id` = `order_log`.`id`
JOIN `users` ON `order_log`.`rfc` = `users`.`rfc`')
 4 SYSTEMPATH\Database\BaseBuilder.php(1616): CodeIgniter\Database\BaseConnection->query('SELECT *
FROM `order_log`
JOIN `order_log` ON `deliveries`.`order_id` = `order_log`.`id`
JOIN `users` ON `order_log`.`rfc` = `users`.`rfc`', [], false)
 5 APPPATH\Models\TablesModel.php(43): CodeIgniter\Database\BaseBuilder->get()
 6 APPPATH\Controllers\Admin.php(43): App\Models\TablesModel->get_all_deliveries()
 7 SYSTEMPATH\CodeIgniter.php(934): App\Controllers\Admin->manage_delivery()
 8 SYSTEMPATH\CodeIgniter.php(499): CodeIgniter\CodeIgniter->runController(Object(App\Controllers\Admin))
 9 SYSTEMPATH\CodeIgniter.php(368): CodeIgniter\CodeIgniter->handleRequest(null, Object(Config\Cache), false)
10 FCPATH\index.php(67): CodeIgniter\CodeIgniter->run()
ERROR - 2023-06-12 14:43:43 --> mysqli_sql_exception: Not unique table/alias: 'order_log' in C:\xampp\htdocs\eventry\system\Database\MySQLi\Connection.php:295
Stack trace:
#0 C:\xampp\htdocs\eventry\system\Database\MySQLi\Connection.php(295): mysqli->query('SELECT *\nFROM `...', 0)
#1 C:\xampp\htdocs\eventry\system\Database\BaseConnection.php(692): CodeIgniter\Database\MySQLi\Connection->execute('SELECT *\nFROM `...')
#2 C:\xampp\htdocs\eventry\system\Database\BaseConnection.php(606): CodeIgniter\Database\BaseConnection->simpleQuery('SELECT *\nFROM `...')
#3 C:\xampp\htdocs\eventry\system\Database\BaseBuilder.php(1616): CodeIgniter\Database\BaseConnection->query('SELECT *\nFROM `...', Array, false)
#4 C:\xampp\htdocs\eventry\app\Models\TablesModel.php(43): CodeIgniter\Database\BaseBuilder->get()
#5 C:\xampp\htdocs\eventry\app\Controllers\Admin.php(43): App\Models\TablesModel->get_all_deliveries()
#6 C:\xampp\htdocs\eventry\system\CodeIgniter.php(934): App\Controllers\Admin->manage_delivery()
#7 C:\xampp\htdocs\eventry\system\CodeIgniter.php(499): CodeIgniter\CodeIgniter->runController(Object(App\Controllers\Admin))
#8 C:\xampp\htdocs\eventry\system\CodeIgniter.php(368): CodeIgniter\CodeIgniter->handleRequest(NULL, Object(Config\Cache), false)
#9 C:\xampp\htdocs\eventry\public\index.php(67): CodeIgniter\CodeIgniter->run()
#10 {main}
CRITICAL - 2023-06-12 14:43:43 --> Not unique table/alias: 'order_log'
in SYSTEMPATH\Database\MySQLi\Connection.php on line 295.
 1 SYSTEMPATH\Database\MySQLi\Connection.php(295): mysqli->query('SELECT *
FROM `order_log`
JOIN `order_log` ON `deliveries`.`order_id` = `order_log`.`id`
JOIN `users` ON `order_log`.`rfc` = `users`.`rfc`', 0)
 2 SYSTEMPATH\Database\BaseConnection.php(692): CodeIgniter\Database\MySQLi\Connection->execute('SELECT *
FROM `order_log`
JOIN `order_log` ON `deliveries`.`order_id` = `order_log`.`id`
JOIN `users` ON `order_log`.`rfc` = `users`.`rfc`')
 3 SYSTEMPATH\Database\BaseConnection.php(606): CodeIgniter\Database\BaseConnection->simpleQuery('SELECT *
FROM `order_log`
JOIN `order_log` ON `deliveries`.`order_id` = `order_log`.`id`
JOIN `users` ON `order_log`.`rfc` = `users`.`rfc`')
 4 SYSTEMPATH\Database\BaseBuilder.php(1616): CodeIgniter\Database\BaseConnection->query('SELECT *
FROM `order_log`
JOIN `order_log` ON `deliveries`.`order_id` = `order_log`.`id`
JOIN `users` ON `order_log`.`rfc` = `users`.`rfc`', [], false)
 5 APPPATH\Models\TablesModel.php(43): CodeIgniter\Database\BaseBuilder->get()
 6 APPPATH\Controllers\Admin.php(43): App\Models\TablesModel->get_all_deliveries()
 7 SYSTEMPATH\CodeIgniter.php(934): App\Controllers\Admin->manage_delivery()
 8 SYSTEMPATH\CodeIgniter.php(499): CodeIgniter\CodeIgniter->runController(Object(App\Controllers\Admin))
 9 SYSTEMPATH\CodeIgniter.php(368): CodeIgniter\CodeIgniter->handleRequest(null, Object(Config\Cache), false)
10 FCPATH\index.php(67): CodeIgniter\CodeIgniter->run()
INFO - 2023-06-12 17:49:30 --> Session: Class initialized using 'CodeIgniter\Session\Handlers\FileHandler' driver.
