CRITICAL - 2023-12-20 00:29:21 --> Undefined variable: data
in APPPATH\Controllers\BlogController.php on line 16.
 1 APPPATH\Controllers\BlogController.php(16): CodeIgniter\Debug\Exceptions->errorHandler(8, 'Undefined variable: data', 'C:\\xampp\\htdocs\\mysite\\app\\Controllers\\BlogController.php', 16, [])
 2 SYSTEMPATH\CodeIgniter.php(934): App\Controllers\BlogController->index()
 3 SYSTEMPATH\CodeIgniter.php(499): CodeIgniter\CodeIgniter->runController(Object(App\Controllers\BlogController))
 4 SYSTEMPATH\CodeIgniter.php(368): CodeIgniter\CodeIgniter->handleRequest(null, Object(Config\Cache), false)
 5 FCPATH\index.php(67): CodeIgniter\CodeIgniter->run()
CRITICAL - 2023-12-20 00:39:53 --> Call to undefined function set_value()
in APPPATH\Views\dashboard\partials\forms\add_blog_post.php on line 4.
 1 APPPATH\Views\dashboard\blog.php(23): include()
 2 SYSTEMPATH\View\View.php(213): include('C:\\xampp\\htdocs\\mysite\\app\\Views\\dashboard\\blog.php')
 3 SYSTEMPATH\View\View.php(216): CodeIgniter\View\View->CodeIgniter\View\{closure}()
 4 SYSTEMPATH\Common.php(1184): CodeIgniter\View\View->render('dashboard/blog', [], true)
 5 APPPATH\Controllers\BlogController.php(16): view('dashboard/blog')
 6 SYSTEMPATH\CodeIgniter.php(934): App\Controllers\BlogController->index()
 7 SYSTEMPATH\CodeIgniter.php(499): CodeIgniter\CodeIgniter->runController(Object(App\Controllers\BlogController))
 8 SYSTEMPATH\CodeIgniter.php(368): CodeIgniter\CodeIgniter->handleRequest(null, Object(Config\Cache), false)
 9 FCPATH\index.php(67): CodeIgniter\CodeIgniter->run()
CRITICAL - 2023-12-20 12:41:19 --> syntax error, unexpected 'if' (T_IF)
in APPPATH\Controllers\BlogController.php on line 33.
 1 SYSTEMPATH\Autoloader\Autoloader.php(289): CodeIgniter\Autoloader\Autoloader->includeFile('C:\\xampp\\htdocs\\mysite\\app\\Controllers\\BlogController.php')
 2 SYSTEMPATH\Autoloader\Autoloader.php(267): CodeIgniter\Autoloader\Autoloader->loadInNamespace('App\\Controllers\\BlogController')
 3 [internal function]: CodeIgniter\Autoloader\Autoloader->loadClass('App\\Controllers\\BlogController')
 4 [internal function]: spl_autoload_call('App\\Controllers\\BlogController')
 5 SYSTEMPATH\CodeIgniter.php(892): class_exists('\\App\\Controllers\\BlogController', true)
 6 SYSTEMPATH\CodeIgniter.php(486): CodeIgniter\CodeIgniter->startController()
 7 SYSTEMPATH\CodeIgniter.php(368): CodeIgniter\CodeIgniter->handleRequest(null, Object(Config\Cache), false)
 8 FCPATH\index.php(67): CodeIgniter\CodeIgniter->run()
CRITICAL - 2023-12-20 12:41:42 --> Undefined property: CodeIgniter\HTTP\IncomingRequest::$getMethod
in APPPATH\Controllers\BlogController.php on line 34.
 1 APPPATH\Controllers\BlogController.php(34): CodeIgniter\Debug\Exceptions->errorHandler(8, 'Undefined property: CodeIgniter\\HTTP\\IncomingRequest::$getMethod', 'C:\\xampp\\htdocs\\mysite\\app\\Controllers\\BlogController.php', 34, [...])
 2 SYSTEMPATH\CodeIgniter.php(934): App\Controllers\BlogController->index()
 3 SYSTEMPATH\CodeIgniter.php(499): CodeIgniter\CodeIgniter->runController(Object(App\Controllers\BlogController))
 4 SYSTEMPATH\CodeIgniter.php(368): CodeIgniter\CodeIgniter->handleRequest(null, Object(Config\Cache), false)
 5 FCPATH\index.php(67): CodeIgniter\CodeIgniter->run()
CRITICAL - 2023-12-20 13:46:39 --> syntax error, unexpected ''createdBy'' (T_CONSTANT_ENCAPSED_STRING), expecting ']'
in APPPATH\Models\BlogModel.php on line 16.
 1 SYSTEMPATH\Autoloader\Autoloader.php(289): CodeIgniter\Autoloader\Autoloader->includeFile('C:\\xampp\\htdocs\\mysite\\app\\Models\\BlogModel.php')
 2 SYSTEMPATH\Autoloader\Autoloader.php(267): CodeIgniter\Autoloader\Autoloader->loadInNamespace('App\\Models\\BlogModel')
 3 [internal function]: CodeIgniter\Autoloader\Autoloader->loadClass('App\\Models\\BlogModel')
 4 APPPATH\Controllers\BlogController.php(21): spl_autoload_call('App\\Models\\BlogModel')
 5 SYSTEMPATH\CodeIgniter.php(934): App\Controllers\BlogController->index()
 6 SYSTEMPATH\CodeIgniter.php(499): CodeIgniter\CodeIgniter->runController(Object(App\Controllers\BlogController))
 7 SYSTEMPATH\CodeIgniter.php(368): CodeIgniter\CodeIgniter->handleRequest(null, Object(Config\Cache), false)
 8 FCPATH\index.php(67): CodeIgniter\CodeIgniter->run()
INFO - 2023-12-20 13:47:57 --> Session: Class initialized using 'CodeIgniter\Session\Handlers\FileHandler' driver.
CRITICAL - 2023-12-20 13:54:51 --> include(partials/tables/blo_table.php): failed to open stream: No such file or directory
in APPPATH\Views\dashboard\blog.php on line 10.
 1 APPPATH\Views\dashboard\blog.php(10): CodeIgniter\Debug\Exceptions->errorHandler(2, 'include(partials/tables/blo_table.php): failed to open stream: No such file or directory', 'C:\\xampp\\htdocs\\mysite\\app\\Views\\dashboard\\blog.php', 10, [...])
 2 APPPATH\Views\dashboard\blog.php(10): include()
 3 SYSTEMPATH\View\View.php(213): include('C:\\xampp\\htdocs\\mysite\\app\\Views\\dashboard\\blog.php')
 4 SYSTEMPATH\View\View.php(216): CodeIgniter\View\View->CodeIgniter\View\{closure}()
 5 SYSTEMPATH\Common.php(1184): CodeIgniter\View\View->render('dashboard/blog', [], true)
 6 APPPATH\Controllers\BlogController.php(107): view('dashboard/blog', [...])
 7 SYSTEMPATH\CodeIgniter.php(934): App\Controllers\BlogController->index()
 8 SYSTEMPATH\CodeIgniter.php(499): CodeIgniter\CodeIgniter->runController(Object(App\Controllers\BlogController))
 9 SYSTEMPATH\CodeIgniter.php(368): CodeIgniter\CodeIgniter->handleRequest(null, Object(Config\Cache), false)
10 FCPATH\index.php(67): CodeIgniter\CodeIgniter->run()
CRITICAL - 2023-12-20 13:55:05 --> Undefined variable: port
in APPPATH\Views\dashboard\partials\tables\blog_table.php on line 33.
 1 APPPATH\Views\dashboard\partials\tables\blog_table.php(33): CodeIgniter\Debug\Exceptions->errorHandler(8, 'Undefined variable: port', 'C:\\xampp\\htdocs\\mysite\\app\\Views\\dashboard\\partials\\tables\\blog_table.php', 33, [...])
 2 APPPATH\Views\dashboard\blog.php(10): include('C:\\xampp\\htdocs\\mysite\\app\\Views\\dashboard\\partials\\tables\\blog_table.php')
 3 SYSTEMPATH\View\View.php(213): include('C:\\xampp\\htdocs\\mysite\\app\\Views\\dashboard\\blog.php')
 4 SYSTEMPATH\View\View.php(216): CodeIgniter\View\View->CodeIgniter\View\{closure}()
 5 SYSTEMPATH\Common.php(1184): CodeIgniter\View\View->render('dashboard/blog', [], true)
 6 APPPATH\Controllers\BlogController.php(107): view('dashboard/blog', [...])
 7 SYSTEMPATH\CodeIgniter.php(934): App\Controllers\BlogController->index()
 8 SYSTEMPATH\CodeIgniter.php(499): CodeIgniter\CodeIgniter->runController(Object(App\Controllers\BlogController))
 9 SYSTEMPATH\CodeIgniter.php(368): CodeIgniter\CodeIgniter->handleRequest(null, Object(Config\Cache), false)
10 FCPATH\index.php(67): CodeIgniter\CodeIgniter->run()
CRITICAL - 2023-12-20 14:52:06 --> Invalid file: "dashboard/edit_blog.php"
in SYSTEMPATH\Exceptions\FrameworkException.php on line 33.
 1 SYSTEMPATH\View\View.php(201): CodeIgniter\Exceptions\FrameworkException::forInvalidFile('dashboard/edit_blog.php')
 2 SYSTEMPATH\Common.php(1184): CodeIgniter\View\View->render('dashboard/edit_blog', [], true)
 3 APPPATH\Controllers\BlogController.php(202): view('dashboard/edit_blog', [...])
 4 SYSTEMPATH\CodeIgniter.php(934): App\Controllers\BlogController->edit('1')
 5 SYSTEMPATH\CodeIgniter.php(499): CodeIgniter\CodeIgniter->runController(Object(App\Controllers\BlogController))
 6 SYSTEMPATH\CodeIgniter.php(368): CodeIgniter\CodeIgniter->handleRequest(null, Object(Config\Cache), false)
 7 FCPATH\index.php(67): CodeIgniter\CodeIgniter->run()
CRITICAL - 2023-12-20 14:57:54 --> Undefined variable: portfolio_data
in APPPATH\Views\dashboard\edit_blog.php on line 39.
 1 APPPATH\Views\dashboard\edit_blog.php(39): CodeIgniter\Debug\Exceptions->errorHandler(8, 'Undefined variable: portfolio_data', 'C:\\xampp\\htdocs\\mysite\\app\\Views\\dashboard\\edit_blog.php', 39, [...])
 2 SYSTEMPATH\View\View.php(213): include('C:\\xampp\\htdocs\\mysite\\app\\Views\\dashboard\\edit_blog.php')
 3 SYSTEMPATH\View\View.php(216): CodeIgniter\View\View->CodeIgniter\View\{closure}()
 4 SYSTEMPATH\Common.php(1184): CodeIgniter\View\View->render('dashboard/edit_blog', [], true)
 5 APPPATH\Controllers\BlogController.php(209): view('dashboard/edit_blog', [...])
 6 SYSTEMPATH\CodeIgniter.php(934): App\Controllers\BlogController->edit('1')
 7 SYSTEMPATH\CodeIgniter.php(499): CodeIgniter\CodeIgniter->runController(Object(App\Controllers\BlogController))
 8 SYSTEMPATH\CodeIgniter.php(368): CodeIgniter\CodeIgniter->handleRequest(null, Object(Config\Cache), false)
 9 FCPATH\index.php(67): CodeIgniter\CodeIgniter->run()
INFO - 2023-12-20 15:09:30 --> Session: Class initialized using 'CodeIgniter\Session\Handlers\FileHandler' driver.
INFO - 2023-12-20 15:10:47 --> Session: Class initialized using 'CodeIgniter\Session\Handlers\FileHandler' driver.
INFO - 2023-12-20 15:11:31 --> Session: Class initialized using 'CodeIgniter\Session\Handlers\FileHandler' driver.
INFO - 2023-12-20 15:12:41 --> Session: Class initialized using 'CodeIgniter\Session\Handlers\FileHandler' driver.
INFO - 2023-12-20 15:18:16 --> Session: Class initialized using 'CodeIgniter\Session\Handlers\FileHandler' driver.
CRITICAL - 2023-12-20 17:01:56 --> Undefined variable: CategoryModel
in APPPATH\Controllers\TeamMemberController.php on line 102.
 1 APPPATH\Controllers\TeamMemberController.php(102): CodeIgniter\Debug\Exceptions->errorHandler(8, 'Undefined variable: CategoryModel', 'C:\\xampp\\htdocs\\mysite\\app\\Controllers\\TeamMemberController.php', 102, [...])
 2 SYSTEMPATH\CodeIgniter.php(934): App\Controllers\TeamMemberController->index()
 3 SYSTEMPATH\CodeIgniter.php(499): CodeIgniter\CodeIgniter->runController(Object(App\Controllers\TeamMemberController))
 4 SYSTEMPATH\CodeIgniter.php(368): CodeIgniter\CodeIgniter->handleRequest(null, Object(Config\Cache), false)
 5 FCPATH\index.php(67): CodeIgniter\CodeIgniter->run()
CRITICAL - 2023-12-20 17:03:14 --> Class 'App\Models\TeamModel' not found
in APPPATH\Controllers\TeamMemberController.php on line 17.
 1 SYSTEMPATH\CodeIgniter.php(934): App\Controllers\TeamMemberController->index()
 2 SYSTEMPATH\CodeIgniter.php(499): CodeIgniter\CodeIgniter->runController(Object(App\Controllers\TeamMemberController))
 3 SYSTEMPATH\CodeIgniter.php(368): CodeIgniter\CodeIgniter->handleRequest(null, Object(Config\Cache), false)
 4 FCPATH\index.php(67): CodeIgniter\CodeIgniter->run()
INFO - 2023-12-20 17:04:21 --> Session: Class initialized using 'CodeIgniter\Session\Handlers\FileHandler' driver.
INFO - 2023-12-20 17:08:22 --> Session: Class initialized using 'CodeIgniter\Session\Handlers\FileHandler' driver.
INFO - 2023-12-20 17:28:35 --> Session: Class initialized using 'CodeIgniter\Session\Handlers\FileHandler' driver.
CRITICAL - 2023-12-20 18:02:05 --> syntax error, unexpected ','
in APPPATH\Controllers\TeamMemberController.php on line 198.
 1 SYSTEMPATH\Autoloader\Autoloader.php(289): CodeIgniter\Autoloader\Autoloader->includeFile('C:\\xampp\\htdocs\\mysite\\app\\Controllers\\TeamMemberController.php')
 2 SYSTEMPATH\Autoloader\Autoloader.php(267): CodeIgniter\Autoloader\Autoloader->loadInNamespace('App\\Controllers\\TeamMemberController')
 3 [internal function]: CodeIgniter\Autoloader\Autoloader->loadClass('App\\Controllers\\TeamMemberController')
 4 [internal function]: spl_autoload_call('App\\Controllers\\TeamMemberController')
 5 SYSTEMPATH\CodeIgniter.php(892): class_exists('\\App\\Controllers\\TeamMemberController', true)
 6 SYSTEMPATH\CodeIgniter.php(486): CodeIgniter\CodeIgniter->startController()
 7 SYSTEMPATH\CodeIgniter.php(368): CodeIgniter\CodeIgniter->handleRequest(null, Object(Config\Cache), false)
 8 FCPATH\index.php(67): CodeIgniter\CodeIgniter->run()
CRITICAL - 2023-12-20 18:02:36 --> Invalid file: "dashboard/edit_profile.php"
in SYSTEMPATH\Exceptions\FrameworkException.php on line 33.
 1 SYSTEMPATH\View\View.php(201): CodeIgniter\Exceptions\FrameworkException::forInvalidFile('dashboard/edit_profile.php')
 2 SYSTEMPATH\Common.php(1184): CodeIgniter\View\View->render('dashboard/edit_profile', [], true)
 3 APPPATH\Controllers\TeamMemberController.php(244): view('dashboard/edit_profile', [...])
 4 SYSTEMPATH\CodeIgniter.php(934): App\Controllers\TeamMemberController->edit('3')
 5 SYSTEMPATH\CodeIgniter.php(499): CodeIgniter\CodeIgniter->runController(Object(App\Controllers\TeamMemberController))
 6 SYSTEMPATH\CodeIgniter.php(368): CodeIgniter\CodeIgniter->handleRequest(null, Object(Config\Cache), false)
 7 FCPATH\index.php(67): CodeIgniter\CodeIgniter->run()
CRITICAL - 2023-12-20 18:06:05 --> Undefined variable: blog_data
in APPPATH\Views\dashboard\edit_profile.php on line 10.
 1 APPPATH\Views\dashboard\edit_profile.php(10): CodeIgniter\Debug\Exceptions->errorHandler(8, 'Undefined variable: blog_data', 'C:\\xampp\\htdocs\\mysite\\app\\Views\\dashboard\\edit_profile.php', 10, [...])
 2 SYSTEMPATH\View\View.php(213): include('C:\\xampp\\htdocs\\mysite\\app\\Views\\dashboard\\edit_profile.php')
 3 SYSTEMPATH\View\View.php(216): CodeIgniter\View\View->CodeIgniter\View\{closure}()
 4 SYSTEMPATH\Common.php(1184): CodeIgniter\View\View->render('dashboard/edit_profile', [], true)
 5 APPPATH\Controllers\TeamMemberController.php(244): view('dashboard/edit_profile', [...])
 6 SYSTEMPATH\CodeIgniter.php(934): App\Controllers\TeamMemberController->edit('3')
 7 SYSTEMPATH\CodeIgniter.php(499): CodeIgniter\CodeIgniter->runController(Object(App\Controllers\TeamMemberController))
 8 SYSTEMPATH\CodeIgniter.php(368): CodeIgniter\CodeIgniter->handleRequest(null, Object(Config\Cache), false)
 9 FCPATH\index.php(67): CodeIgniter\CodeIgniter->run()
CRITICAL - 2023-12-20 18:06:32 --> Undefined index: title
in APPPATH\Views\dashboard\edit_profile.php on line 10.
 1 APPPATH\Views\dashboard\edit_profile.php(10): CodeIgniter\Debug\Exceptions->errorHandler(8, 'Undefined index: title', 'C:\\xampp\\htdocs\\mysite\\app\\Views\\dashboard\\edit_profile.php', 10, [...])
 2 SYSTEMPATH\View\View.php(213): include('C:\\xampp\\htdocs\\mysite\\app\\Views\\dashboard\\edit_profile.php')
 3 SYSTEMPATH\View\View.php(216): CodeIgniter\View\View->CodeIgniter\View\{closure}()
 4 SYSTEMPATH\Common.php(1184): CodeIgniter\View\View->render('dashboard/edit_profile', [], true)
 5 APPPATH\Controllers\TeamMemberController.php(244): view('dashboard/edit_profile', [...])
 6 SYSTEMPATH\CodeIgniter.php(934): App\Controllers\TeamMemberController->edit('3')
 7 SYSTEMPATH\CodeIgniter.php(499): CodeIgniter\CodeIgniter->runController(Object(App\Controllers\TeamMemberController))
 8 SYSTEMPATH\CodeIgniter.php(368): CodeIgniter\CodeIgniter->handleRequest(null, Object(Config\Cache), false)
 9 FCPATH\index.php(67): CodeIgniter\CodeIgniter->run()
CRITICAL - 2023-12-20 18:06:56 --> Undefined variable: tm
in APPPATH\Views\dashboard\edit_profile.php on line 54.
 1 APPPATH\Views\dashboard\edit_profile.php(54): CodeIgniter\Debug\Exceptions->errorHandler(8, 'Undefined variable: tm', 'C:\\xampp\\htdocs\\mysite\\app\\Views\\dashboard\\edit_profile.php', 54, [...])
 2 SYSTEMPATH\View\View.php(213): include('C:\\xampp\\htdocs\\mysite\\app\\Views\\dashboard\\edit_profile.php')
 3 SYSTEMPATH\View\View.php(216): CodeIgniter\View\View->CodeIgniter\View\{closure}()
 4 SYSTEMPATH\Common.php(1184): CodeIgniter\View\View->render('dashboard/edit_profile', [], true)
 5 APPPATH\Controllers\TeamMemberController.php(244): view('dashboard/edit_profile', [...])
 6 SYSTEMPATH\CodeIgniter.php(934): App\Controllers\TeamMemberController->edit('3')
 7 SYSTEMPATH\CodeIgniter.php(499): CodeIgniter\CodeIgniter->runController(Object(App\Controllers\TeamMemberController))
 8 SYSTEMPATH\CodeIgniter.php(368): CodeIgniter\CodeIgniter->handleRequest(null, Object(Config\Cache), false)
 9 FCPATH\index.php(67): CodeIgniter\CodeIgniter->run()
CRITICAL - 2023-12-20 19:11:28 --> Call to undefined method App\Controllers\TeamMemberController::request()
in APPPATH\Controllers\TeamMemberController.php on line 213.
 1 SYSTEMPATH\CodeIgniter.php(934): App\Controllers\TeamMemberController->edit('2')
 2 SYSTEMPATH\CodeIgniter.php(499): CodeIgniter\CodeIgniter->runController(Object(App\Controllers\TeamMemberController))
 3 SYSTEMPATH\CodeIgniter.php(368): CodeIgniter\CodeIgniter->handleRequest(null, Object(Config\Cache), false)
 4 FCPATH\index.php(67): CodeIgniter\CodeIgniter->run()
CRITICAL - 2023-12-20 19:13:55 --> syntax error, unexpected ',', expecting ']'
in APPPATH\Controllers\TeamMemberController.php on line 213.
 1 SYSTEMPATH\Autoloader\Autoloader.php(289): CodeIgniter\Autoloader\Autoloader->includeFile('C:\\xampp\\htdocs\\mysite\\app\\Controllers\\TeamMemberController.php')
 2 SYSTEMPATH\Autoloader\Autoloader.php(267): CodeIgniter\Autoloader\Autoloader->loadInNamespace('App\\Controllers\\TeamMemberController')
 3 [internal function]: CodeIgniter\Autoloader\Autoloader->loadClass('App\\Controllers\\TeamMemberController')
 4 [internal function]: spl_autoload_call('App\\Controllers\\TeamMemberController')
 5 SYSTEMPATH\CodeIgniter.php(892): class_exists('\\App\\Controllers\\TeamMemberController', true)
 6 SYSTEMPATH\CodeIgniter.php(486): CodeIgniter\CodeIgniter->startController()
 7 SYSTEMPATH\CodeIgniter.php(368): CodeIgniter\CodeIgniter->handleRequest(null, Object(Config\Cache), false)
 8 FCPATH\index.php(67): CodeIgniter\CodeIgniter->run()
CRITICAL - 2023-12-20 19:15:08 --> syntax error, unexpected ',', expecting ']'
in APPPATH\Controllers\TeamMemberController.php on line 214.
 1 SYSTEMPATH\Autoloader\Autoloader.php(289): CodeIgniter\Autoloader\Autoloader->includeFile('C:\\xampp\\htdocs\\mysite\\app\\Controllers\\TeamMemberController.php')
 2 SYSTEMPATH\Autoloader\Autoloader.php(267): CodeIgniter\Autoloader\Autoloader->loadInNamespace('App\\Controllers\\TeamMemberController')
 3 [internal function]: CodeIgniter\Autoloader\Autoloader->loadClass('App\\Controllers\\TeamMemberController')
 4 [internal function]: spl_autoload_call('App\\Controllers\\TeamMemberController')
 5 SYSTEMPATH\CodeIgniter.php(892): class_exists('\\App\\Controllers\\TeamMemberController', true)
 6 SYSTEMPATH\CodeIgniter.php(486): CodeIgniter\CodeIgniter->startController()
 7 SYSTEMPATH\CodeIgniter.php(368): CodeIgniter\CodeIgniter->handleRequest(null, Object(Config\Cache), false)
 8 FCPATH\index.php(67): CodeIgniter\CodeIgniter->run()
CRITICAL - 2023-12-20 19:15:59 --> Call to undefined method App\Controllers\TeamMemberController::request()
in APPPATH\Controllers\TeamMemberController.php on line 214.
 1 SYSTEMPATH\CodeIgniter.php(934): App\Controllers\TeamMemberController->edit('2')
 2 SYSTEMPATH\CodeIgniter.php(499): CodeIgniter\CodeIgniter->runController(Object(App\Controllers\TeamMemberController))
 3 SYSTEMPATH\CodeIgniter.php(368): CodeIgniter\CodeIgniter->handleRequest(null, Object(Config\Cache), false)
 4 FCPATH\index.php(67): CodeIgniter\CodeIgniter->run()
CRITICAL - 2023-12-20 19:16:24 --> Could not move file "phpF884.tmp" to "public/uploads/". Reason: 
in SYSTEMPATH\HTTP\Files\UploadedFile.php on line 149.
 1 SYSTEMPATH\HTTP\Files\UploadedFile.php(149): CodeIgniter\HTTP\Exceptions\HTTPException::forMoveFailed('phpF884.tmp', 'public/uploads/', '')
 2 APPPATH\Controllers\TeamMemberController.php(226): CodeIgniter\HTTP\Files\UploadedFile->move('public/uploads/', '')
 3 SYSTEMPATH\CodeIgniter.php(934): App\Controllers\TeamMemberController->edit('2')
 4 SYSTEMPATH\CodeIgniter.php(499): CodeIgniter\CodeIgniter->runController(Object(App\Controllers\TeamMemberController))
 5 SYSTEMPATH\CodeIgniter.php(368): CodeIgniter\CodeIgniter->handleRequest(null, Object(Config\Cache), false)
 6 FCPATH\index.php(67): CodeIgniter\CodeIgniter->run()
CRITICAL - 2023-12-20 19:16:59 --> Could not move file "php840C.tmp" to "public/uploads/". Reason: 
in SYSTEMPATH\HTTP\Files\UploadedFile.php on line 149.
 1 SYSTEMPATH\HTTP\Files\UploadedFile.php(149): CodeIgniter\HTTP\Exceptions\HTTPException::forMoveFailed('php840C.tmp', 'public/uploads/', '')
 2 APPPATH\Controllers\TeamMemberController.php(226): CodeIgniter\HTTP\Files\UploadedFile->move('public/uploads/', '')
 3 SYSTEMPATH\CodeIgniter.php(934): App\Controllers\TeamMemberController->edit('2')
 4 SYSTEMPATH\CodeIgniter.php(499): CodeIgniter\CodeIgniter->runController(Object(App\Controllers\TeamMemberController))
 5 SYSTEMPATH\CodeIgniter.php(368): CodeIgniter\CodeIgniter->handleRequest(null, Object(Config\Cache), false)
 6 FCPATH\index.php(67): CodeIgniter\CodeIgniter->run()
INFO - 2023-12-20 19:18:37 --> Session: Class initialized using 'CodeIgniter\Session\Handlers\FileHandler' driver.
CRITICAL - 2023-12-20 19:19:05 --> Could not move file "php6F05.tmp" to "public/uploads/". Reason: 
in SYSTEMPATH\HTTP\Files\UploadedFile.php on line 149.
 1 SYSTEMPATH\HTTP\Files\UploadedFile.php(149): CodeIgniter\HTTP\Exceptions\HTTPException::forMoveFailed('php6F05.tmp', 'public/uploads/', '')
 2 APPPATH\Controllers\TeamMemberController.php(226): CodeIgniter\HTTP\Files\UploadedFile->move('public/uploads/', '')
 3 SYSTEMPATH\CodeIgniter.php(934): App\Controllers\TeamMemberController->edit('2')
 4 SYSTEMPATH\CodeIgniter.php(499): CodeIgniter\CodeIgniter->runController(Object(App\Controllers\TeamMemberController))
 5 SYSTEMPATH\CodeIgniter.php(368): CodeIgniter\CodeIgniter->handleRequest(null, Object(Config\Cache), false)
 6 FCPATH\index.php(67): CodeIgniter\CodeIgniter->run()
CRITICAL - 2023-12-20 19:20:00 --> Could not move file "php4793.tmp" to "uploads/". Reason: 
in SYSTEMPATH\HTTP\Files\UploadedFile.php on line 149.
 1 SYSTEMPATH\HTTP\Files\UploadedFile.php(149): CodeIgniter\HTTP\Exceptions\HTTPException::forMoveFailed('php4793.tmp', 'uploads/', '')
 2 APPPATH\Controllers\TeamMemberController.php(226): CodeIgniter\HTTP\Files\UploadedFile->move('uploads/', '')
 3 SYSTEMPATH\CodeIgniter.php(934): App\Controllers\TeamMemberController->edit('2')
 4 SYSTEMPATH\CodeIgniter.php(499): CodeIgniter\CodeIgniter->runController(Object(App\Controllers\TeamMemberController))
 5 SYSTEMPATH\CodeIgniter.php(368): CodeIgniter\CodeIgniter->handleRequest(null, Object(Config\Cache), false)
 6 FCPATH\index.php(67): CodeIgniter\CodeIgniter->run()
INFO - 2023-12-20 19:21:27 --> Session: Class initialized using 'CodeIgniter\Session\Handlers\FileHandler' driver.
CRITICAL - 2023-12-20 19:22:22 --> Could not move file "php71F9.tmp" to "public/uploads/". Reason: 
in SYSTEMPATH\HTTP\Files\UploadedFile.php on line 149.
 1 SYSTEMPATH\HTTP\Files\UploadedFile.php(149): CodeIgniter\HTTP\Exceptions\HTTPException::forMoveFailed('php71F9.tmp', 'public/uploads/', '')
 2 APPPATH\Controllers\TeamMemberController.php(226): CodeIgniter\HTTP\Files\UploadedFile->move('public/uploads/', '')
 3 SYSTEMPATH\CodeIgniter.php(934): App\Controllers\TeamMemberController->edit('2')
 4 SYSTEMPATH\CodeIgniter.php(499): CodeIgniter\CodeIgniter->runController(Object(App\Controllers\TeamMemberController))
 5 SYSTEMPATH\CodeIgniter.php(368): CodeIgniter\CodeIgniter->handleRequest(null, Object(Config\Cache), false)
 6 FCPATH\index.php(67): CodeIgniter\CodeIgniter->run()
CRITICAL - 2023-12-20 19:41:10 --> Could not move file "phpA8E6.tmp" to "public/uploads/". Reason: 
in SYSTEMPATH\HTTP\Files\UploadedFile.php on line 149.
 1 SYSTEMPATH\HTTP\Files\UploadedFile.php(149): CodeIgniter\HTTP\Exceptions\HTTPException::forMoveFailed('phpA8E6.tmp', 'public/uploads/', '')
 2 APPPATH\Controllers\TeamMemberController.php(226): CodeIgniter\HTTP\Files\UploadedFile->move('public/uploads/', '')
 3 SYSTEMPATH\CodeIgniter.php(934): App\Controllers\TeamMemberController->edit('2')
 4 SYSTEMPATH\CodeIgniter.php(499): CodeIgniter\CodeIgniter->runController(Object(App\Controllers\TeamMemberController))
 5 SYSTEMPATH\CodeIgniter.php(368): CodeIgniter\CodeIgniter->handleRequest(null, Object(Config\Cache), false)
 6 FCPATH\index.php(67): CodeIgniter\CodeIgniter->run()
CRITICAL - 2023-12-20 20:18:29 --> Could not move file "phpD0FC.tmp" to "uploads/". Reason: 
in SYSTEMPATH\HTTP\Files\UploadedFile.php on line 149.
 1 SYSTEMPATH\HTTP\Files\UploadedFile.php(149): CodeIgniter\HTTP\Exceptions\HTTPException::forMoveFailed('phpD0FC.tmp', 'uploads/', '')
 2 APPPATH\Controllers\TeamMemberController.php(226): CodeIgniter\HTTP\Files\UploadedFile->move('uploads/', '')
 3 SYSTEMPATH\CodeIgniter.php(934): App\Controllers\TeamMemberController->edit('2')
 4 SYSTEMPATH\CodeIgniter.php(499): CodeIgniter\CodeIgniter->runController(Object(App\Controllers\TeamMemberController))
 5 SYSTEMPATH\CodeIgniter.php(368): CodeIgniter\CodeIgniter->handleRequest(null, Object(Config\Cache), false)
 6 FCPATH\index.php(67): CodeIgniter\CodeIgniter->run()
INFO - 2023-12-20 20:22:01 --> Session: Class initialized using 'CodeIgniter\Session\Handlers\FileHandler' driver.
INFO - 2023-12-20 20:23:18 --> Session: Class initialized using 'CodeIgniter\Session\Handlers\FileHandler' driver.
INFO - 2023-12-20 20:23:44 --> Session: Class initialized using 'CodeIgniter\Session\Handlers\FileHandler' driver.
ERROR - 2023-12-20 13:39:59 --> mysqli_sql_exception: Table 'diverse_media.services' doesn't exist in C:\xampp\htdocs\mysite\system\Database\MySQLi\Connection.php:295
Stack trace:
#0 C:\xampp\htdocs\mysite\system\Database\MySQLi\Connection.php(295): mysqli->query('SELECT 1\nFROM `...', 0)
#1 C:\xampp\htdocs\mysite\system\Database\BaseConnection.php(692): CodeIgniter\Database\MySQLi\Connection->execute('SELECT 1\nFROM `...')
#2 C:\xampp\htdocs\mysite\system\Database\BaseConnection.php(606): CodeIgniter\Database\BaseConnection->simpleQuery('SELECT 1\nFROM `...')
#3 C:\xampp\htdocs\mysite\system\Database\BaseBuilder.php(1616): CodeIgniter\Database\BaseConnection->query('SELECT 1\nFROM `...', Array, false)
#4 C:\xampp\htdocs\mysite\system\Validation\StrictRules\Rules.php(206): CodeIgniter\Database\BaseBuilder->get()
#5 C:\xampp\htdocs\mysite\system\Validation\Validation.php(312): CodeIgniter\Validation\StrictRules\Rules->is_unique('test service', 'service_name', Array, NULL, 'service_name')
#6 C:\xampp\htdocs\mysite\system\Validation\Validation.php(170): CodeIgniter\Validation\Validation->processRules('service_name', 'Service Name', 'test service', Array, Array)
#7 C:\xampp\htdocs\mysite\system\Controller.php(140): CodeIgniter\Validation\Validation->run()
#8 C:\xampp\htdocs\mysite\app\Controllers\ServicesController.php(62): CodeIgniter\Controller->validate(Array)
#9 C:\xampp\htdocs\mysite\system\CodeIgniter.php(934): App\Controllers\ServicesController->index()
#10 C:\xampp\htdocs\mysite\system\CodeIgniter.php(499): CodeIgniter\CodeIgniter->runController(Object(App\Controllers\ServicesController))
#11 C:\xampp\htdocs\mysite\system\CodeIgniter.php(368): CodeIgniter\CodeIgniter->handleRequest(NULL, Object(Config\Cache), false)
#12 C:\xampp\htdocs\mysite\public\index.php(67): CodeIgniter\CodeIgniter->run()
#13 {main}
CRITICAL - 2023-12-20 13:39:59 --> Table 'diverse_media.services' doesn't exist
in SYSTEMPATH\Database\MySQLi\Connection.php on line 295.
 1 SYSTEMPATH\Database\MySQLi\Connection.php(295): mysqli->query('SELECT 1
FROM `services`
WHERE `service_name` = \'test service\'
 LIMIT 1', 0)
 2 SYSTEMPATH\Database\BaseConnection.php(692): CodeIgniter\Database\MySQLi\Connection->execute('SELECT 1
FROM `services`
WHERE `service_name` = \'test service\'
 LIMIT 1')
 3 SYSTEMPATH\Database\BaseConnection.php(606): CodeIgniter\Database\BaseConnection->simpleQuery('SELECT 1
FROM `services`
WHERE `service_name` = \'test service\'
 LIMIT 1')
 4 SYSTEMPATH\Database\BaseBuilder.php(1616): CodeIgniter\Database\BaseConnection->query('SELECT 1
FROM `services`
WHERE `service_name` = :service_name:
 LIMIT 1', [...], false)
 5 SYSTEMPATH\Validation\StrictRules\Rules.php(206): CodeIgniter\Database\BaseBuilder->get()
 6 SYSTEMPATH\Validation\Validation.php(312): CodeIgniter\Validation\StrictRules\Rules->is_unique('test service', 'service_name', [...], null, 'service_name')
 7 SYSTEMPATH\Validation\Validation.php(170): CodeIgniter\Validation\Validation->processRules('service_name', 'Service Name', 'test service', [...], [...])
 8 SYSTEMPATH\Controller.php(140): CodeIgniter\Validation\Validation->run()
 9 APPPATH\Controllers\ServicesController.php(62): CodeIgniter\Controller->validate([...])
10 SYSTEMPATH\CodeIgniter.php(934): App\Controllers\ServicesController->index()
11 SYSTEMPATH\CodeIgniter.php(499): CodeIgniter\CodeIgniter->runController(Object(App\Controllers\ServicesController))
12 SYSTEMPATH\CodeIgniter.php(368): CodeIgniter\CodeIgniter->handleRequest(null, Object(Config\Cache), false)
13 FCPATH\index.php(67): CodeIgniter\CodeIgniter->run()
