CRITICAL - 2023-05-07 16:28:36 --> Call to undefined method CodeIgniter\View\View::edtend()
in APPPATH\Views\dashboard\login.php on line 1.
 1 SYSTEMPATH\View\View.php(213): include()
 2 SYSTEMPATH\View\View.php(216): CodeIgniter\View\View->CodeIgniter\View\{closure}()
 3 SYSTEMPATH\Common.php(1184): CodeIgniter\View\View->render('dashboard/login', [], true)
 4 APPPATH\Controllers\Dashboard.php(15): view('dashboard/login')
 5 SYSTEMPATH\CodeIgniter.php(934): App\Controllers\Dashboard->login()
 6 SYSTEMPATH\CodeIgniter.php(499): CodeIgniter\CodeIgniter->runController(Object(App\Controllers\Dashboard))
 7 SYSTEMPATH\CodeIgniter.php(368): CodeIgniter\CodeIgniter->handleRequest(null, Object(Config\Cache), false)
 8 FCPATH\index.php(67): CodeIgniter\CodeIgniter->run()
CRITICAL - 2023-05-07 16:29:40 --> Call to undefined method CodeIgniter\View\View::exdend()
in APPPATH\Views\dashboard\login.php on line 1.
 1 SYSTEMPATH\View\View.php(213): include()
 2 SYSTEMPATH\View\View.php(216): CodeIgniter\View\View->CodeIgniter\View\{closure}()
 3 SYSTEMPATH\Common.php(1184): CodeIgniter\View\View->render('dashboard/login', [], true)
 4 APPPATH\Controllers\Dashboard.php(15): view('dashboard/login')
 5 SYSTEMPATH\CodeIgniter.php(934): App\Controllers\Dashboard->login()
 6 SYSTEMPATH\CodeIgniter.php(499): CodeIgniter\CodeIgniter->runController(Object(App\Controllers\Dashboard))
 7 SYSTEMPATH\CodeIgniter.php(368): CodeIgniter\CodeIgniter->handleRequest(null, Object(Config\Cache), false)
 8 FCPATH\index.php(67): CodeIgniter\CodeIgniter->run()
CRITICAL - 2023-05-07 17:14:26 --> Invalid file: "partials/blogLayout.php"
in SYSTEMPATH\Exceptions\FrameworkException.php on line 33.
 1 SYSTEMPATH\View\View.php(201): CodeIgniter\Exceptions\FrameworkException::forInvalidFile('partials/blogLayout.php')
 2 SYSTEMPATH\View\View.php(229): CodeIgniter\View\View->render('partials/blogLayout', [], true)
 3 SYSTEMPATH\Common.php(1184): CodeIgniter\View\View->render('dashboard/login', [], true)
 4 APPPATH\Controllers\Dashboard.php(15): view('dashboard/login')
 5 SYSTEMPATH\CodeIgniter.php(934): App\Controllers\Dashboard->login()
 6 SYSTEMPATH\CodeIgniter.php(499): CodeIgniter\CodeIgniter->runController(Object(App\Controllers\Dashboard))
 7 SYSTEMPATH\CodeIgniter.php(368): CodeIgniter\CodeIgniter->handleRequest(null, Object(Config\Cache), false)
 8 FCPATH\index.php(67): CodeIgniter\CodeIgniter->run()
CRITICAL - 2023-05-07 17:16:11 --> Invalid file: "partials/blogLayout.php"
in SYSTEMPATH\Exceptions\FrameworkException.php on line 33.
 1 SYSTEMPATH\View\View.php(201): CodeIgniter\Exceptions\FrameworkException::forInvalidFile('partials/blogLayout.php')
 2 SYSTEMPATH\View\View.php(229): CodeIgniter\View\View->render('partials/blogLayout', [], true)
 3 SYSTEMPATH\Common.php(1184): CodeIgniter\View\View->render('dashboard/login', [], true)
 4 APPPATH\Controllers\Dashboard.php(15): view('dashboard/login')
 5 SYSTEMPATH\CodeIgniter.php(934): App\Controllers\Dashboard->login()
 6 SYSTEMPATH\CodeIgniter.php(499): CodeIgniter\CodeIgniter->runController(Object(App\Controllers\Dashboard))
 7 SYSTEMPATH\CodeIgniter.php(368): CodeIgniter\CodeIgniter->handleRequest(null, Object(Config\Cache), false)
 8 FCPATH\index.php(67): CodeIgniter\CodeIgniter->run()
CRITICAL - 2023-05-07 17:16:51 --> Invalid file: "partials/layout.php"
in SYSTEMPATH\Exceptions\FrameworkException.php on line 33.
 1 SYSTEMPATH\View\View.php(201): CodeIgniter\Exceptions\FrameworkException::forInvalidFile('partials/layout.php')
 2 SYSTEMPATH\View\View.php(229): CodeIgniter\View\View->render('partials/layout', [], true)
 3 SYSTEMPATH\Common.php(1184): CodeIgniter\View\View->render('dashboard/login', [], true)
 4 APPPATH\Controllers\Dashboard.php(15): view('dashboard/login')
 5 SYSTEMPATH\CodeIgniter.php(934): App\Controllers\Dashboard->login()
 6 SYSTEMPATH\CodeIgniter.php(499): CodeIgniter\CodeIgniter->runController(Object(App\Controllers\Dashboard))
 7 SYSTEMPATH\CodeIgniter.php(368): CodeIgniter\CodeIgniter->handleRequest(null, Object(Config\Cache), false)
 8 FCPATH\index.php(67): CodeIgniter\CodeIgniter->run()
CRITICAL - 2023-05-07 18:02:24 --> Call to undefined function endSection()
in APPPATH\Views\login.php on line 21.
 1 SYSTEMPATH\View\View.php(213): include()
 2 SYSTEMPATH\View\View.php(216): CodeIgniter\View\View->CodeIgniter\View\{closure}()
 3 SYSTEMPATH\Common.php(1184): CodeIgniter\View\View->render('login', [], true)
 4 APPPATH\Controllers\Dashboard.php(15): view('login')
 5 SYSTEMPATH\CodeIgniter.php(934): App\Controllers\Dashboard->login()
 6 SYSTEMPATH\CodeIgniter.php(499): CodeIgniter\CodeIgniter->runController(Object(App\Controllers\Dashboard))
 7 SYSTEMPATH\CodeIgniter.php(368): CodeIgniter\CodeIgniter->handleRequest(null, Object(Config\Cache), false)
 8 FCPATH\index.php(67): CodeIgniter\CodeIgniter->run()
