CRITICAL - 2023-06-04 15:07:54 --> syntax error, unexpected '(', expecting ';' or ','
in APPPATH\Controllers\Orderapi.php on line 7.
 1 SYSTEMPATH\Autoloader\Autoloader.php(289): CodeIgniter\Autoloader\Autoloader->includeFile('C:\\xampp\\htdocs\\eventry\\app\\Controllers\\Orderapi.php')
 2 SYSTEMPATH\Autoloader\Autoloader.php(267): CodeIgniter\Autoloader\Autoloader->loadInNamespace('App\\Controllers\\Orderapi')
 3 [internal function]: CodeIgniter\Autoloader\Autoloader->loadClass('App\\Controllers\\Orderapi')
 4 [internal function]: spl_autoload_call('App\\Controllers\\Orderapi')
 5 SYSTEMPATH\CodeIgniter.php(892): class_exists('\\App\\Controllers\\Orderapi', true)
 6 SYSTEMPATH\CodeIgniter.php(486): CodeIgniter\CodeIgniter->startController()
 7 SYSTEMPATH\CodeIgniter.php(368): CodeIgniter\CodeIgniter->handleRequest(null, Object(Config\Cache), false)
 8 FCPATH\index.php(67): CodeIgniter\CodeIgniter->run()
CRITICAL - 2023-06-04 15:09:20 --> syntax error, unexpected '(', expecting ';' or ','
in APPPATH\Controllers\Orderapi.php on line 7.
 1 SYSTEMPATH\Autoloader\Autoloader.php(289): CodeIgniter\Autoloader\Autoloader->includeFile('C:\\xampp\\htdocs\\eventry\\app\\Controllers\\Orderapi.php')
 2 SYSTEMPATH\Autoloader\Autoloader.php(267): CodeIgniter\Autoloader\Autoloader->loadInNamespace('App\\Controllers\\Orderapi')
 3 [internal function]: CodeIgniter\Autoloader\Autoloader->loadClass('App\\Controllers\\Orderapi')
 4 [internal function]: spl_autoload_call('App\\Controllers\\Orderapi')
 5 SYSTEMPATH\CodeIgniter.php(892): class_exists('\\App\\Controllers\\Orderapi', true)
 6 SYSTEMPATH\CodeIgniter.php(486): CodeIgniter\CodeIgniter->startController()
 7 SYSTEMPATH\CodeIgniter.php(368): CodeIgniter\CodeIgniter->handleRequest(null, Object(Config\Cache), false)
 8 FCPATH\index.php(67): CodeIgniter\CodeIgniter->run()
CRITICAL - 2023-06-04 15:11:19 --> syntax error, unexpected '(', expecting ';' or ','
in APPPATH\Controllers\Orderapi.php on line 7.
 1 SYSTEMPATH\Autoloader\Autoloader.php(289): CodeIgniter\Autoloader\Autoloader->includeFile('C:\\xampp\\htdocs\\eventry\\app\\Controllers\\Orderapi.php')
 2 SYSTEMPATH\Autoloader\Autoloader.php(267): CodeIgniter\Autoloader\Autoloader->loadInNamespace('App\\Controllers\\Orderapi')
 3 [internal function]: CodeIgniter\Autoloader\Autoloader->loadClass('App\\Controllers\\Orderapi')
 4 [internal function]: spl_autoload_call('App\\Controllers\\Orderapi')
 5 SYSTEMPATH\CodeIgniter.php(892): class_exists('\\App\\Controllers\\Orderapi', true)
 6 SYSTEMPATH\CodeIgniter.php(486): CodeIgniter\CodeIgniter->startController()
 7 SYSTEMPATH\CodeIgniter.php(368): CodeIgniter\CodeIgniter->handleRequest(null, Object(Config\Cache), false)
 8 FCPATH\index.php(67): CodeIgniter\CodeIgniter->run()
CRITICAL - 2023-06-04 15:11:47 --> Undefined variable: orders
in APPPATH\Controllers\Orderapi.php on line 20.
 1 APPPATH\Controllers\Orderapi.php(20): CodeIgniter\Debug\Exceptions->errorHandler(8, 'Undefined variable: orders', 'C:\\xampp\\htdocs\\eventry\\app\\Controllers\\Orderapi.php', 20, [...])
 2 SYSTEMPATH\CodeIgniter.php(934): App\Controllers\Orderapi->index()
 3 SYSTEMPATH\CodeIgniter.php(499): CodeIgniter\CodeIgniter->runController(Object(App\Controllers\Orderapi))
 4 SYSTEMPATH\CodeIgniter.php(368): CodeIgniter\CodeIgniter->handleRequest(null, Object(Config\Cache), false)
 5 FCPATH\index.php(67): CodeIgniter\CodeIgniter->run()
CRITICAL - 2023-06-04 16:04:47 --> syntax error, unexpected 'endforeach' (T_ENDFOREACH), expecting end of file
in APPPATH\Views\dashboard\manage-orders.php on line 44.
 1 SYSTEMPATH\View\View.php(216): CodeIgniter\View\View->CodeIgniter\View\{closure}()
 2 SYSTEMPATH\Common.php(1184): CodeIgniter\View\View->render('dashboard/manage-orders', [], true)
 3 APPPATH\Controllers\Admin.php(33): view('dashboard/manage-orders', [...])
 4 SYSTEMPATH\CodeIgniter.php(934): App\Controllers\Admin->manage_orders()
 5 SYSTEMPATH\CodeIgniter.php(499): CodeIgniter\CodeIgniter->runController(Object(App\Controllers\Admin))
 6 SYSTEMPATH\CodeIgniter.php(368): CodeIgniter\CodeIgniter->handleRequest(null, Object(Config\Cache), false)
 7 FCPATH\index.php(67): CodeIgniter\CodeIgniter->run()
CRITICAL - 2023-06-04 16:05:19 --> Cannot use object of type stdClass as array
in APPPATH\Views\dashboard\manage-orders.php on line 42.
 1 SYSTEMPATH\View\View.php(213): include()
 2 SYSTEMPATH\View\View.php(216): CodeIgniter\View\View->CodeIgniter\View\{closure}()
 3 SYSTEMPATH\Common.php(1184): CodeIgniter\View\View->render('dashboard/manage-orders', [], true)
 4 APPPATH\Controllers\Admin.php(33): view('dashboard/manage-orders', [...])
 5 SYSTEMPATH\CodeIgniter.php(934): App\Controllers\Admin->manage_orders()
 6 SYSTEMPATH\CodeIgniter.php(499): CodeIgniter\CodeIgniter->runController(Object(App\Controllers\Admin))
 7 SYSTEMPATH\CodeIgniter.php(368): CodeIgniter\CodeIgniter->handleRequest(null, Object(Config\Cache), false)
 8 FCPATH\index.php(67): CodeIgniter\CodeIgniter->run()
CRITICAL - 2023-06-04 16:06:22 --> Cannot use object of type stdClass as array
in APPPATH\Views\dashboard\manage-orders.php on line 42.
 1 SYSTEMPATH\View\View.php(213): include()
 2 SYSTEMPATH\View\View.php(216): CodeIgniter\View\View->CodeIgniter\View\{closure}()
 3 SYSTEMPATH\Common.php(1184): CodeIgniter\View\View->render('dashboard/manage-orders', [], true)
 4 APPPATH\Controllers\Admin.php(33): view('dashboard/manage-orders', [...])
 5 SYSTEMPATH\CodeIgniter.php(934): App\Controllers\Admin->manage_orders()
 6 SYSTEMPATH\CodeIgniter.php(499): CodeIgniter\CodeIgniter->runController(Object(App\Controllers\Admin))
 7 SYSTEMPATH\CodeIgniter.php(368): CodeIgniter\CodeIgniter->handleRequest(null, Object(Config\Cache), false)
 8 FCPATH\index.php(67): CodeIgniter\CodeIgniter->run()
CRITICAL - 2023-06-04 16:10:37 --> Cannot use object of type stdClass as array
in APPPATH\Views\dashboard\manage-orders.php on line 42.
 1 SYSTEMPATH\View\View.php(213): include()
 2 SYSTEMPATH\View\View.php(216): CodeIgniter\View\View->CodeIgniter\View\{closure}()
 3 SYSTEMPATH\Common.php(1184): CodeIgniter\View\View->render('dashboard/manage-orders', [], true)
 4 APPPATH\Controllers\Admin.php(33): view('dashboard/manage-orders', [...])
 5 SYSTEMPATH\CodeIgniter.php(934): App\Controllers\Admin->manage_orders()
 6 SYSTEMPATH\CodeIgniter.php(499): CodeIgniter\CodeIgniter->runController(Object(App\Controllers\Admin))
 7 SYSTEMPATH\CodeIgniter.php(368): CodeIgniter\CodeIgniter->handleRequest(null, Object(Config\Cache), false)
 8 FCPATH\index.php(67): CodeIgniter\CodeIgniter->run()
