INFO - 2024-01-15 15:07:59 --> Session: Class initialized using 'CodeIgniter\Session\Handlers\FileHandler' driver.
INFO - 2024-01-15 15:07:59 --> Session: Class initialized using 'CodeIgniter\Session\Handlers\FileHandler' driver.
INFO - 2024-01-15 15:08:14 --> Session: Class initialized using 'CodeIgniter\Session\Handlers\FileHandler' driver.
INFO - 2024-01-15 15:08:14 --> Session: Class initialized using 'CodeIgniter\Session\Handlers\FileHandler' driver.
INFO - 2024-01-15 15:08:30 --> Session: Class initialized using 'CodeIgniter\Session\Handlers\FileHandler' driver.
INFO - 2024-01-15 15:08:33 --> Session: Class initialized using 'CodeIgniter\Session\Handlers\FileHandler' driver.
INFO - 2024-01-15 15:08:35 --> Session: Class initialized using 'CodeIgniter\Session\Handlers\FileHandler' driver.
ERROR - 2024-01-15 15:08:35 --> mysqli_sql_exception: Table 'cbps.testimonials' doesn't exist in C:\xampp\htdocs\bedell\system\Database\MySQLi\Connection.php:295
Stack trace:
#0 C:\xampp\htdocs\bedell\system\Database\MySQLi\Connection.php(295): mysqli->query('SELECT *\nFROM `...', 0)
#1 C:\xampp\htdocs\bedell\system\Database\BaseConnection.php(692): CodeIgniter\Database\MySQLi\Connection->execute('SELECT *\nFROM `...')
#2 C:\xampp\htdocs\bedell\system\Database\BaseConnection.php(606): CodeIgniter\Database\BaseConnection->simpleQuery('SELECT *\nFROM `...')
#3 C:\xampp\htdocs\bedell\system\Database\BaseBuilder.php(1616): CodeIgniter\Database\BaseConnection->query('SELECT *\nFROM `...', Array, false)
#4 C:\xampp\htdocs\bedell\system\Model.php(241): CodeIgniter\Database\BaseBuilder->get()
#5 C:\xampp\htdocs\bedell\system\BaseModel.php(618): CodeIgniter\Model->doFindAll(0, 0)
#6 C:\xampp\htdocs\bedell\app\Controllers\TestimonialsController.php(21): CodeIgniter\BaseModel->findAll()
#7 C:\xampp\htdocs\bedell\system\CodeIgniter.php(934): App\Controllers\TestimonialsController->index()
#8 C:\xampp\htdocs\bedell\system\CodeIgniter.php(499): CodeIgniter\CodeIgniter->runController(Object(App\Controllers\TestimonialsController))
#9 C:\xampp\htdocs\bedell\system\CodeIgniter.php(368): CodeIgniter\CodeIgniter->handleRequest(NULL, Object(Config\Cache), false)
#10 C:\xampp\htdocs\bedell\public\index.php(67): CodeIgniter\CodeIgniter->run()
#11 {main}
CRITICAL - 2024-01-15 15:08:35 --> Table 'cbps.testimonials' doesn't exist
in SYSTEMPATH\Database\MySQLi\Connection.php on line 295.
 1 SYSTEMPATH\Database\MySQLi\Connection.php(295): mysqli->query('SELECT *
FROM `testimonials`', 0)
 2 SYSTEMPATH\Database\BaseConnection.php(692): CodeIgniter\Database\MySQLi\Connection->execute('SELECT *
FROM `testimonials`')
 3 SYSTEMPATH\Database\BaseConnection.php(606): CodeIgniter\Database\BaseConnection->simpleQuery('SELECT *
FROM `testimonials`')
 4 SYSTEMPATH\Database\BaseBuilder.php(1616): CodeIgniter\Database\BaseConnection->query('SELECT *
FROM `testimonials`', [], false)
 5 SYSTEMPATH\Model.php(241): CodeIgniter\Database\BaseBuilder->get()
 6 SYSTEMPATH\BaseModel.php(618): CodeIgniter\Model->doFindAll(0, 0)
 7 APPPATH\Controllers\TestimonialsController.php(21): CodeIgniter\BaseModel->findAll()
 8 SYSTEMPATH\CodeIgniter.php(934): App\Controllers\TestimonialsController->index()
 9 SYSTEMPATH\CodeIgniter.php(499): CodeIgniter\CodeIgniter->runController(Object(App\Controllers\TestimonialsController))
10 SYSTEMPATH\CodeIgniter.php(368): CodeIgniter\CodeIgniter->handleRequest(null, Object(Config\Cache), false)
11 FCPATH\index.php(67): CodeIgniter\CodeIgniter->run()
INFO - 2024-01-15 15:09:30 --> Session: Class initialized using 'CodeIgniter\Session\Handlers\FileHandler' driver.
INFO - 2024-01-15 15:09:45 --> Session: Class initialized using 'CodeIgniter\Session\Handlers\FileHandler' driver.
INFO - 2024-01-15 15:09:47 --> Session: Class initialized using 'CodeIgniter\Session\Handlers\FileHandler' driver.
INFO - 2024-01-15 15:09:51 --> Session: Class initialized using 'CodeIgniter\Session\Handlers\FileHandler' driver.
INFO - 2024-01-15 15:09:53 --> Session: Class initialized using 'CodeIgniter\Session\Handlers\FileHandler' driver.
INFO - 2024-01-15 15:12:25 --> Session: Class initialized using 'CodeIgniter\Session\Handlers\FileHandler' driver.
INFO - 2024-01-15 15:14:11 --> Session: Class initialized using 'CodeIgniter\Session\Handlers\FileHandler' driver.
INFO - 2024-01-15 15:20:17 --> Session: Class initialized using 'CodeIgniter\Session\Handlers\FileHandler' driver.
CRITICAL - 2024-01-15 15:20:17 --> include(partials/tables/course_table.php): failed to open stream: No such file or directory
in APPPATH\Views\dashboard\courses.php on line 10.
 1 APPPATH\Views\dashboard\courses.php(10): CodeIgniter\Debug\Exceptions->errorHandler(2, 'include(partials/tables/course_table.php): failed to open stream: No such file or directory', 'C:\\xampp\\htdocs\\bedell\\app\\Views\\dashboard\\courses.php', 10, [...])
 2 APPPATH\Views\dashboard\courses.php(10): include()
 3 SYSTEMPATH\View\View.php(213): include('C:\\xampp\\htdocs\\bedell\\app\\Views\\dashboard\\courses.php')
 4 SYSTEMPATH\View\View.php(216): CodeIgniter\View\View->CodeIgniter\View\{closure}()
 5 SYSTEMPATH\Common.php(1184): CodeIgniter\View\View->render('dashboard/courses', [], true)
 6 APPPATH\Controllers\CoursesController.php(109): view('dashboard/courses', [...])
 7 SYSTEMPATH\CodeIgniter.php(934): App\Controllers\CoursesController->index()
 8 SYSTEMPATH\CodeIgniter.php(499): CodeIgniter\CodeIgniter->runController(Object(App\Controllers\CoursesController))
 9 SYSTEMPATH\CodeIgniter.php(368): CodeIgniter\CodeIgniter->handleRequest(null, Object(Config\Cache), false)
10 FCPATH\index.php(67): CodeIgniter\CodeIgniter->run()
INFO - 2024-01-15 15:21:33 --> Session: Class initialized using 'CodeIgniter\Session\Handlers\FileHandler' driver.
CRITICAL - 2024-01-15 15:21:33 --> include(partials/tables/course_table.php): failed to open stream: No such file or directory
in APPPATH\Views\dashboard\courses.php on line 10.
 1 APPPATH\Views\dashboard\courses.php(10): CodeIgniter\Debug\Exceptions->errorHandler(2, 'include(partials/tables/course_table.php): failed to open stream: No such file or directory', 'C:\\xampp\\htdocs\\bedell\\app\\Views\\dashboard\\courses.php', 10, [...])
 2 APPPATH\Views\dashboard\courses.php(10): include()
 3 SYSTEMPATH\View\View.php(213): include('C:\\xampp\\htdocs\\bedell\\app\\Views\\dashboard\\courses.php')
 4 SYSTEMPATH\View\View.php(216): CodeIgniter\View\View->CodeIgniter\View\{closure}()
 5 SYSTEMPATH\Common.php(1184): CodeIgniter\View\View->render('dashboard/courses', [], true)
 6 APPPATH\Controllers\CoursesController.php(109): view('dashboard/courses', [...])
 7 SYSTEMPATH\CodeIgniter.php(934): App\Controllers\CoursesController->index()
 8 SYSTEMPATH\CodeIgniter.php(499): CodeIgniter\CodeIgniter->runController(Object(App\Controllers\CoursesController))
 9 SYSTEMPATH\CodeIgniter.php(368): CodeIgniter\CodeIgniter->handleRequest(null, Object(Config\Cache), false)
10 FCPATH\index.php(67): CodeIgniter\CodeIgniter->run()
INFO - 2024-01-15 15:24:43 --> Session: Class initialized using 'CodeIgniter\Session\Handlers\FileHandler' driver.
CRITICAL - 2024-01-15 15:24:43 --> include(partials/tables/course_table.php): failed to open stream: No such file or directory
in APPPATH\Views\dashboard\courses.php on line 10.
 1 APPPATH\Views\dashboard\courses.php(10): CodeIgniter\Debug\Exceptions->errorHandler(2, 'include(partials/tables/course_table.php): failed to open stream: No such file or directory', 'C:\\xampp\\htdocs\\bedell\\app\\Views\\dashboard\\courses.php', 10, [...])
 2 APPPATH\Views\dashboard\courses.php(10): include()
 3 SYSTEMPATH\View\View.php(213): include('C:\\xampp\\htdocs\\bedell\\app\\Views\\dashboard\\courses.php')
 4 SYSTEMPATH\View\View.php(216): CodeIgniter\View\View->CodeIgniter\View\{closure}()
 5 SYSTEMPATH\Common.php(1184): CodeIgniter\View\View->render('dashboard/courses', [], true)
 6 APPPATH\Controllers\CoursesController.php(109): view('dashboard/courses', [...])
 7 SYSTEMPATH\CodeIgniter.php(934): App\Controllers\CoursesController->index()
 8 SYSTEMPATH\CodeIgniter.php(499): CodeIgniter\CodeIgniter->runController(Object(App\Controllers\CoursesController))
 9 SYSTEMPATH\CodeIgniter.php(368): CodeIgniter\CodeIgniter->handleRequest(null, Object(Config\Cache), false)
10 FCPATH\index.php(67): CodeIgniter\CodeIgniter->run()
INFO - 2024-01-15 15:26:04 --> Session: Class initialized using 'CodeIgniter\Session\Handlers\FileHandler' driver.
CRITICAL - 2024-01-15 15:26:05 --> include(partials/tables/course_table.php): failed to open stream: No such file or directory
in APPPATH\Views\dashboard\courses.php on line 10.
 1 APPPATH\Views\dashboard\courses.php(10): CodeIgniter\Debug\Exceptions->errorHandler(2, 'include(partials/tables/course_table.php): failed to open stream: No such file or directory', 'C:\\xampp\\htdocs\\bedell\\app\\Views\\dashboard\\courses.php', 10, [...])
 2 APPPATH\Views\dashboard\courses.php(10): include()
 3 SYSTEMPATH\View\View.php(213): include('C:\\xampp\\htdocs\\bedell\\app\\Views\\dashboard\\courses.php')
 4 SYSTEMPATH\View\View.php(216): CodeIgniter\View\View->CodeIgniter\View\{closure}()
 5 SYSTEMPATH\Common.php(1184): CodeIgniter\View\View->render('dashboard/courses', [], true)
 6 APPPATH\Controllers\CoursesController.php(109): view('dashboard/courses', [...])
 7 SYSTEMPATH\CodeIgniter.php(934): App\Controllers\CoursesController->index()
 8 SYSTEMPATH\CodeIgniter.php(499): CodeIgniter\CodeIgniter->runController(Object(App\Controllers\CoursesController))
 9 SYSTEMPATH\CodeIgniter.php(368): CodeIgniter\CodeIgniter->handleRequest(null, Object(Config\Cache), false)
10 FCPATH\index.php(67): CodeIgniter\CodeIgniter->run()
INFO - 2024-01-15 15:26:30 --> Session: Class initialized using 'CodeIgniter\Session\Handlers\FileHandler' driver.
INFO - 2024-01-15 15:28:28 --> Session: Class initialized using 'CodeIgniter\Session\Handlers\FileHandler' driver.
INFO - 2024-01-15 15:28:30 --> Session: Class initialized using 'CodeIgniter\Session\Handlers\FileHandler' driver.
INFO - 2024-01-15 15:29:35 --> Session: Class initialized using 'CodeIgniter\Session\Handlers\FileHandler' driver.
INFO - 2024-01-15 15:29:38 --> Session: Class initialized using 'CodeIgniter\Session\Handlers\FileHandler' driver.
INFO - 2024-01-15 15:29:38 --> Session: Class initialized using 'CodeIgniter\Session\Handlers\FileHandler' driver.
INFO - 2024-01-15 15:29:41 --> Session: Class initialized using 'CodeIgniter\Session\Handlers\FileHandler' driver.
INFO - 2024-01-15 15:29:43 --> Session: Class initialized using 'CodeIgniter\Session\Handlers\FileHandler' driver.
INFO - 2024-01-15 15:29:45 --> Session: Class initialized using 'CodeIgniter\Session\Handlers\FileHandler' driver.
INFO - 2024-01-15 15:29:47 --> Session: Class initialized using 'CodeIgniter\Session\Handlers\FileHandler' driver.
INFO - 2024-01-15 15:29:49 --> Session: Class initialized using 'CodeIgniter\Session\Handlers\FileHandler' driver.
INFO - 2024-01-15 15:30:36 --> Session: Class initialized using 'CodeIgniter\Session\Handlers\FileHandler' driver.
INFO - 2024-01-15 15:42:14 --> Session: Class initialized using 'CodeIgniter\Session\Handlers\FileHandler' driver.
INFO - 2024-01-15 15:43:25 --> Session: Class initialized using 'CodeIgniter\Session\Handlers\FileHandler' driver.
INFO - 2024-01-15 15:43:48 --> Session: Class initialized using 'CodeIgniter\Session\Handlers\FileHandler' driver.
INFO - 2024-01-15 15:44:36 --> Session: Class initialized using 'CodeIgniter\Session\Handlers\FileHandler' driver.
INFO - 2024-01-15 15:44:39 --> Session: Class initialized using 'CodeIgniter\Session\Handlers\FileHandler' driver.
INFO - 2024-01-15 15:44:47 --> Session: Class initialized using 'CodeIgniter\Session\Handlers\FileHandler' driver.
INFO - 2024-01-15 15:49:20 --> Session: Class initialized using 'CodeIgniter\Session\Handlers\FileHandler' driver.
INFO - 2024-01-15 16:09:23 --> Session: Class initialized using 'CodeIgniter\Session\Handlers\FileHandler' driver.
CRITICAL - 2024-01-15 16:09:23 --> Class 'App\Models\CourseModel' not found
in APPPATH\Controllers\CoursesController.php on line 23.
 1 SYSTEMPATH\CodeIgniter.php(934): App\Controllers\CoursesController->index()
 2 SYSTEMPATH\CodeIgniter.php(499): CodeIgniter\CodeIgniter->runController(Object(App\Controllers\CoursesController))
 3 SYSTEMPATH\CodeIgniter.php(368): CodeIgniter\CodeIgniter->handleRequest(null, Object(Config\Cache), false)
 4 FCPATH\index.php(67): CodeIgniter\CodeIgniter->run()
INFO - 2024-01-15 16:09:25 --> Session: Class initialized using 'CodeIgniter\Session\Handlers\FileHandler' driver.
CRITICAL - 2024-01-15 16:09:25 --> Class 'App\Models\CourseModel' not found
in APPPATH\Controllers\CoursesController.php on line 23.
 1 SYSTEMPATH\CodeIgniter.php(934): App\Controllers\CoursesController->index()
 2 SYSTEMPATH\CodeIgniter.php(499): CodeIgniter\CodeIgniter->runController(Object(App\Controllers\CoursesController))
 3 SYSTEMPATH\CodeIgniter.php(368): CodeIgniter\CodeIgniter->handleRequest(null, Object(Config\Cache), false)
 4 FCPATH\index.php(67): CodeIgniter\CodeIgniter->run()
INFO - 2024-01-15 16:09:53 --> Session: Class initialized using 'CodeIgniter\Session\Handlers\FileHandler' driver.
CRITICAL - 2024-01-15 16:09:53 --> Class 'App\Models\CourseModel' not found
in APPPATH\Controllers\CoursesController.php on line 23.
 1 SYSTEMPATH\CodeIgniter.php(934): App\Controllers\CoursesController->index()
 2 SYSTEMPATH\CodeIgniter.php(499): CodeIgniter\CodeIgniter->runController(Object(App\Controllers\CoursesController))
 3 SYSTEMPATH\CodeIgniter.php(368): CodeIgniter\CodeIgniter->handleRequest(null, Object(Config\Cache), false)
 4 FCPATH\index.php(67): CodeIgniter\CodeIgniter->run()
INFO - 2024-01-15 16:09:56 --> Session: Class initialized using 'CodeIgniter\Session\Handlers\FileHandler' driver.
CRITICAL - 2024-01-15 16:09:56 --> Class 'App\Models\CourseModel' not found
in APPPATH\Controllers\CoursesController.php on line 23.
 1 SYSTEMPATH\CodeIgniter.php(934): App\Controllers\CoursesController->index()
 2 SYSTEMPATH\CodeIgniter.php(499): CodeIgniter\CodeIgniter->runController(Object(App\Controllers\CoursesController))
 3 SYSTEMPATH\CodeIgniter.php(368): CodeIgniter\CodeIgniter->handleRequest(null, Object(Config\Cache), false)
 4 FCPATH\index.php(67): CodeIgniter\CodeIgniter->run()
INFO - 2024-01-15 16:10:39 --> Session: Class initialized using 'CodeIgniter\Session\Handlers\FileHandler' driver.
INFO - 2024-01-15 16:15:31 --> Session: Class initialized using 'CodeIgniter\Session\Handlers\FileHandler' driver.
CRITICAL - 2024-01-15 16:15:31 --> syntax error, unexpected ''numOfStudents'' (T_CONSTANT_ENCAPSED_STRING), expecting ']'
in APPPATH\Controllers\CoursesController.php on line 179.
 1 SYSTEMPATH\Autoloader\Autoloader.php(289): CodeIgniter\Autoloader\Autoloader->includeFile('C:\\xampp\\htdocs\\bedell\\app\\Controllers\\CoursesController.php')
 2 SYSTEMPATH\Autoloader\Autoloader.php(267): CodeIgniter\Autoloader\Autoloader->loadInNamespace('App\\Controllers\\CoursesController')
 3 [internal function]: CodeIgniter\Autoloader\Autoloader->loadClass('App\\Controllers\\CoursesController')
 4 [internal function]: spl_autoload_call('App\\Controllers\\CoursesController')
 5 SYSTEMPATH\CodeIgniter.php(892): class_exists('\\App\\Controllers\\CoursesController', true)
 6 SYSTEMPATH\CodeIgniter.php(486): CodeIgniter\CodeIgniter->startController()
 7 SYSTEMPATH\CodeIgniter.php(368): CodeIgniter\CodeIgniter->handleRequest(null, Object(Config\Cache), false)
 8 FCPATH\index.php(67): CodeIgniter\CodeIgniter->run()
INFO - 2024-01-15 16:15:44 --> Session: Class initialized using 'CodeIgniter\Session\Handlers\FileHandler' driver.
INFO - 2024-01-15 16:15:49 --> Session: Class initialized using 'CodeIgniter\Session\Handlers\FileHandler' driver.
INFO - 2024-01-15 16:15:49 --> Session: Class initialized using 'CodeIgniter\Session\Handlers\FileHandler' driver.
INFO - 2024-01-15 16:17:04 --> Session: Class initialized using 'CodeIgniter\Session\Handlers\FileHandler' driver.
INFO - 2024-01-15 16:17:07 --> Session: Class initialized using 'CodeIgniter\Session\Handlers\FileHandler' driver.
INFO - 2024-01-15 16:17:45 --> Session: Class initialized using 'CodeIgniter\Session\Handlers\FileHandler' driver.
INFO - 2024-01-15 16:17:48 --> Session: Class initialized using 'CodeIgniter\Session\Handlers\FileHandler' driver.
INFO - 2024-01-15 16:17:48 --> Session: Class initialized using 'CodeIgniter\Session\Handlers\FileHandler' driver.
INFO - 2024-01-15 16:20:12 --> Session: Class initialized using 'CodeIgniter\Session\Handlers\FileHandler' driver.
INFO - 2024-01-15 16:21:29 --> Session: Class initialized using 'CodeIgniter\Session\Handlers\FileHandler' driver.
INFO - 2024-01-15 16:21:29 --> Session: Class initialized using 'CodeIgniter\Session\Handlers\FileHandler' driver.
INFO - 2024-01-15 16:22:37 --> Session: Class initialized using 'CodeIgniter\Session\Handlers\FileHandler' driver.
CRITICAL - 2024-01-15 16:22:37 --> Undefined index: featureImg
in APPPATH\Views\dashboard\partials\tables\course_table.php on line 29.
 1 APPPATH\Views\dashboard\partials\tables\course_table.php(29): CodeIgniter\Debug\Exceptions->errorHandler(8, 'Undefined index: featureImg', 'C:\\xampp\\htdocs\\bedell\\app\\Views\\dashboard\\partials\\tables\\course_table.php', 29, [...])
 2 APPPATH\Views\dashboard\courses.php(10): include('C:\\xampp\\htdocs\\bedell\\app\\Views\\dashboard\\partials\\tables\\course_table.php')
 3 SYSTEMPATH\View\View.php(213): include('C:\\xampp\\htdocs\\bedell\\app\\Views\\dashboard\\courses.php')
 4 SYSTEMPATH\View\View.php(216): CodeIgniter\View\View->CodeIgniter\View\{closure}()
 5 SYSTEMPATH\Common.php(1184): CodeIgniter\View\View->render('dashboard/courses', [], true)
 6 APPPATH\Controllers\CoursesController.php(128): view('dashboard/courses', [...])
 7 SYSTEMPATH\CodeIgniter.php(934): App\Controllers\CoursesController->index()
 8 SYSTEMPATH\CodeIgniter.php(499): CodeIgniter\CodeIgniter->runController(Object(App\Controllers\CoursesController))
 9 SYSTEMPATH\CodeIgniter.php(368): CodeIgniter\CodeIgniter->handleRequest(null, Object(Config\Cache), false)
10 FCPATH\index.php(67): CodeIgniter\CodeIgniter->run()
INFO - 2024-01-15 16:22:44 --> Session: Class initialized using 'CodeIgniter\Session\Handlers\FileHandler' driver.
CRITICAL - 2024-01-15 16:22:44 --> Undefined index: featureImg
in APPPATH\Views\dashboard\partials\tables\course_table.php on line 29.
 1 APPPATH\Views\dashboard\partials\tables\course_table.php(29): CodeIgniter\Debug\Exceptions->errorHandler(8, 'Undefined index: featureImg', 'C:\\xampp\\htdocs\\bedell\\app\\Views\\dashboard\\partials\\tables\\course_table.php', 29, [...])
 2 APPPATH\Views\dashboard\courses.php(10): include('C:\\xampp\\htdocs\\bedell\\app\\Views\\dashboard\\partials\\tables\\course_table.php')
 3 SYSTEMPATH\View\View.php(213): include('C:\\xampp\\htdocs\\bedell\\app\\Views\\dashboard\\courses.php')
 4 SYSTEMPATH\View\View.php(216): CodeIgniter\View\View->CodeIgniter\View\{closure}()
 5 SYSTEMPATH\Common.php(1184): CodeIgniter\View\View->render('dashboard/courses', [], true)
 6 APPPATH\Controllers\CoursesController.php(128): view('dashboard/courses', [...])
 7 SYSTEMPATH\CodeIgniter.php(934): App\Controllers\CoursesController->index()
 8 SYSTEMPATH\CodeIgniter.php(499): CodeIgniter\CodeIgniter->runController(Object(App\Controllers\CoursesController))
 9 SYSTEMPATH\CodeIgniter.php(368): CodeIgniter\CodeIgniter->handleRequest(null, Object(Config\Cache), false)
10 FCPATH\index.php(67): CodeIgniter\CodeIgniter->run()
INFO - 2024-01-15 16:22:47 --> Session: Class initialized using 'CodeIgniter\Session\Handlers\FileHandler' driver.
CRITICAL - 2024-01-15 16:22:47 --> Undefined index: featureImg
in APPPATH\Views\dashboard\partials\tables\course_table.php on line 29.
 1 APPPATH\Views\dashboard\partials\tables\course_table.php(29): CodeIgniter\Debug\Exceptions->errorHandler(8, 'Undefined index: featureImg', 'C:\\xampp\\htdocs\\bedell\\app\\Views\\dashboard\\partials\\tables\\course_table.php', 29, [...])
 2 APPPATH\Views\dashboard\courses.php(10): include('C:\\xampp\\htdocs\\bedell\\app\\Views\\dashboard\\partials\\tables\\course_table.php')
 3 SYSTEMPATH\View\View.php(213): include('C:\\xampp\\htdocs\\bedell\\app\\Views\\dashboard\\courses.php')
 4 SYSTEMPATH\View\View.php(216): CodeIgniter\View\View->CodeIgniter\View\{closure}()
 5 SYSTEMPATH\Common.php(1184): CodeIgniter\View\View->render('dashboard/courses', [], true)
 6 APPPATH\Controllers\CoursesController.php(128): view('dashboard/courses', [...])
 7 SYSTEMPATH\CodeIgniter.php(934): App\Controllers\CoursesController->index()
 8 SYSTEMPATH\CodeIgniter.php(499): CodeIgniter\CodeIgniter->runController(Object(App\Controllers\CoursesController))
 9 SYSTEMPATH\CodeIgniter.php(368): CodeIgniter\CodeIgniter->handleRequest(null, Object(Config\Cache), false)
10 FCPATH\index.php(67): CodeIgniter\CodeIgniter->run()
INFO - 2024-01-15 16:22:47 --> Session: Class initialized using 'CodeIgniter\Session\Handlers\FileHandler' driver.
INFO - 2024-01-15 16:22:50 --> Session: Class initialized using 'CodeIgniter\Session\Handlers\FileHandler' driver.
CRITICAL - 2024-01-15 16:22:50 --> Undefined index: featureImg
in APPPATH\Views\dashboard\partials\tables\course_table.php on line 29.
 1 APPPATH\Views\dashboard\partials\tables\course_table.php(29): CodeIgniter\Debug\Exceptions->errorHandler(8, 'Undefined index: featureImg', 'C:\\xampp\\htdocs\\bedell\\app\\Views\\dashboard\\partials\\tables\\course_table.php', 29, [...])
 2 APPPATH\Views\dashboard\courses.php(10): include('C:\\xampp\\htdocs\\bedell\\app\\Views\\dashboard\\partials\\tables\\course_table.php')
 3 SYSTEMPATH\View\View.php(213): include('C:\\xampp\\htdocs\\bedell\\app\\Views\\dashboard\\courses.php')
 4 SYSTEMPATH\View\View.php(216): CodeIgniter\View\View->CodeIgniter\View\{closure}()
 5 SYSTEMPATH\Common.php(1184): CodeIgniter\View\View->render('dashboard/courses', [], true)
 6 APPPATH\Controllers\CoursesController.php(128): view('dashboard/courses', [...])
 7 SYSTEMPATH\CodeIgniter.php(934): App\Controllers\CoursesController->index()
 8 SYSTEMPATH\CodeIgniter.php(499): CodeIgniter\CodeIgniter->runController(Object(App\Controllers\CoursesController))
 9 SYSTEMPATH\CodeIgniter.php(368): CodeIgniter\CodeIgniter->handleRequest(null, Object(Config\Cache), false)
10 FCPATH\index.php(67): CodeIgniter\CodeIgniter->run()
INFO - 2024-01-15 16:23:03 --> Session: Class initialized using 'CodeIgniter\Session\Handlers\FileHandler' driver.
INFO - 2024-01-15 16:23:05 --> Session: Class initialized using 'CodeIgniter\Session\Handlers\FileHandler' driver.
CRITICAL - 2024-01-15 16:23:05 --> Undefined index: featureImg
in APPPATH\Views\dashboard\partials\tables\course_table.php on line 29.
 1 APPPATH\Views\dashboard\partials\tables\course_table.php(29): CodeIgniter\Debug\Exceptions->errorHandler(8, 'Undefined index: featureImg', 'C:\\xampp\\htdocs\\bedell\\app\\Views\\dashboard\\partials\\tables\\course_table.php', 29, [...])
 2 APPPATH\Views\dashboard\courses.php(10): include('C:\\xampp\\htdocs\\bedell\\app\\Views\\dashboard\\partials\\tables\\course_table.php')
 3 SYSTEMPATH\View\View.php(213): include('C:\\xampp\\htdocs\\bedell\\app\\Views\\dashboard\\courses.php')
 4 SYSTEMPATH\View\View.php(216): CodeIgniter\View\View->CodeIgniter\View\{closure}()
 5 SYSTEMPATH\Common.php(1184): CodeIgniter\View\View->render('dashboard/courses', [], true)
 6 APPPATH\Controllers\CoursesController.php(128): view('dashboard/courses', [...])
 7 SYSTEMPATH\CodeIgniter.php(934): App\Controllers\CoursesController->index()
 8 SYSTEMPATH\CodeIgniter.php(499): CodeIgniter\CodeIgniter->runController(Object(App\Controllers\CoursesController))
 9 SYSTEMPATH\CodeIgniter.php(368): CodeIgniter\CodeIgniter->handleRequest(null, Object(Config\Cache), false)
10 FCPATH\index.php(67): CodeIgniter\CodeIgniter->run()
INFO - 2024-01-15 16:23:30 --> Session: Class initialized using 'CodeIgniter\Session\Handlers\FileHandler' driver.
INFO - 2024-01-15 16:23:31 --> Session: Class initialized using 'CodeIgniter\Session\Handlers\FileHandler' driver.
INFO - 2024-01-15 16:24:05 --> Session: Class initialized using 'CodeIgniter\Session\Handlers\FileHandler' driver.
INFO - 2024-01-15 16:24:05 --> Session: Class initialized using 'CodeIgniter\Session\Handlers\FileHandler' driver.
INFO - 2024-01-15 16:24:05 --> Session: Class initialized using 'CodeIgniter\Session\Handlers\FileHandler' driver.
INFO - 2024-01-15 16:27:41 --> Session: Class initialized using 'CodeIgniter\Session\Handlers\FileHandler' driver.
INFO - 2024-01-15 16:28:06 --> Session: Class initialized using 'CodeIgniter\Session\Handlers\FileHandler' driver.
INFO - 2024-01-15 16:28:07 --> Session: Class initialized using 'CodeIgniter\Session\Handlers\FileHandler' driver.
INFO - 2024-01-15 17:02:04 --> Session: Class initialized using 'CodeIgniter\Session\Handlers\FileHandler' driver.
INFO - 2024-01-15 17:02:07 --> Session: Class initialized using 'CodeIgniter\Session\Handlers\FileHandler' driver.
INFO - 2024-01-15 17:02:18 --> Session: Class initialized using 'CodeIgniter\Session\Handlers\FileHandler' driver.
CRITICAL - 2024-01-15 17:02:18 --> Undefined index: featureImg
in APPPATH\Views\dashboard\partials\tables\course_table.php on line 19.
 1 APPPATH\Views\dashboard\partials\tables\course_table.php(19): CodeIgniter\Debug\Exceptions->errorHandler(8, 'Undefined index: featureImg', 'C:\\xampp\\htdocs\\bedell\\app\\Views\\dashboard\\partials\\tables\\course_table.php', 19, [...])
 2 APPPATH\Views\dashboard\courses.php(10): include('C:\\xampp\\htdocs\\bedell\\app\\Views\\dashboard\\partials\\tables\\course_table.php')
 3 SYSTEMPATH\View\View.php(213): include('C:\\xampp\\htdocs\\bedell\\app\\Views\\dashboard\\courses.php')
 4 SYSTEMPATH\View\View.php(216): CodeIgniter\View\View->CodeIgniter\View\{closure}()
 5 SYSTEMPATH\Common.php(1184): CodeIgniter\View\View->render('dashboard/courses', [], true)
 6 APPPATH\Controllers\CoursesController.php(128): view('dashboard/courses', [...])
 7 SYSTEMPATH\CodeIgniter.php(934): App\Controllers\CoursesController->index()
 8 SYSTEMPATH\CodeIgniter.php(499): CodeIgniter\CodeIgniter->runController(Object(App\Controllers\CoursesController))
 9 SYSTEMPATH\CodeIgniter.php(368): CodeIgniter\CodeIgniter->handleRequest(null, Object(Config\Cache), false)
10 FCPATH\index.php(67): CodeIgniter\CodeIgniter->run()
INFO - 2024-01-15 17:02:57 --> Session: Class initialized using 'CodeIgniter\Session\Handlers\FileHandler' driver.
INFO - 2024-01-15 17:06:28 --> Session: Class initialized using 'CodeIgniter\Session\Handlers\FileHandler' driver.
CRITICAL - 2024-01-15 17:06:28 --> Undefined index: id
in APPPATH\Views\dashboard\partials\tables\course_table.php on line 23.
 1 APPPATH\Views\dashboard\partials\tables\course_table.php(23): CodeIgniter\Debug\Exceptions->errorHandler(8, 'Undefined index: id', 'C:\\xampp\\htdocs\\bedell\\app\\Views\\dashboard\\partials\\tables\\course_table.php', 23, [...])
 2 APPPATH\Views\dashboard\courses.php(10): include('C:\\xampp\\htdocs\\bedell\\app\\Views\\dashboard\\partials\\tables\\course_table.php')
 3 SYSTEMPATH\View\View.php(213): include('C:\\xampp\\htdocs\\bedell\\app\\Views\\dashboard\\courses.php')
 4 SYSTEMPATH\View\View.php(216): CodeIgniter\View\View->CodeIgniter\View\{closure}()
 5 SYSTEMPATH\Common.php(1184): CodeIgniter\View\View->render('dashboard/courses', [], true)
 6 APPPATH\Controllers\CoursesController.php(128): view('dashboard/courses', [...])
 7 SYSTEMPATH\CodeIgniter.php(934): App\Controllers\CoursesController->index()
 8 SYSTEMPATH\CodeIgniter.php(499): CodeIgniter\CodeIgniter->runController(Object(App\Controllers\CoursesController))
 9 SYSTEMPATH\CodeIgniter.php(368): CodeIgniter\CodeIgniter->handleRequest(null, Object(Config\Cache), false)
10 FCPATH\index.php(67): CodeIgniter\CodeIgniter->run()
INFO - 2024-01-15 17:06:54 --> Session: Class initialized using 'CodeIgniter\Session\Handlers\FileHandler' driver.
INFO - 2024-01-15 17:07:15 --> Session: Class initialized using 'CodeIgniter\Session\Handlers\FileHandler' driver.
INFO - 2024-01-15 17:07:51 --> Session: Class initialized using 'CodeIgniter\Session\Handlers\FileHandler' driver.
INFO - 2024-01-15 17:08:10 --> Session: Class initialized using 'CodeIgniter\Session\Handlers\FileHandler' driver.
INFO - 2024-01-15 17:08:20 --> Session: Class initialized using 'CodeIgniter\Session\Handlers\FileHandler' driver.
INFO - 2024-01-15 17:08:21 --> Session: Class initialized using 'CodeIgniter\Session\Handlers\FileHandler' driver.
INFO - 2024-01-15 17:09:11 --> Session: Class initialized using 'CodeIgniter\Session\Handlers\FileHandler' driver.
CRITICAL - 2024-01-15 17:09:12 --> Invalid file: "dashboard/edit_courses.php"
in SYSTEMPATH\Exceptions\FrameworkException.php on line 33.
 1 SYSTEMPATH\View\View.php(201): CodeIgniter\Exceptions\FrameworkException::forInvalidFile('dashboard/edit_courses.php')
 2 SYSTEMPATH\Common.php(1184): CodeIgniter\View\View->render('dashboard/edit_courses', [], true)
 3 APPPATH\Controllers\CoursesController.php(265): view('dashboard/edit_courses', [...])
 4 SYSTEMPATH\CodeIgniter.php(934): App\Controllers\CoursesController->edit('2')
 5 SYSTEMPATH\CodeIgniter.php(499): CodeIgniter\CodeIgniter->runController(Object(App\Controllers\CoursesController))
 6 SYSTEMPATH\CodeIgniter.php(368): CodeIgniter\CodeIgniter->handleRequest(null, Object(Config\Cache), false)
 7 FCPATH\index.php(67): CodeIgniter\CodeIgniter->run()
INFO - 2024-01-15 17:09:12 --> Session: Class initialized using 'CodeIgniter\Session\Handlers\FileHandler' driver.
CRITICAL - 2024-01-15 17:09:12 --> Invalid file: "dashboard/edit_courses.php"
in SYSTEMPATH\Exceptions\FrameworkException.php on line 33.
 1 SYSTEMPATH\View\View.php(201): CodeIgniter\Exceptions\FrameworkException::forInvalidFile('dashboard/edit_courses.php')
 2 SYSTEMPATH\Common.php(1184): CodeIgniter\View\View->render('dashboard/edit_courses', [], true)
 3 APPPATH\Controllers\CoursesController.php(265): view('dashboard/edit_courses', [...])
 4 SYSTEMPATH\CodeIgniter.php(934): App\Controllers\CoursesController->edit('2')
 5 SYSTEMPATH\CodeIgniter.php(499): CodeIgniter\CodeIgniter->runController(Object(App\Controllers\CoursesController))
 6 SYSTEMPATH\CodeIgniter.php(368): CodeIgniter\CodeIgniter->handleRequest(null, Object(Config\Cache), false)
 7 FCPATH\index.php(67): CodeIgniter\CodeIgniter->run()
INFO - 2024-01-15 17:11:42 --> Session: Class initialized using 'CodeIgniter\Session\Handlers\FileHandler' driver.
INFO - 2024-01-15 17:12:04 --> Session: Class initialized using 'CodeIgniter\Session\Handlers\FileHandler' driver.
INFO - 2024-01-15 17:12:04 --> Session: Class initialized using 'CodeIgniter\Session\Handlers\FileHandler' driver.
INFO - 2024-01-15 17:12:09 --> Session: Class initialized using 'CodeIgniter\Session\Handlers\FileHandler' driver.
INFO - 2024-01-15 17:12:09 --> Session: Class initialized using 'CodeIgniter\Session\Handlers\FileHandler' driver.
INFO - 2024-01-15 17:16:59 --> Session: Class initialized using 'CodeIgniter\Session\Handlers\FileHandler' driver.
INFO - 2024-01-15 17:17:07 --> Session: Class initialized using 'CodeIgniter\Session\Handlers\FileHandler' driver.
INFO - 2024-01-15 17:17:09 --> Session: Class initialized using 'CodeIgniter\Session\Handlers\FileHandler' driver.
INFO - 2024-01-15 17:17:10 --> Session: Class initialized using 'CodeIgniter\Session\Handlers\FileHandler' driver.
INFO - 2024-01-15 17:18:59 --> Session: Class initialized using 'CodeIgniter\Session\Handlers\FileHandler' driver.
INFO - 2024-01-15 17:23:21 --> Session: Class initialized using 'CodeIgniter\Session\Handlers\FileHandler' driver.
INFO - 2024-01-15 17:25:08 --> Session: Class initialized using 'CodeIgniter\Session\Handlers\FileHandler' driver.
INFO - 2024-01-15 17:28:45 --> Session: Class initialized using 'CodeIgniter\Session\Handlers\FileHandler' driver.
INFO - 2024-01-15 17:33:39 --> Session: Class initialized using 'CodeIgniter\Session\Handlers\FileHandler' driver.
INFO - 2024-01-15 17:34:02 --> Session: Class initialized using 'CodeIgniter\Session\Handlers\FileHandler' driver.
INFO - 2024-01-15 17:36:32 --> Session: Class initialized using 'CodeIgniter\Session\Handlers\FileHandler' driver.
INFO - 2024-01-15 17:38:47 --> Session: Class initialized using 'CodeIgniter\Session\Handlers\FileHandler' driver.
INFO - 2024-01-15 17:51:27 --> Session: Class initialized using 'CodeIgniter\Session\Handlers\FileHandler' driver.
INFO - 2024-01-15 17:52:01 --> Session: Class initialized using 'CodeIgniter\Session\Handlers\FileHandler' driver.
INFO - 2024-01-15 17:52:34 --> Session: Class initialized using 'CodeIgniter\Session\Handlers\FileHandler' driver.
INFO - 2024-01-15 17:52:40 --> Session: Class initialized using 'CodeIgniter\Session\Handlers\FileHandler' driver.
INFO - 2024-01-15 17:52:54 --> Session: Class initialized using 'CodeIgniter\Session\Handlers\FileHandler' driver.
INFO - 2024-01-15 17:54:32 --> Session: Class initialized using 'CodeIgniter\Session\Handlers\FileHandler' driver.
CRITICAL - 2024-01-15 17:54:33 --> Undefined index: id
in APPPATH\Views\dashboard\partials\forms\edit_add_course_post.php on line 3.
 1 APPPATH\Views\dashboard\partials\forms\edit_add_course_post.php(3): CodeIgniter\Debug\Exceptions->errorHandler(8, 'Undefined index: id', 'C:\\xampp\\htdocs\\bedell\\app\\Views\\dashboard\\partials\\forms\\edit_add_course_post.php', 3, [...])
 2 APPPATH\Views\dashboard\edit_courses.php(12): include('C:\\xampp\\htdocs\\bedell\\app\\Views\\dashboard\\partials\\forms\\edit_add_course_post.php')
 3 SYSTEMPATH\View\View.php(213): include('C:\\xampp\\htdocs\\bedell\\app\\Views\\dashboard\\edit_courses.php')
 4 SYSTEMPATH\View\View.php(216): CodeIgniter\View\View->CodeIgniter\View\{closure}()
 5 SYSTEMPATH\Common.php(1184): CodeIgniter\View\View->render('dashboard/edit_courses', [], true)
 6 APPPATH\Controllers\CoursesController.php(265): view('dashboard/edit_courses', [...])
 7 SYSTEMPATH\CodeIgniter.php(934): App\Controllers\CoursesController->edit('2')
 8 SYSTEMPATH\CodeIgniter.php(499): CodeIgniter\CodeIgniter->runController(Object(App\Controllers\CoursesController))
 9 SYSTEMPATH\CodeIgniter.php(368): CodeIgniter\CodeIgniter->handleRequest(null, Object(Config\Cache), false)
10 FCPATH\index.php(67): CodeIgniter\CodeIgniter->run()
INFO - 2024-01-15 17:54:54 --> Session: Class initialized using 'CodeIgniter\Session\Handlers\FileHandler' driver.
INFO - 2024-01-15 17:55:27 --> Session: Class initialized using 'CodeIgniter\Session\Handlers\FileHandler' driver.
INFO - 2024-01-15 17:55:27 --> Session: Class initialized using 'CodeIgniter\Session\Handlers\FileHandler' driver.
INFO - 2024-01-15 17:59:00 --> Session: Class initialized using 'CodeIgniter\Session\Handlers\FileHandler' driver.
INFO - 2024-01-15 17:59:11 --> Session: Class initialized using 'CodeIgniter\Session\Handlers\FileHandler' driver.
INFO - 2024-01-15 17:59:12 --> Session: Class initialized using 'CodeIgniter\Session\Handlers\FileHandler' driver.
INFO - 2024-01-15 17:59:22 --> Session: Class initialized using 'CodeIgniter\Session\Handlers\FileHandler' driver.
INFO - 2024-01-15 17:59:32 --> Session: Class initialized using 'CodeIgniter\Session\Handlers\FileHandler' driver.
INFO - 2024-01-15 17:59:33 --> Session: Class initialized using 'CodeIgniter\Session\Handlers\FileHandler' driver.
