INFO - 2023-06-22 00:40:24 --> Session: Class initialized using 'CodeIgniter\Session\Handlers\FileHandler' driver.
INFO - 2023-06-22 00:40:25 --> Session: Class initialized using 'CodeIgniter\Session\Handlers\FileHandler' driver.
INFO - 2023-06-22 00:40:30 --> Session: Class initialized using 'CodeIgniter\Session\Handlers\FileHandler' driver.
INFO - 2023-06-22 00:40:31 --> Session: Class initialized using 'CodeIgniter\Session\Handlers\FileHandler' driver.
INFO - 2023-06-22 00:40:34 --> Session: Class initialized using 'CodeIgniter\Session\Handlers\FileHandler' driver.
INFO - 2023-06-22 00:40:37 --> Session: Class initialized using 'CodeIgniter\Session\Handlers\FileHandler' driver.
INFO - 2023-06-22 00:40:41 --> Session: Class initialized using 'CodeIgniter\Session\Handlers\FileHandler' driver.
INFO - 2023-06-22 00:40:51 --> Session: Class initialized using 'CodeIgniter\Session\Handlers\FileHandler' driver.
INFO - 2023-06-22 00:42:30 --> Session: Class initialized using 'CodeIgniter\Session\Handlers\FileHandler' driver.
INFO - 2023-06-22 00:42:57 --> Session: Class initialized using 'CodeIgniter\Session\Handlers\FileHandler' driver.
INFO - 2023-06-22 00:43:26 --> Session: Class initialized using 'CodeIgniter\Session\Handlers\FileHandler' driver.
INFO - 2023-06-22 00:43:28 --> Session: Class initialized using 'CodeIgniter\Session\Handlers\FileHandler' driver.
INFO - 2023-06-22 00:43:46 --> Session: Class initialized using 'CodeIgniter\Session\Handlers\FileHandler' driver.
CRITICAL - 2023-06-22 00:43:46 --> Class 'App\Models\MessageModel' not found
in APPPATH\Controllers\Agent.php on line 53.
 1 SYSTEMPATH\CodeIgniter.php(934): App\Controllers\Agent->compose()
 2 SYSTEMPATH\CodeIgniter.php(499): CodeIgniter\CodeIgniter->runController(Object(App\Controllers\Agent))
 3 SYSTEMPATH\CodeIgniter.php(368): CodeIgniter\CodeIgniter->handleRequest(null, Object(Config\Cache), false)
 4 FCPATH\index.php(67): CodeIgniter\CodeIgniter->run()
INFO - 2023-06-22 00:45:07 --> Session: Class initialized using 'CodeIgniter\Session\Handlers\FileHandler' driver.
CRITICAL - 2023-06-22 00:45:07 --> Class 'App\Models\MessageModel' not found
in APPPATH\Controllers\Agent.php on line 53.
 1 SYSTEMPATH\CodeIgniter.php(934): App\Controllers\Agent->compose()
 2 SYSTEMPATH\CodeIgniter.php(499): CodeIgniter\CodeIgniter->runController(Object(App\Controllers\Agent))
 3 SYSTEMPATH\CodeIgniter.php(368): CodeIgniter\CodeIgniter->handleRequest(null, Object(Config\Cache), false)
 4 FCPATH\index.php(67): CodeIgniter\CodeIgniter->run()
INFO - 2023-06-22 00:46:00 --> Session: Class initialized using 'CodeIgniter\Session\Handlers\FileHandler' driver.
INFO - 2023-06-22 00:46:00 --> Session: Class initialized using 'CodeIgniter\Session\Handlers\FileHandler' driver.
INFO - 2023-06-22 00:47:41 --> Session: Class initialized using 'CodeIgniter\Session\Handlers\FileHandler' driver.
INFO - 2023-06-22 00:47:53 --> Session: Class initialized using 'CodeIgniter\Session\Handlers\FileHandler' driver.
INFO - 2023-06-22 00:47:53 --> Session: Class initialized using 'CodeIgniter\Session\Handlers\FileHandler' driver.
INFO - 2023-06-22 00:49:55 --> Session: Class initialized using 'CodeIgniter\Session\Handlers\FileHandler' driver.
INFO - 2023-06-22 00:50:24 --> Session: Class initialized using 'CodeIgniter\Session\Handlers\FileHandler' driver.
INFO - 2023-06-22 00:50:25 --> Session: Class initialized using 'CodeIgniter\Session\Handlers\FileHandler' driver.
INFO - 2023-06-22 00:52:43 --> Session: Class initialized using 'CodeIgniter\Session\Handlers\FileHandler' driver.
INFO - 2023-06-22 00:52:47 --> Session: Class initialized using 'CodeIgniter\Session\Handlers\FileHandler' driver.
INFO - 2023-06-22 00:53:15 --> Session: Class initialized using 'CodeIgniter\Session\Handlers\FileHandler' driver.
INFO - 2023-06-22 00:53:15 --> Session: Class initialized using 'CodeIgniter\Session\Handlers\FileHandler' driver.
INFO - 2023-06-22 00:53:23 --> Session: Class initialized using 'CodeIgniter\Session\Handlers\FileHandler' driver.
INFO - 2023-06-22 02:13:16 --> Session: Class initialized using 'CodeIgniter\Session\Handlers\FileHandler' driver.
INFO - 2023-06-22 02:15:48 --> Session: Class initialized using 'CodeIgniter\Session\Handlers\FileHandler' driver.
INFO - 2023-06-22 02:26:24 --> Session: Class initialized using 'CodeIgniter\Session\Handlers\FileHandler' driver.
ERROR - 2023-06-22 02:26:24 --> mysqli_sql_exception: Table 'gibsononlinestore.user' doesn't exist in C:\xampp\htdocs\eventry\system\Database\MySQLi\Connection.php:295
Stack trace:
#0 C:\xampp\htdocs\eventry\system\Database\MySQLi\Connection.php(295): mysqli->query('SELECT `message...', 0)
#1 C:\xampp\htdocs\eventry\system\Database\BaseConnection.php(692): CodeIgniter\Database\MySQLi\Connection->execute('SELECT `message...')
#2 C:\xampp\htdocs\eventry\system\Database\BaseConnection.php(606): CodeIgniter\Database\BaseConnection->simpleQuery('SELECT `message...')
#3 C:\xampp\htdocs\eventry\system\Database\BaseBuilder.php(1616): CodeIgniter\Database\BaseConnection->query('SELECT `message...', Array, false)
#4 C:\xampp\htdocs\eventry\app\Models\MessageModel.php(23): CodeIgniter\Database\BaseBuilder->get()
#5 C:\xampp\htdocs\eventry\app\Controllers\Agent.php(34): App\Models\MessageModel->userMessages('1004')
#6 C:\xampp\htdocs\eventry\system\CodeIgniter.php(934): App\Controllers\Agent->inbox()
#7 C:\xampp\htdocs\eventry\system\CodeIgniter.php(499): CodeIgniter\CodeIgniter->runController(Object(App\Controllers\Agent))
#8 C:\xampp\htdocs\eventry\system\CodeIgniter.php(368): CodeIgniter\CodeIgniter->handleRequest(NULL, Object(Config\Cache), false)
#9 C:\xampp\htdocs\eventry\public\index.php(67): CodeIgniter\CodeIgniter->run()
#10 {main}
CRITICAL - 2023-06-22 02:26:24 --> Table 'gibsononlinestore.user' doesn't exist
in SYSTEMPATH\Database\MySQLi\Connection.php on line 295.
 1 SYSTEMPATH\Database\MySQLi\Connection.php(295): mysqli->query('SELECT `message`.*
FROM `messages`
JOIN `user` ON `user`.`rfc` = `message`.`sender`
WHERE `message`.`receiver` = \'1004\'', 0)
 2 SYSTEMPATH\Database\BaseConnection.php(692): CodeIgniter\Database\MySQLi\Connection->execute('SELECT `message`.*
FROM `messages`
JOIN `user` ON `user`.`rfc` = `message`.`sender`
WHERE `message`.`receiver` = \'1004\'')
 3 SYSTEMPATH\Database\BaseConnection.php(606): CodeIgniter\Database\BaseConnection->simpleQuery('SELECT `message`.*
FROM `messages`
JOIN `user` ON `user`.`rfc` = `message`.`sender`
WHERE `message`.`receiver` = \'1004\'')
 4 SYSTEMPATH\Database\BaseBuilder.php(1616): CodeIgniter\Database\BaseConnection->query('SELECT `message`.*
FROM `messages`
JOIN `user` ON `user`.`rfc` = `message`.`sender`
WHERE `message`.`receiver` = :message.receiver:', [...], false)
 5 APPPATH\Models\MessageModel.php(23): CodeIgniter\Database\BaseBuilder->get()
 6 APPPATH\Controllers\Agent.php(34): App\Models\MessageModel->userMessages('1004')
 7 SYSTEMPATH\CodeIgniter.php(934): App\Controllers\Agent->inbox()
 8 SYSTEMPATH\CodeIgniter.php(499): CodeIgniter\CodeIgniter->runController(Object(App\Controllers\Agent))
 9 SYSTEMPATH\CodeIgniter.php(368): CodeIgniter\CodeIgniter->handleRequest(null, Object(Config\Cache), false)
10 FCPATH\index.php(67): CodeIgniter\CodeIgniter->run()
INFO - 2023-06-22 02:26:54 --> Session: Class initialized using 'CodeIgniter\Session\Handlers\FileHandler' driver.
ERROR - 2023-06-22 02:26:54 --> mysqli_sql_exception: Unknown table 'gibsononlinestore.message' in C:\xampp\htdocs\eventry\system\Database\MySQLi\Connection.php:295
Stack trace:
#0 C:\xampp\htdocs\eventry\system\Database\MySQLi\Connection.php(295): mysqli->query('SELECT `message...', 0)
#1 C:\xampp\htdocs\eventry\system\Database\BaseConnection.php(692): CodeIgniter\Database\MySQLi\Connection->execute('SELECT `message...')
#2 C:\xampp\htdocs\eventry\system\Database\BaseConnection.php(606): CodeIgniter\Database\BaseConnection->simpleQuery('SELECT `message...')
#3 C:\xampp\htdocs\eventry\system\Database\BaseBuilder.php(1616): CodeIgniter\Database\BaseConnection->query('SELECT `message...', Array, false)
#4 C:\xampp\htdocs\eventry\app\Models\MessageModel.php(23): CodeIgniter\Database\BaseBuilder->get()
#5 C:\xampp\htdocs\eventry\app\Controllers\Agent.php(34): App\Models\MessageModel->userMessages('1004')
#6 C:\xampp\htdocs\eventry\system\CodeIgniter.php(934): App\Controllers\Agent->inbox()
#7 C:\xampp\htdocs\eventry\system\CodeIgniter.php(499): CodeIgniter\CodeIgniter->runController(Object(App\Controllers\Agent))
#8 C:\xampp\htdocs\eventry\system\CodeIgniter.php(368): CodeIgniter\CodeIgniter->handleRequest(NULL, Object(Config\Cache), false)
#9 C:\xampp\htdocs\eventry\public\index.php(67): CodeIgniter\CodeIgniter->run()
#10 {main}
CRITICAL - 2023-06-22 02:26:54 --> Unknown table 'gibsononlinestore.message'
in SYSTEMPATH\Database\MySQLi\Connection.php on line 295.
 1 SYSTEMPATH\Database\MySQLi\Connection.php(295): mysqli->query('SELECT `message`.*
FROM `messages`
JOIN `users` ON `users`.`rfc` = `message`.`sender`
WHERE `message`.`receiver` = \'1004\'', 0)
 2 SYSTEMPATH\Database\BaseConnection.php(692): CodeIgniter\Database\MySQLi\Connection->execute('SELECT `message`.*
FROM `messages`
JOIN `users` ON `users`.`rfc` = `message`.`sender`
WHERE `message`.`receiver` = \'1004\'')
 3 SYSTEMPATH\Database\BaseConnection.php(606): CodeIgniter\Database\BaseConnection->simpleQuery('SELECT `message`.*
FROM `messages`
JOIN `users` ON `users`.`rfc` = `message`.`sender`
WHERE `message`.`receiver` = \'1004\'')
 4 SYSTEMPATH\Database\BaseBuilder.php(1616): CodeIgniter\Database\BaseConnection->query('SELECT `message`.*
FROM `messages`
JOIN `users` ON `users`.`rfc` = `message`.`sender`
WHERE `message`.`receiver` = :message.receiver:', [...], false)
 5 APPPATH\Models\MessageModel.php(23): CodeIgniter\Database\BaseBuilder->get()
 6 APPPATH\Controllers\Agent.php(34): App\Models\MessageModel->userMessages('1004')
 7 SYSTEMPATH\CodeIgniter.php(934): App\Controllers\Agent->inbox()
 8 SYSTEMPATH\CodeIgniter.php(499): CodeIgniter\CodeIgniter->runController(Object(App\Controllers\Agent))
 9 SYSTEMPATH\CodeIgniter.php(368): CodeIgniter\CodeIgniter->handleRequest(null, Object(Config\Cache), false)
10 FCPATH\index.php(67): CodeIgniter\CodeIgniter->run()
INFO - 2023-06-22 02:27:11 --> Session: Class initialized using 'CodeIgniter\Session\Handlers\FileHandler' driver.
ERROR - 2023-06-22 02:27:11 --> mysqli_sql_exception: Unknown table 'gibsononlinestore.message' in C:\xampp\htdocs\eventry\system\Database\MySQLi\Connection.php:295
Stack trace:
#0 C:\xampp\htdocs\eventry\system\Database\MySQLi\Connection.php(295): mysqli->query('SELECT `message...', 0)
#1 C:\xampp\htdocs\eventry\system\Database\BaseConnection.php(692): CodeIgniter\Database\MySQLi\Connection->execute('SELECT `message...')
#2 C:\xampp\htdocs\eventry\system\Database\BaseConnection.php(606): CodeIgniter\Database\BaseConnection->simpleQuery('SELECT `message...')
#3 C:\xampp\htdocs\eventry\system\Database\BaseBuilder.php(1616): CodeIgniter\Database\BaseConnection->query('SELECT `message...', Array, false)
#4 C:\xampp\htdocs\eventry\app\Models\MessageModel.php(23): CodeIgniter\Database\BaseBuilder->get()
#5 C:\xampp\htdocs\eventry\app\Controllers\Agent.php(34): App\Models\MessageModel->userMessages('1004')
#6 C:\xampp\htdocs\eventry\system\CodeIgniter.php(934): App\Controllers\Agent->inbox()
#7 C:\xampp\htdocs\eventry\system\CodeIgniter.php(499): CodeIgniter\CodeIgniter->runController(Object(App\Controllers\Agent))
#8 C:\xampp\htdocs\eventry\system\CodeIgniter.php(368): CodeIgniter\CodeIgniter->handleRequest(NULL, Object(Config\Cache), false)
#9 C:\xampp\htdocs\eventry\public\index.php(67): CodeIgniter\CodeIgniter->run()
#10 {main}
CRITICAL - 2023-06-22 02:27:11 --> Unknown table 'gibsononlinestore.message'
in SYSTEMPATH\Database\MySQLi\Connection.php on line 295.
 1 SYSTEMPATH\Database\MySQLi\Connection.php(295): mysqli->query('SELECT `message`.*
FROM `messages`
JOIN `users` ON `users`.`rfc` = `message`.`sender`
WHERE `messages`.`receiver` = \'1004\'', 0)
 2 SYSTEMPATH\Database\BaseConnection.php(692): CodeIgniter\Database\MySQLi\Connection->execute('SELECT `message`.*
FROM `messages`
JOIN `users` ON `users`.`rfc` = `message`.`sender`
WHERE `messages`.`receiver` = \'1004\'')
 3 SYSTEMPATH\Database\BaseConnection.php(606): CodeIgniter\Database\BaseConnection->simpleQuery('SELECT `message`.*
FROM `messages`
JOIN `users` ON `users`.`rfc` = `message`.`sender`
WHERE `messages`.`receiver` = \'1004\'')
 4 SYSTEMPATH\Database\BaseBuilder.php(1616): CodeIgniter\Database\BaseConnection->query('SELECT `message`.*
FROM `messages`
JOIN `users` ON `users`.`rfc` = `message`.`sender`
WHERE `messages`.`receiver` = :messages.receiver:', [...], false)
 5 APPPATH\Models\MessageModel.php(23): CodeIgniter\Database\BaseBuilder->get()
 6 APPPATH\Controllers\Agent.php(34): App\Models\MessageModel->userMessages('1004')
 7 SYSTEMPATH\CodeIgniter.php(934): App\Controllers\Agent->inbox()
 8 SYSTEMPATH\CodeIgniter.php(499): CodeIgniter\CodeIgniter->runController(Object(App\Controllers\Agent))
 9 SYSTEMPATH\CodeIgniter.php(368): CodeIgniter\CodeIgniter->handleRequest(null, Object(Config\Cache), false)
10 FCPATH\index.php(67): CodeIgniter\CodeIgniter->run()
INFO - 2023-06-22 02:27:32 --> Session: Class initialized using 'CodeIgniter\Session\Handlers\FileHandler' driver.
ERROR - 2023-06-22 02:27:32 --> mysqli_sql_exception: Unknown table 'gibsononlinestore.message' in C:\xampp\htdocs\eventry\system\Database\MySQLi\Connection.php:295
Stack trace:
#0 C:\xampp\htdocs\eventry\system\Database\MySQLi\Connection.php(295): mysqli->query('SELECT `message...', 0)
#1 C:\xampp\htdocs\eventry\system\Database\BaseConnection.php(692): CodeIgniter\Database\MySQLi\Connection->execute('SELECT `message...')
#2 C:\xampp\htdocs\eventry\system\Database\BaseConnection.php(606): CodeIgniter\Database\BaseConnection->simpleQuery('SELECT `message...')
#3 C:\xampp\htdocs\eventry\system\Database\BaseBuilder.php(1616): CodeIgniter\Database\BaseConnection->query('SELECT `message...', Array, false)
#4 C:\xampp\htdocs\eventry\app\Models\MessageModel.php(23): CodeIgniter\Database\BaseBuilder->get()
#5 C:\xampp\htdocs\eventry\app\Controllers\Agent.php(34): App\Models\MessageModel->userMessages('1004')
#6 C:\xampp\htdocs\eventry\system\CodeIgniter.php(934): App\Controllers\Agent->inbox()
#7 C:\xampp\htdocs\eventry\system\CodeIgniter.php(499): CodeIgniter\CodeIgniter->runController(Object(App\Controllers\Agent))
#8 C:\xampp\htdocs\eventry\system\CodeIgniter.php(368): CodeIgniter\CodeIgniter->handleRequest(NULL, Object(Config\Cache), false)
#9 C:\xampp\htdocs\eventry\public\index.php(67): CodeIgniter\CodeIgniter->run()
#10 {main}
CRITICAL - 2023-06-22 02:27:32 --> Unknown table 'gibsononlinestore.message'
in SYSTEMPATH\Database\MySQLi\Connection.php on line 295.
 1 SYSTEMPATH\Database\MySQLi\Connection.php(295): mysqli->query('SELECT `message`.*
FROM `messages`
JOIN `users` ON `users`.`rfc` = `messages`.`sender`
WHERE `messages`.`receiver` = \'1004\'', 0)
 2 SYSTEMPATH\Database\BaseConnection.php(692): CodeIgniter\Database\MySQLi\Connection->execute('SELECT `message`.*
FROM `messages`
JOIN `users` ON `users`.`rfc` = `messages`.`sender`
WHERE `messages`.`receiver` = \'1004\'')
 3 SYSTEMPATH\Database\BaseConnection.php(606): CodeIgniter\Database\BaseConnection->simpleQuery('SELECT `message`.*
FROM `messages`
JOIN `users` ON `users`.`rfc` = `messages`.`sender`
WHERE `messages`.`receiver` = \'1004\'')
 4 SYSTEMPATH\Database\BaseBuilder.php(1616): CodeIgniter\Database\BaseConnection->query('SELECT `message`.*
FROM `messages`
JOIN `users` ON `users`.`rfc` = `messages`.`sender`
WHERE `messages`.`receiver` = :messages.receiver:', [...], false)
 5 APPPATH\Models\MessageModel.php(23): CodeIgniter\Database\BaseBuilder->get()
 6 APPPATH\Controllers\Agent.php(34): App\Models\MessageModel->userMessages('1004')
 7 SYSTEMPATH\CodeIgniter.php(934): App\Controllers\Agent->inbox()
 8 SYSTEMPATH\CodeIgniter.php(499): CodeIgniter\CodeIgniter->runController(Object(App\Controllers\Agent))
 9 SYSTEMPATH\CodeIgniter.php(368): CodeIgniter\CodeIgniter->handleRequest(null, Object(Config\Cache), false)
10 FCPATH\index.php(67): CodeIgniter\CodeIgniter->run()
INFO - 2023-06-22 02:27:49 --> Session: Class initialized using 'CodeIgniter\Session\Handlers\FileHandler' driver.
INFO - 2023-06-22 02:28:28 --> Session: Class initialized using 'CodeIgniter\Session\Handlers\FileHandler' driver.
INFO - 2023-06-22 02:31:39 --> Session: Class initialized using 'CodeIgniter\Session\Handlers\FileHandler' driver.
INFO - 2023-06-22 02:38:13 --> Session: Class initialized using 'CodeIgniter\Session\Handlers\FileHandler' driver.
INFO - 2023-06-22 02:38:57 --> Session: Class initialized using 'CodeIgniter\Session\Handlers\FileHandler' driver.
CRITICAL - 2023-06-22 02:38:57 --> Undefined variable: userProfile
in APPPATH\Views\agents\layout.php on line 2.
 1 APPPATH\Views\agents\layout.php(2): CodeIgniter\Debug\Exceptions->errorHandler(8, 'Undefined variable: userProfile', 'C:\\xampp\\htdocs\\eventry\\app\\Views\\agents\\layout.php', 2, [...])
 2 SYSTEMPATH\View\View.php(213): include('C:\\xampp\\htdocs\\eventry\\app\\Views\\agents\\layout.php')
 3 SYSTEMPATH\View\View.php(216): CodeIgniter\View\View->CodeIgniter\View\{closure}()
 4 SYSTEMPATH\View\View.php(229): CodeIgniter\View\View->render('agents/layout', [], true)
 5 SYSTEMPATH\Common.php(1184): CodeIgniter\View\View->render('agents/inbox', [], true)
 6 APPPATH\Controllers\Agent.php(38): view('agents/inbox', [...])
 7 SYSTEMPATH\CodeIgniter.php(934): App\Controllers\Agent->inbox()
 8 SYSTEMPATH\CodeIgniter.php(499): CodeIgniter\CodeIgniter->runController(Object(App\Controllers\Agent))
 9 SYSTEMPATH\CodeIgniter.php(368): CodeIgniter\CodeIgniter->handleRequest(null, Object(Config\Cache), false)
10 FCPATH\index.php(67): CodeIgniter\CodeIgniter->run()
INFO - 2023-06-22 02:41:07 --> Session: Class initialized using 'CodeIgniter\Session\Handlers\FileHandler' driver.
INFO - 2023-06-22 02:41:20 --> Session: Class initialized using 'CodeIgniter\Session\Handlers\FileHandler' driver.
INFO - 2023-06-22 02:43:27 --> Session: Class initialized using 'CodeIgniter\Session\Handlers\FileHandler' driver.
INFO - 2023-06-22 02:48:02 --> Session: Class initialized using 'CodeIgniter\Session\Handlers\FileHandler' driver.
INFO - 2023-06-22 02:53:12 --> Session: Class initialized using 'CodeIgniter\Session\Handlers\FileHandler' driver.
INFO - 2023-06-22 02:54:33 --> Session: Class initialized using 'CodeIgniter\Session\Handlers\FileHandler' driver.
CRITICAL - 2023-06-22 02:54:33 --> Trying to get property 'username' of non-object
in APPPATH\Views\agents\layout.php on line 94.
 1 APPPATH\Views\agents\layout.php(94): CodeIgniter\Debug\Exceptions->errorHandler(8, 'Trying to get property \'username\' of non-object', 'C:\\xampp\\htdocs\\eventry\\app\\Views\\agents\\layout.php', 94, [...])
 2 SYSTEMPATH\View\View.php(213): include('C:\\xampp\\htdocs\\eventry\\app\\Views\\agents\\layout.php')
 3 SYSTEMPATH\View\View.php(216): CodeIgniter\View\View->CodeIgniter\View\{closure}()
 4 SYSTEMPATH\View\View.php(229): CodeIgniter\View\View->render('agents/layout', [], true)
 5 SYSTEMPATH\Common.php(1184): CodeIgniter\View\View->render('agents/index', [], true)
 6 APPPATH\Controllers\Agent.php(31): view('agents/index', [...])
 7 SYSTEMPATH\CodeIgniter.php(934): App\Controllers\Agent->index()
 8 SYSTEMPATH\CodeIgniter.php(499): CodeIgniter\CodeIgniter->runController(Object(App\Controllers\Agent))
 9 SYSTEMPATH\CodeIgniter.php(368): CodeIgniter\CodeIgniter->handleRequest(null, Object(Config\Cache), false)
10 FCPATH\index.php(67): CodeIgniter\CodeIgniter->run()
INFO - 2023-06-22 02:54:57 --> Session: Class initialized using 'CodeIgniter\Session\Handlers\FileHandler' driver.
CRITICAL - 2023-06-22 02:54:57 --> Undefined index: username
in APPPATH\Views\agents\layout.php on line 94.
 1 APPPATH\Views\agents\layout.php(94): CodeIgniter\Debug\Exceptions->errorHandler(8, 'Undefined index: username', 'C:\\xampp\\htdocs\\eventry\\app\\Views\\agents\\layout.php', 94, [...])
 2 SYSTEMPATH\View\View.php(213): include('C:\\xampp\\htdocs\\eventry\\app\\Views\\agents\\layout.php')
 3 SYSTEMPATH\View\View.php(216): CodeIgniter\View\View->CodeIgniter\View\{closure}()
 4 SYSTEMPATH\View\View.php(229): CodeIgniter\View\View->render('agents/layout', [], true)
 5 SYSTEMPATH\Common.php(1184): CodeIgniter\View\View->render('agents/index', [], true)
 6 APPPATH\Controllers\Agent.php(31): view('agents/index', [...])
 7 SYSTEMPATH\CodeIgniter.php(934): App\Controllers\Agent->index()
 8 SYSTEMPATH\CodeIgniter.php(499): CodeIgniter\CodeIgniter->runController(Object(App\Controllers\Agent))
 9 SYSTEMPATH\CodeIgniter.php(368): CodeIgniter\CodeIgniter->handleRequest(null, Object(Config\Cache), false)
10 FCPATH\index.php(67): CodeIgniter\CodeIgniter->run()
INFO - 2023-06-22 02:55:39 --> Session: Class initialized using 'CodeIgniter\Session\Handlers\FileHandler' driver.
INFO - 2023-06-22 02:56:13 --> Session: Class initialized using 'CodeIgniter\Session\Handlers\FileHandler' driver.
CRITICAL - 2023-06-22 02:56:13 --> Undefined index: username
in APPPATH\Views\agents\layout.php on line 94.
 1 APPPATH\Views\agents\layout.php(94): CodeIgniter\Debug\Exceptions->errorHandler(8, 'Undefined index: username', 'C:\\xampp\\htdocs\\eventry\\app\\Views\\agents\\layout.php', 94, [...])
 2 SYSTEMPATH\View\View.php(213): include('C:\\xampp\\htdocs\\eventry\\app\\Views\\agents\\layout.php')
 3 SYSTEMPATH\View\View.php(216): CodeIgniter\View\View->CodeIgniter\View\{closure}()
 4 SYSTEMPATH\View\View.php(229): CodeIgniter\View\View->render('agents/layout', [], true)
 5 SYSTEMPATH\Common.php(1184): CodeIgniter\View\View->render('agents/index', [], true)
 6 APPPATH\Controllers\Agent.php(31): view('agents/index', [...])
 7 SYSTEMPATH\CodeIgniter.php(934): App\Controllers\Agent->index()
 8 SYSTEMPATH\CodeIgniter.php(499): CodeIgniter\CodeIgniter->runController(Object(App\Controllers\Agent))
 9 SYSTEMPATH\CodeIgniter.php(368): CodeIgniter\CodeIgniter->handleRequest(null, Object(Config\Cache), false)
10 FCPATH\index.php(67): CodeIgniter\CodeIgniter->run()
INFO - 2023-06-22 02:58:55 --> Session: Class initialized using 'CodeIgniter\Session\Handlers\FileHandler' driver.
CRITICAL - 2023-06-22 02:58:56 --> Cannot use object of type stdClass as array
in APPPATH\Views\agents\layout.php on line 94.
 1 SYSTEMPATH\View\View.php(213): include()
 2 SYSTEMPATH\View\View.php(216): CodeIgniter\View\View->CodeIgniter\View\{closure}()
 3 SYSTEMPATH\View\View.php(229): CodeIgniter\View\View->render('agents/layout', [], true)
 4 SYSTEMPATH\Common.php(1184): CodeIgniter\View\View->render('agents/index', [], true)
 5 APPPATH\Controllers\Agent.php(31): view('agents/index', [...])
 6 SYSTEMPATH\CodeIgniter.php(934): App\Controllers\Agent->index()
 7 SYSTEMPATH\CodeIgniter.php(499): CodeIgniter\CodeIgniter->runController(Object(App\Controllers\Agent))
 8 SYSTEMPATH\CodeIgniter.php(368): CodeIgniter\CodeIgniter->handleRequest(null, Object(Config\Cache), false)
 9 FCPATH\index.php(67): CodeIgniter\CodeIgniter->run()
INFO - 2023-06-22 02:59:21 --> Session: Class initialized using 'CodeIgniter\Session\Handlers\FileHandler' driver.
INFO - 2023-06-22 02:59:48 --> Session: Class initialized using 'CodeIgniter\Session\Handlers\FileHandler' driver.
INFO - 2023-06-22 03:00:17 --> Session: Class initialized using 'CodeIgniter\Session\Handlers\FileHandler' driver.
INFO - 2023-06-22 03:00:59 --> Session: Class initialized using 'CodeIgniter\Session\Handlers\FileHandler' driver.
INFO - 2023-06-22 03:01:03 --> Session: Class initialized using 'CodeIgniter\Session\Handlers\FileHandler' driver.
INFO - 2023-06-22 03:01:14 --> Session: Class initialized using 'CodeIgniter\Session\Handlers\FileHandler' driver.
INFO - 2023-06-22 03:01:15 --> Session: Class initialized using 'CodeIgniter\Session\Handlers\FileHandler' driver.
INFO - 2023-06-22 03:01:21 --> Session: Class initialized using 'CodeIgniter\Session\Handlers\FileHandler' driver.
INFO - 2023-06-22 03:01:25 --> Session: Class initialized using 'CodeIgniter\Session\Handlers\FileHandler' driver.
INFO - 2023-06-22 03:01:31 --> Session: Class initialized using 'CodeIgniter\Session\Handlers\FileHandler' driver.
INFO - 2023-06-22 03:01:31 --> Session: Class initialized using 'CodeIgniter\Session\Handlers\FileHandler' driver.
INFO - 2023-06-22 03:09:40 --> Session: Class initialized using 'CodeIgniter\Session\Handlers\FileHandler' driver.
INFO - 2023-06-22 03:09:43 --> Session: Class initialized using 'CodeIgniter\Session\Handlers\FileHandler' driver.
INFO - 2023-06-22 03:09:45 --> Session: Class initialized using 'CodeIgniter\Session\Handlers\FileHandler' driver.
INFO - 2023-06-22 03:09:52 --> Session: Class initialized using 'CodeIgniter\Session\Handlers\FileHandler' driver.
INFO - 2023-06-22 03:10:13 --> Session: Class initialized using 'CodeIgniter\Session\Handlers\FileHandler' driver.
INFO - 2023-06-22 03:10:17 --> Session: Class initialized using 'CodeIgniter\Session\Handlers\FileHandler' driver.
INFO - 2023-06-22 03:10:58 --> Session: Class initialized using 'CodeIgniter\Session\Handlers\FileHandler' driver.
INFO - 2023-06-22 03:25:56 --> Session: Class initialized using 'CodeIgniter\Session\Handlers\FileHandler' driver.
INFO - 2023-06-22 03:29:36 --> Session: Class initialized using 'CodeIgniter\Session\Handlers\FileHandler' driver.
CRITICAL - 2023-06-22 03:29:36 --> Undefined variable: subject
in APPPATH\Views\agents\inbox.php on line 36.
 1 APPPATH\Views\agents\inbox.php(36): CodeIgniter\Debug\Exceptions->errorHandler(8, 'Undefined variable: subject', 'C:\\xampp\\htdocs\\eventry\\app\\Views\\agents\\inbox.php', 36, [...])
 2 SYSTEMPATH\View\View.php(213): include('C:\\xampp\\htdocs\\eventry\\app\\Views\\agents\\inbox.php')
 3 SYSTEMPATH\View\View.php(216): CodeIgniter\View\View->CodeIgniter\View\{closure}()
 4 SYSTEMPATH\Common.php(1184): CodeIgniter\View\View->render('agents/inbox', [], true)
 5 APPPATH\Controllers\Agent.php(45): view('agents/inbox', [...])
 6 SYSTEMPATH\CodeIgniter.php(934): App\Controllers\Agent->inbox()
 7 SYSTEMPATH\CodeIgniter.php(499): CodeIgniter\CodeIgniter->runController(Object(App\Controllers\Agent))
 8 SYSTEMPATH\CodeIgniter.php(368): CodeIgniter\CodeIgniter->handleRequest(null, Object(Config\Cache), false)
 9 FCPATH\index.php(67): CodeIgniter\CodeIgniter->run()
INFO - 2023-06-22 03:30:03 --> Session: Class initialized using 'CodeIgniter\Session\Handlers\FileHandler' driver.
INFO - 2023-06-22 03:31:08 --> Session: Class initialized using 'CodeIgniter\Session\Handlers\FileHandler' driver.
CRITICAL - 2023-06-22 03:31:08 --> Undefined variable: subject
in APPPATH\Views\agents\inbox.php on line 36.
 1 APPPATH\Views\agents\inbox.php(36): CodeIgniter\Debug\Exceptions->errorHandler(8, 'Undefined variable: subject', 'C:\\xampp\\htdocs\\eventry\\app\\Views\\agents\\inbox.php', 36, [...])
 2 SYSTEMPATH\View\View.php(213): include('C:\\xampp\\htdocs\\eventry\\app\\Views\\agents\\inbox.php')
 3 SYSTEMPATH\View\View.php(216): CodeIgniter\View\View->CodeIgniter\View\{closure}()
 4 SYSTEMPATH\Common.php(1184): CodeIgniter\View\View->render('agents/inbox', [], true)
 5 APPPATH\Controllers\Agent.php(45): view('agents/inbox', [...])
 6 SYSTEMPATH\CodeIgniter.php(934): App\Controllers\Agent->inbox()
 7 SYSTEMPATH\CodeIgniter.php(499): CodeIgniter\CodeIgniter->runController(Object(App\Controllers\Agent))
 8 SYSTEMPATH\CodeIgniter.php(368): CodeIgniter\CodeIgniter->handleRequest(null, Object(Config\Cache), false)
 9 FCPATH\index.php(67): CodeIgniter\CodeIgniter->run()
INFO - 2023-06-22 03:31:56 --> Session: Class initialized using 'CodeIgniter\Session\Handlers\FileHandler' driver.
CRITICAL - 2023-06-22 03:31:56 --> Cannot use object of type stdClass as array
in APPPATH\Views\agents\inbox.php on line 32.
 1 SYSTEMPATH\View\View.php(213): include()
 2 SYSTEMPATH\View\View.php(216): CodeIgniter\View\View->CodeIgniter\View\{closure}()
 3 SYSTEMPATH\Common.php(1184): CodeIgniter\View\View->render('agents/inbox', [], true)
 4 APPPATH\Controllers\Agent.php(45): view('agents/inbox', [...])
 5 SYSTEMPATH\CodeIgniter.php(934): App\Controllers\Agent->inbox()
 6 SYSTEMPATH\CodeIgniter.php(499): CodeIgniter\CodeIgniter->runController(Object(App\Controllers\Agent))
 7 SYSTEMPATH\CodeIgniter.php(368): CodeIgniter\CodeIgniter->handleRequest(null, Object(Config\Cache), false)
 8 FCPATH\index.php(67): CodeIgniter\CodeIgniter->run()
INFO - 2023-06-22 03:32:42 --> Session: Class initialized using 'CodeIgniter\Session\Handlers\FileHandler' driver.
CRITICAL - 2023-06-22 03:32:42 --> Cannot use object of type stdClass as array
in APPPATH\Views\agents\inbox.php on line 32.
 1 SYSTEMPATH\View\View.php(213): include()
 2 SYSTEMPATH\View\View.php(216): CodeIgniter\View\View->CodeIgniter\View\{closure}()
 3 SYSTEMPATH\Common.php(1184): CodeIgniter\View\View->render('agents/inbox', [], true)
 4 APPPATH\Controllers\Agent.php(45): view('agents/inbox', [...])
 5 SYSTEMPATH\CodeIgniter.php(934): App\Controllers\Agent->inbox()
 6 SYSTEMPATH\CodeIgniter.php(499): CodeIgniter\CodeIgniter->runController(Object(App\Controllers\Agent))
 7 SYSTEMPATH\CodeIgniter.php(368): CodeIgniter\CodeIgniter->handleRequest(null, Object(Config\Cache), false)
 8 FCPATH\index.php(67): CodeIgniter\CodeIgniter->run()
INFO - 2023-06-22 03:35:39 --> Session: Class initialized using 'CodeIgniter\Session\Handlers\FileHandler' driver.
INFO - 2023-06-22 03:36:17 --> Session: Class initialized using 'CodeIgniter\Session\Handlers\FileHandler' driver.
INFO - 2023-06-22 03:36:20 --> Session: Class initialized using 'CodeIgniter\Session\Handlers\FileHandler' driver.
INFO - 2023-06-22 03:36:29 --> Session: Class initialized using 'CodeIgniter\Session\Handlers\FileHandler' driver.
INFO - 2023-06-22 03:36:30 --> Session: Class initialized using 'CodeIgniter\Session\Handlers\FileHandler' driver.
INFO - 2023-06-22 03:36:32 --> Session: Class initialized using 'CodeIgniter\Session\Handlers\FileHandler' driver.
INFO - 2023-06-22 03:36:37 --> Session: Class initialized using 'CodeIgniter\Session\Handlers\FileHandler' driver.
INFO - 2023-06-22 03:37:09 --> Session: Class initialized using 'CodeIgniter\Session\Handlers\FileHandler' driver.
INFO - 2023-06-22 03:37:10 --> Session: Class initialized using 'CodeIgniter\Session\Handlers\FileHandler' driver.
INFO - 2023-06-22 03:37:13 --> Session: Class initialized using 'CodeIgniter\Session\Handlers\FileHandler' driver.
INFO - 2023-06-22 03:37:16 --> Session: Class initialized using 'CodeIgniter\Session\Handlers\FileHandler' driver.
INFO - 2023-06-22 03:37:19 --> Session: Class initialized using 'CodeIgniter\Session\Handlers\FileHandler' driver.
INFO - 2023-06-22 03:37:19 --> Session: Class initialized using 'CodeIgniter\Session\Handlers\FileHandler' driver.
INFO - 2023-06-22 03:37:22 --> Session: Class initialized using 'CodeIgniter\Session\Handlers\FileHandler' driver.
INFO - 2023-06-22 03:37:25 --> Session: Class initialized using 'CodeIgniter\Session\Handlers\FileHandler' driver.
INFO - 2023-06-22 03:37:28 --> Session: Class initialized using 'CodeIgniter\Session\Handlers\FileHandler' driver.
INFO - 2023-06-22 03:37:32 --> Session: Class initialized using 'CodeIgniter\Session\Handlers\FileHandler' driver.
INFO - 2023-06-22 03:37:32 --> Session: Class initialized using 'CodeIgniter\Session\Handlers\FileHandler' driver.
INFO - 2023-06-22 03:37:35 --> Session: Class initialized using 'CodeIgniter\Session\Handlers\FileHandler' driver.
INFO - 2023-06-22 03:39:40 --> Session: Class initialized using 'CodeIgniter\Session\Handlers\FileHandler' driver.
INFO - 2023-06-22 03:41:50 --> Session: Class initialized using 'CodeIgniter\Session\Handlers\FileHandler' driver.
INFO - 2023-06-22 03:48:15 --> Session: Class initialized using 'CodeIgniter\Session\Handlers\FileHandler' driver.
INFO - 2023-06-22 03:49:30 --> Session: Class initialized using 'CodeIgniter\Session\Handlers\FileHandler' driver.
INFO - 2023-06-22 03:49:42 --> Session: Class initialized using 'CodeIgniter\Session\Handlers\FileHandler' driver.
INFO - 2023-06-22 03:50:36 --> Session: Class initialized using 'CodeIgniter\Session\Handlers\FileHandler' driver.
INFO - 2023-06-22 03:50:37 --> Session: Class initialized using 'CodeIgniter\Session\Handlers\FileHandler' driver.
INFO - 2023-06-22 03:50:42 --> Session: Class initialized using 'CodeIgniter\Session\Handlers\FileHandler' driver.
INFO - 2023-06-22 03:50:46 --> Session: Class initialized using 'CodeIgniter\Session\Handlers\FileHandler' driver.
INFO - 2023-06-22 03:50:51 --> Session: Class initialized using 'CodeIgniter\Session\Handlers\FileHandler' driver.
INFO - 2023-06-22 03:50:52 --> Session: Class initialized using 'CodeIgniter\Session\Handlers\FileHandler' driver.
INFO - 2023-06-22 03:50:55 --> Session: Class initialized using 'CodeIgniter\Session\Handlers\FileHandler' driver.
INFO - 2023-06-22 03:51:57 --> Session: Class initialized using 'CodeIgniter\Session\Handlers\FileHandler' driver.
INFO - 2023-06-22 03:58:55 --> Session: Class initialized using 'CodeIgniter\Session\Handlers\FileHandler' driver.
INFO - 2023-06-22 03:59:21 --> Session: Class initialized using 'CodeIgniter\Session\Handlers\FileHandler' driver.
INFO - 2023-06-22 04:03:53 --> Session: Class initialized using 'CodeIgniter\Session\Handlers\FileHandler' driver.
INFO - 2023-06-22 04:03:56 --> Session: Class initialized using 'CodeIgniter\Session\Handlers\FileHandler' driver.
INFO - 2023-06-22 04:04:00 --> Session: Class initialized using 'CodeIgniter\Session\Handlers\FileHandler' driver.
INFO - 2023-06-22 04:04:01 --> Session: Class initialized using 'CodeIgniter\Session\Handlers\FileHandler' driver.
INFO - 2023-06-22 04:04:04 --> Session: Class initialized using 'CodeIgniter\Session\Handlers\FileHandler' driver.
INFO - 2023-06-22 04:04:11 --> Session: Class initialized using 'CodeIgniter\Session\Handlers\FileHandler' driver.
INFO - 2023-06-22 04:04:15 --> Session: Class initialized using 'CodeIgniter\Session\Handlers\FileHandler' driver.
INFO - 2023-06-22 04:04:20 --> Session: Class initialized using 'CodeIgniter\Session\Handlers\FileHandler' driver.
INFO - 2023-06-22 04:04:20 --> Session: Class initialized using 'CodeIgniter\Session\Handlers\FileHandler' driver.
INFO - 2023-06-22 04:04:23 --> Session: Class initialized using 'CodeIgniter\Session\Handlers\FileHandler' driver.
INFO - 2023-06-22 04:04:42 --> Session: Class initialized using 'CodeIgniter\Session\Handlers\FileHandler' driver.
INFO - 2023-06-22 04:04:48 --> Session: Class initialized using 'CodeIgniter\Session\Handlers\FileHandler' driver.
INFO - 2023-06-22 04:04:55 --> Session: Class initialized using 'CodeIgniter\Session\Handlers\FileHandler' driver.
INFO - 2023-06-22 04:04:55 --> Session: Class initialized using 'CodeIgniter\Session\Handlers\FileHandler' driver.
INFO - 2023-06-22 04:04:58 --> Session: Class initialized using 'CodeIgniter\Session\Handlers\FileHandler' driver.
INFO - 2023-06-22 04:05:58 --> Session: Class initialized using 'CodeIgniter\Session\Handlers\FileHandler' driver.
INFO - 2023-06-22 04:08:00 --> Session: Class initialized using 'CodeIgniter\Session\Handlers\FileHandler' driver.
INFO - 2023-06-22 04:08:19 --> Session: Class initialized using 'CodeIgniter\Session\Handlers\FileHandler' driver.
INFO - 2023-06-22 04:17:06 --> Session: Class initialized using 'CodeIgniter\Session\Handlers\FileHandler' driver.
CRITICAL - 2023-06-22 04:17:06 --> Undefined variable: id
in APPPATH\Views\agents\inbox.php on line 47.
 1 APPPATH\Views\agents\inbox.php(47): CodeIgniter\Debug\Exceptions->errorHandler(8, 'Undefined variable: id', 'C:\\xampp\\htdocs\\eventry\\app\\Views\\agents\\inbox.php', 47, [...])
 2 SYSTEMPATH\View\View.php(213): include('C:\\xampp\\htdocs\\eventry\\app\\Views\\agents\\inbox.php')
 3 SYSTEMPATH\View\View.php(216): CodeIgniter\View\View->CodeIgniter\View\{closure}()
 4 SYSTEMPATH\Common.php(1184): CodeIgniter\View\View->render('agents/inbox', [], true)
 5 APPPATH\Controllers\Agent.php(45): view('agents/inbox', [...])
 6 SYSTEMPATH\CodeIgniter.php(934): App\Controllers\Agent->inbox()
 7 SYSTEMPATH\CodeIgniter.php(499): CodeIgniter\CodeIgniter->runController(Object(App\Controllers\Agent))
 8 SYSTEMPATH\CodeIgniter.php(368): CodeIgniter\CodeIgniter->handleRequest(null, Object(Config\Cache), false)
 9 FCPATH\index.php(67): CodeIgniter\CodeIgniter->run()
INFO - 2023-06-22 04:17:59 --> Session: Class initialized using 'CodeIgniter\Session\Handlers\FileHandler' driver.
CRITICAL - 2023-06-22 04:17:59 --> Undefined variable: id
in APPPATH\Views\agents\inbox.php on line 48.
 1 APPPATH\Views\agents\inbox.php(48): CodeIgniter\Debug\Exceptions->errorHandler(8, 'Undefined variable: id', 'C:\\xampp\\htdocs\\eventry\\app\\Views\\agents\\inbox.php', 48, [...])
 2 SYSTEMPATH\View\View.php(213): include('C:\\xampp\\htdocs\\eventry\\app\\Views\\agents\\inbox.php')
 3 SYSTEMPATH\View\View.php(216): CodeIgniter\View\View->CodeIgniter\View\{closure}()
 4 SYSTEMPATH\Common.php(1184): CodeIgniter\View\View->render('agents/inbox', [], true)
 5 APPPATH\Controllers\Agent.php(45): view('agents/inbox', [...])
 6 SYSTEMPATH\CodeIgniter.php(934): App\Controllers\Agent->inbox()
 7 SYSTEMPATH\CodeIgniter.php(499): CodeIgniter\CodeIgniter->runController(Object(App\Controllers\Agent))
 8 SYSTEMPATH\CodeIgniter.php(368): CodeIgniter\CodeIgniter->handleRequest(null, Object(Config\Cache), false)
 9 FCPATH\index.php(67): CodeIgniter\CodeIgniter->run()
INFO - 2023-06-22 04:18:20 --> Session: Class initialized using 'CodeIgniter\Session\Handlers\FileHandler' driver.
INFO - 2023-06-22 04:18:38 --> Session: Class initialized using 'CodeIgniter\Session\Handlers\FileHandler' driver.
INFO - 2023-06-22 04:23:37 --> Session: Class initialized using 'CodeIgniter\Session\Handlers\FileHandler' driver.
INFO - 2023-06-22 04:26:22 --> Session: Class initialized using 'CodeIgniter\Session\Handlers\FileHandler' driver.
