CRITICAL - 2023-06-08 13:29:47 --> Invalid file: "dashboard/log_sale.php"
in SYSTEMPATH\Exceptions\FrameworkException.php on line 33.
 1 SYSTEMPATH\View\View.php(201): CodeIgniter\Exceptions\FrameworkException::forInvalidFile('dashboard/log_sale.php')
 2 SYSTEMPATH\Common.php(1184): CodeIgniter\View\View->render('dashboard/log_sale', [], true)
 3 APPPATH\Controllers\Admin.php(50): view('dashboard/log_sale', [...])
 4 SYSTEMPATH\CodeIgniter.php(934): App\Controllers\Admin->log_sale('2')
 5 SYSTEMPATH\CodeIgniter.php(499): CodeIgniter\CodeIgniter->runController(Object(App\Controllers\Admin))
 6 SYSTEMPATH\CodeIgniter.php(368): CodeIgniter\CodeIgniter->handleRequest(null, Object(Config\Cache), false)
 7 FCPATH\index.php(67): CodeIgniter\CodeIgniter->run()
CRITICAL - 2023-06-08 13:41:58 --> Undefined variable: orderData
in APPPATH\Views\dashboard\log_asale.php on line 40.
 1 APPPATH\Views\dashboard\log_asale.php(40): CodeIgniter\Debug\Exceptions->errorHandler(8, 'Undefined variable: orderData', 'C:\\xampp\\htdocs\\eventry\\app\\Views\\dashboard\\log_asale.php', 40, [...])
 2 SYSTEMPATH\View\View.php(213): include('C:\\xampp\\htdocs\\eventry\\app\\Views\\dashboard\\log_asale.php')
 3 SYSTEMPATH\View\View.php(216): CodeIgniter\View\View->CodeIgniter\View\{closure}()
 4 SYSTEMPATH\Common.php(1184): CodeIgniter\View\View->render('dashboard/log_asale', [], true)
 5 APPPATH\Controllers\Admin.php(50): view('dashboard/log_asale', [...])
 6 SYSTEMPATH\CodeIgniter.php(934): App\Controllers\Admin->log_sale('2')
 7 SYSTEMPATH\CodeIgniter.php(499): CodeIgniter\CodeIgniter->runController(Object(App\Controllers\Admin))
 8 SYSTEMPATH\CodeIgniter.php(368): CodeIgniter\CodeIgniter->handleRequest(null, Object(Config\Cache), false)
 9 FCPATH\index.php(67): CodeIgniter\CodeIgniter->run()
CRITICAL - 2023-06-08 13:42:16 --> Undefined variable: orderData
in APPPATH\Views\dashboard\log_asale.php on line 40.
 1 APPPATH\Views\dashboard\log_asale.php(40): CodeIgniter\Debug\Exceptions->errorHandler(8, 'Undefined variable: orderData', 'C:\\xampp\\htdocs\\eventry\\app\\Views\\dashboard\\log_asale.php', 40, [...])
 2 SYSTEMPATH\View\View.php(213): include('C:\\xampp\\htdocs\\eventry\\app\\Views\\dashboard\\log_asale.php')
 3 SYSTEMPATH\View\View.php(216): CodeIgniter\View\View->CodeIgniter\View\{closure}()
 4 SYSTEMPATH\Common.php(1184): CodeIgniter\View\View->render('dashboard/log_asale', [], true)
 5 APPPATH\Controllers\Admin.php(50): view('dashboard/log_asale', [...])
 6 SYSTEMPATH\CodeIgniter.php(934): App\Controllers\Admin->log_sale('2')
 7 SYSTEMPATH\CodeIgniter.php(499): CodeIgniter\CodeIgniter->runController(Object(App\Controllers\Admin))
 8 SYSTEMPATH\CodeIgniter.php(368): CodeIgniter\CodeIgniter->handleRequest(null, Object(Config\Cache), false)
 9 FCPATH\index.php(67): CodeIgniter\CodeIgniter->run()
CRITICAL - 2023-06-08 14:12:41 --> Invalid file: "dashboard/log_asale.php"
in SYSTEMPATH\Exceptions\FrameworkException.php on line 33.
 1 SYSTEMPATH\View\View.php(201): CodeIgniter\Exceptions\FrameworkException::forInvalidFile('dashboard/log_asale.php')
 2 SYSTEMPATH\Common.php(1184): CodeIgniter\View\View->render('dashboard/log_asale', [], true)
 3 APPPATH\Controllers\Admin.php(50): view('dashboard/log_asale')
 4 SYSTEMPATH\CodeIgniter.php(934): App\Controllers\Admin->log_sale('1')
 5 SYSTEMPATH\CodeIgniter.php(499): CodeIgniter\CodeIgniter->runController(Object(App\Controllers\Admin))
 6 SYSTEMPATH\CodeIgniter.php(368): CodeIgniter\CodeIgniter->handleRequest(null, Object(Config\Cache), false)
 7 FCPATH\index.php(67): CodeIgniter\CodeIgniter->run()
CRITICAL - 2023-06-08 14:15:15 --> Too few arguments to function App\Controllers\Admin::log_sale(), 0 passed in C:\xampp\htdocs\eventry\system\CodeIgniter.php on line 934 and exactly 1 expected
in APPPATH\Controllers\Admin.php on line 43.
 1 SYSTEMPATH\CodeIgniter.php(934): App\Controllers\Admin->log_sale()
 2 SYSTEMPATH\CodeIgniter.php(499): CodeIgniter\CodeIgniter->runController(Object(App\Controllers\Admin))
 3 SYSTEMPATH\CodeIgniter.php(368): CodeIgniter\CodeIgniter->handleRequest(null, Object(Config\Cache), false)
 4 FCPATH\index.php(67): CodeIgniter\CodeIgniter->run()
CRITICAL - 2023-06-08 15:32:10 --> syntax error, unexpected '?>', expecting ')'
in APPPATH\Views\dashboard\log_sale.php on line 21.
 1 SYSTEMPATH\View\View.php(216): CodeIgniter\View\View->CodeIgniter\View\{closure}()
 2 SYSTEMPATH\Common.php(1184): CodeIgniter\View\View->render('dashboard/log_sale', [], true)
 3 APPPATH\Controllers\Admin.php(50): view('dashboard/log_sale', [...])
 4 SYSTEMPATH\CodeIgniter.php(934): App\Controllers\Admin->log_sale('2')
 5 SYSTEMPATH\CodeIgniter.php(499): CodeIgniter\CodeIgniter->runController(Object(App\Controllers\Admin))
 6 SYSTEMPATH\CodeIgniter.php(368): CodeIgniter\CodeIgniter->handleRequest(null, Object(Config\Cache), false)
 7 FCPATH\index.php(67): CodeIgniter\CodeIgniter->run()
CRITICAL - 2023-06-08 15:32:22 --> Trying to get property 'featureImg' of non-object
in APPPATH\Views\dashboard\log_sale.php on line 21.
 1 APPPATH\Views\dashboard\log_sale.php(21): CodeIgniter\Debug\Exceptions->errorHandler(8, 'Trying to get property \'featureImg\' of non-object', 'C:\\xampp\\htdocs\\eventry\\app\\Views\\dashboard\\log_sale.php', 21, [...])
 2 SYSTEMPATH\View\View.php(213): include('C:\\xampp\\htdocs\\eventry\\app\\Views\\dashboard\\log_sale.php')
 3 SYSTEMPATH\View\View.php(216): CodeIgniter\View\View->CodeIgniter\View\{closure}()
 4 SYSTEMPATH\Common.php(1184): CodeIgniter\View\View->render('dashboard/log_sale', [], true)
 5 APPPATH\Controllers\Admin.php(50): view('dashboard/log_sale', [...])
 6 SYSTEMPATH\CodeIgniter.php(934): App\Controllers\Admin->log_sale('2')
 7 SYSTEMPATH\CodeIgniter.php(499): CodeIgniter\CodeIgniter->runController(Object(App\Controllers\Admin))
 8 SYSTEMPATH\CodeIgniter.php(368): CodeIgniter\CodeIgniter->handleRequest(null, Object(Config\Cache), false)
 9 FCPATH\index.php(67): CodeIgniter\CodeIgniter->run()
CRITICAL - 2023-06-08 15:33:01 --> Undefined index: featureImg
in APPPATH\Views\dashboard\log_sale.php on line 21.
 1 APPPATH\Views\dashboard\log_sale.php(21): CodeIgniter\Debug\Exceptions->errorHandler(8, 'Undefined index: featureImg', 'C:\\xampp\\htdocs\\eventry\\app\\Views\\dashboard\\log_sale.php', 21, [...])
 2 SYSTEMPATH\View\View.php(213): include('C:\\xampp\\htdocs\\eventry\\app\\Views\\dashboard\\log_sale.php')
 3 SYSTEMPATH\View\View.php(216): CodeIgniter\View\View->CodeIgniter\View\{closure}()
 4 SYSTEMPATH\Common.php(1184): CodeIgniter\View\View->render('dashboard/log_sale', [], true)
 5 APPPATH\Controllers\Admin.php(50): view('dashboard/log_sale', [...])
 6 SYSTEMPATH\CodeIgniter.php(934): App\Controllers\Admin->log_sale('2')
 7 SYSTEMPATH\CodeIgniter.php(499): CodeIgniter\CodeIgniter->runController(Object(App\Controllers\Admin))
 8 SYSTEMPATH\CodeIgniter.php(368): CodeIgniter\CodeIgniter->handleRequest(null, Object(Config\Cache), false)
 9 FCPATH\index.php(67): CodeIgniter\CodeIgniter->run()
CRITICAL - 2023-06-08 15:34:19 --> Trying to get property 'featureImg' of non-object
in APPPATH\Views\dashboard\log_sale.php on line 21.
 1 APPPATH\Views\dashboard\log_sale.php(21): CodeIgniter\Debug\Exceptions->errorHandler(8, 'Trying to get property \'featureImg\' of non-object', 'C:\\xampp\\htdocs\\eventry\\app\\Views\\dashboard\\log_sale.php', 21, [...])
 2 SYSTEMPATH\View\View.php(213): include('C:\\xampp\\htdocs\\eventry\\app\\Views\\dashboard\\log_sale.php')
 3 SYSTEMPATH\View\View.php(216): CodeIgniter\View\View->CodeIgniter\View\{closure}()
 4 SYSTEMPATH\Common.php(1184): CodeIgniter\View\View->render('dashboard/log_sale', [], true)
 5 APPPATH\Controllers\Admin.php(50): view('dashboard/log_sale', [...])
 6 SYSTEMPATH\CodeIgniter.php(934): App\Controllers\Admin->log_sale('2')
 7 SYSTEMPATH\CodeIgniter.php(499): CodeIgniter\CodeIgniter->runController(Object(App\Controllers\Admin))
 8 SYSTEMPATH\CodeIgniter.php(368): CodeIgniter\CodeIgniter->handleRequest(null, Object(Config\Cache), false)
 9 FCPATH\index.php(67): CodeIgniter\CodeIgniter->run()
CRITICAL - 2023-06-08 15:42:27 --> Object of class stdClass could not be converted to string
in APPPATH\Views\dashboard\log_sale.php on line 21.
 1 SYSTEMPATH\View\View.php(213): include()
 2 SYSTEMPATH\View\View.php(216): CodeIgniter\View\View->CodeIgniter\View\{closure}()
 3 SYSTEMPATH\Common.php(1184): CodeIgniter\View\View->render('dashboard/log_sale', [], true)
 4 APPPATH\Controllers\Admin.php(50): view('dashboard/log_sale', [...])
 5 SYSTEMPATH\CodeIgniter.php(934): App\Controllers\Admin->log_sale('2')
 6 SYSTEMPATH\CodeIgniter.php(499): CodeIgniter\CodeIgniter->runController(Object(App\Controllers\Admin))
 7 SYSTEMPATH\CodeIgniter.php(368): CodeIgniter\CodeIgniter->handleRequest(null, Object(Config\Cache), false)
 8 FCPATH\index.php(67): CodeIgniter\CodeIgniter->run()
CRITICAL - 2023-06-08 15:42:58 --> Undefined index: id
in APPPATH\Views\dashboard\log_sale.php on line 21.
 1 APPPATH\Views\dashboard\log_sale.php(21): CodeIgniter\Debug\Exceptions->errorHandler(8, 'Undefined index: id', 'C:\\xampp\\htdocs\\eventry\\app\\Views\\dashboard\\log_sale.php', 21, [...])
 2 SYSTEMPATH\View\View.php(213): include('C:\\xampp\\htdocs\\eventry\\app\\Views\\dashboard\\log_sale.php')
 3 SYSTEMPATH\View\View.php(216): CodeIgniter\View\View->CodeIgniter\View\{closure}()
 4 SYSTEMPATH\Common.php(1184): CodeIgniter\View\View->render('dashboard/log_sale', [], true)
 5 APPPATH\Controllers\Admin.php(50): view('dashboard/log_sale', [...])
 6 SYSTEMPATH\CodeIgniter.php(934): App\Controllers\Admin->log_sale('2')
 7 SYSTEMPATH\CodeIgniter.php(499): CodeIgniter\CodeIgniter->runController(Object(App\Controllers\Admin))
 8 SYSTEMPATH\CodeIgniter.php(368): CodeIgniter\CodeIgniter->handleRequest(null, Object(Config\Cache), false)
 9 FCPATH\index.php(67): CodeIgniter\CodeIgniter->run()
CRITICAL - 2023-06-08 15:43:56 --> Undefined index: customerContact
in APPPATH\Views\dashboard\log_sale.php on line 21.
 1 APPPATH\Views\dashboard\log_sale.php(21): CodeIgniter\Debug\Exceptions->errorHandler(8, 'Undefined index: customerContact', 'C:\\xampp\\htdocs\\eventry\\app\\Views\\dashboard\\log_sale.php', 21, [...])
 2 SYSTEMPATH\View\View.php(213): include('C:\\xampp\\htdocs\\eventry\\app\\Views\\dashboard\\log_sale.php')
 3 SYSTEMPATH\View\View.php(216): CodeIgniter\View\View->CodeIgniter\View\{closure}()
 4 SYSTEMPATH\Common.php(1184): CodeIgniter\View\View->render('dashboard/log_sale', [], true)
 5 APPPATH\Controllers\Admin.php(50): view('dashboard/log_sale', [...])
 6 SYSTEMPATH\CodeIgniter.php(934): App\Controllers\Admin->log_sale('2')
 7 SYSTEMPATH\CodeIgniter.php(499): CodeIgniter\CodeIgniter->runController(Object(App\Controllers\Admin))
 8 SYSTEMPATH\CodeIgniter.php(368): CodeIgniter\CodeIgniter->handleRequest(null, Object(Config\Cache), false)
 9 FCPATH\index.php(67): CodeIgniter\CodeIgniter->run()
CRITICAL - 2023-06-08 15:44:04 --> Undefined index: customerContact
in APPPATH\Views\dashboard\log_sale.php on line 21.
 1 APPPATH\Views\dashboard\log_sale.php(21): CodeIgniter\Debug\Exceptions->errorHandler(8, 'Undefined index: customerContact', 'C:\\xampp\\htdocs\\eventry\\app\\Views\\dashboard\\log_sale.php', 21, [...])
 2 SYSTEMPATH\View\View.php(213): include('C:\\xampp\\htdocs\\eventry\\app\\Views\\dashboard\\log_sale.php')
 3 SYSTEMPATH\View\View.php(216): CodeIgniter\View\View->CodeIgniter\View\{closure}()
 4 SYSTEMPATH\Common.php(1184): CodeIgniter\View\View->render('dashboard/log_sale', [], true)
 5 APPPATH\Controllers\Admin.php(50): view('dashboard/log_sale', [...])
 6 SYSTEMPATH\CodeIgniter.php(934): App\Controllers\Admin->log_sale('2')
 7 SYSTEMPATH\CodeIgniter.php(499): CodeIgniter\CodeIgniter->runController(Object(App\Controllers\Admin))
 8 SYSTEMPATH\CodeIgniter.php(368): CodeIgniter\CodeIgniter->handleRequest(null, Object(Config\Cache), false)
 9 FCPATH\index.php(67): CodeIgniter\CodeIgniter->run()
CRITICAL - 2023-06-08 15:44:37 --> Undefined index: customerContact
in APPPATH\Views\dashboard\log_sale.php on line 21.
 1 APPPATH\Views\dashboard\log_sale.php(21): CodeIgniter\Debug\Exceptions->errorHandler(8, 'Undefined index: customerContact', 'C:\\xampp\\htdocs\\eventry\\app\\Views\\dashboard\\log_sale.php', 21, [...])
 2 SYSTEMPATH\View\View.php(213): include('C:\\xampp\\htdocs\\eventry\\app\\Views\\dashboard\\log_sale.php')
 3 SYSTEMPATH\View\View.php(216): CodeIgniter\View\View->CodeIgniter\View\{closure}()
 4 SYSTEMPATH\Common.php(1184): CodeIgniter\View\View->render('dashboard/log_sale', [], true)
 5 APPPATH\Controllers\Admin.php(50): view('dashboard/log_sale', [...])
 6 SYSTEMPATH\CodeIgniter.php(934): App\Controllers\Admin->log_sale('2')
 7 SYSTEMPATH\CodeIgniter.php(499): CodeIgniter\CodeIgniter->runController(Object(App\Controllers\Admin))
 8 SYSTEMPATH\CodeIgniter.php(368): CodeIgniter\CodeIgniter->handleRequest(null, Object(Config\Cache), false)
 9 FCPATH\index.php(67): CodeIgniter\CodeIgniter->run()
CRITICAL - 2023-06-08 15:45:57 --> Undefined index: profile
in APPPATH\Views\dashboard\log_sale.php on line 21.
 1 APPPATH\Views\dashboard\log_sale.php(21): CodeIgniter\Debug\Exceptions->errorHandler(8, 'Undefined index: profile', 'C:\\xampp\\htdocs\\eventry\\app\\Views\\dashboard\\log_sale.php', 21, [...])
 2 SYSTEMPATH\View\View.php(213): include('C:\\xampp\\htdocs\\eventry\\app\\Views\\dashboard\\log_sale.php')
 3 SYSTEMPATH\View\View.php(216): CodeIgniter\View\View->CodeIgniter\View\{closure}()
 4 SYSTEMPATH\Common.php(1184): CodeIgniter\View\View->render('dashboard/log_sale', [], true)
 5 APPPATH\Controllers\Admin.php(50): view('dashboard/log_sale', [...])
 6 SYSTEMPATH\CodeIgniter.php(934): App\Controllers\Admin->log_sale('2')
 7 SYSTEMPATH\CodeIgniter.php(499): CodeIgniter\CodeIgniter->runController(Object(App\Controllers\Admin))
 8 SYSTEMPATH\CodeIgniter.php(368): CodeIgniter\CodeIgniter->handleRequest(null, Object(Config\Cache), false)
 9 FCPATH\index.php(67): CodeIgniter\CodeIgniter->run()
CRITICAL - 2023-06-08 15:46:26 --> Trying to get property 'profile' of non-object
in APPPATH\Views\dashboard\log_sale.php on line 21.
 1 APPPATH\Views\dashboard\log_sale.php(21): CodeIgniter\Debug\Exceptions->errorHandler(8, 'Trying to get property \'profile\' of non-object', 'C:\\xampp\\htdocs\\eventry\\app\\Views\\dashboard\\log_sale.php', 21, [...])
 2 SYSTEMPATH\View\View.php(213): include('C:\\xampp\\htdocs\\eventry\\app\\Views\\dashboard\\log_sale.php')
 3 SYSTEMPATH\View\View.php(216): CodeIgniter\View\View->CodeIgniter\View\{closure}()
 4 SYSTEMPATH\Common.php(1184): CodeIgniter\View\View->render('dashboard/log_sale', [], true)
 5 APPPATH\Controllers\Admin.php(50): view('dashboard/log_sale', [...])
 6 SYSTEMPATH\CodeIgniter.php(934): App\Controllers\Admin->log_sale('2')
 7 SYSTEMPATH\CodeIgniter.php(499): CodeIgniter\CodeIgniter->runController(Object(App\Controllers\Admin))
 8 SYSTEMPATH\CodeIgniter.php(368): CodeIgniter\CodeIgniter->handleRequest(null, Object(Config\Cache), false)
 9 FCPATH\index.php(67): CodeIgniter\CodeIgniter->run()
CRITICAL - 2023-06-08 15:46:58 --> Function name must be a string
in APPPATH\Views\dashboard\log_sale.php on line 21.
 1 SYSTEMPATH\View\View.php(213): include()
 2 SYSTEMPATH\View\View.php(216): CodeIgniter\View\View->CodeIgniter\View\{closure}()
 3 SYSTEMPATH\Common.php(1184): CodeIgniter\View\View->render('dashboard/log_sale', [], true)
 4 APPPATH\Controllers\Admin.php(50): view('dashboard/log_sale', [...])
 5 SYSTEMPATH\CodeIgniter.php(934): App\Controllers\Admin->log_sale('2')
 6 SYSTEMPATH\CodeIgniter.php(499): CodeIgniter\CodeIgniter->runController(Object(App\Controllers\Admin))
 7 SYSTEMPATH\CodeIgniter.php(368): CodeIgniter\CodeIgniter->handleRequest(null, Object(Config\Cache), false)
 8 FCPATH\index.php(67): CodeIgniter\CodeIgniter->run()
CRITICAL - 2023-06-08 15:47:16 --> Object of class stdClass could not be converted to string
in APPPATH\Views\dashboard\log_sale.php on line 21.
 1 SYSTEMPATH\View\View.php(213): include()
 2 SYSTEMPATH\View\View.php(216): CodeIgniter\View\View->CodeIgniter\View\{closure}()
 3 SYSTEMPATH\Common.php(1184): CodeIgniter\View\View->render('dashboard/log_sale', [], true)
 4 APPPATH\Controllers\Admin.php(50): view('dashboard/log_sale', [...])
 5 SYSTEMPATH\CodeIgniter.php(934): App\Controllers\Admin->log_sale('2')
 6 SYSTEMPATH\CodeIgniter.php(499): CodeIgniter\CodeIgniter->runController(Object(App\Controllers\Admin))
 7 SYSTEMPATH\CodeIgniter.php(368): CodeIgniter\CodeIgniter->handleRequest(null, Object(Config\Cache), false)
 8 FCPATH\index.php(67): CodeIgniter\CodeIgniter->run()
CRITICAL - 2023-06-08 15:47:34 --> Object of class stdClass could not be converted to string
in APPPATH\Views\dashboard\log_sale.php on line 21.
 1 SYSTEMPATH\View\View.php(213): include()
 2 SYSTEMPATH\View\View.php(216): CodeIgniter\View\View->CodeIgniter\View\{closure}()
 3 SYSTEMPATH\Common.php(1184): CodeIgniter\View\View->render('dashboard/log_sale', [], true)
 4 APPPATH\Controllers\Admin.php(50): view('dashboard/log_sale', [...])
 5 SYSTEMPATH\CodeIgniter.php(934): App\Controllers\Admin->log_sale('2')
 6 SYSTEMPATH\CodeIgniter.php(499): CodeIgniter\CodeIgniter->runController(Object(App\Controllers\Admin))
 7 SYSTEMPATH\CodeIgniter.php(368): CodeIgniter\CodeIgniter->handleRequest(null, Object(Config\Cache), false)
 8 FCPATH\index.php(67): CodeIgniter\CodeIgniter->run()
CRITICAL - 2023-06-08 15:49:00 --> Object of class stdClass could not be converted to string
in APPPATH\Views\dashboard\log_sale.php on line 21.
 1 SYSTEMPATH\View\View.php(213): include()
 2 SYSTEMPATH\View\View.php(216): CodeIgniter\View\View->CodeIgniter\View\{closure}()
 3 SYSTEMPATH\Common.php(1184): CodeIgniter\View\View->render('dashboard/log_sale', [], true)
 4 APPPATH\Controllers\Admin.php(50): view('dashboard/log_sale', [...])
 5 SYSTEMPATH\CodeIgniter.php(934): App\Controllers\Admin->log_sale('2')
 6 SYSTEMPATH\CodeIgniter.php(499): CodeIgniter\CodeIgniter->runController(Object(App\Controllers\Admin))
 7 SYSTEMPATH\CodeIgniter.php(368): CodeIgniter\CodeIgniter->handleRequest(null, Object(Config\Cache), false)
 8 FCPATH\index.php(67): CodeIgniter\CodeIgniter->run()
CRITICAL - 2023-06-08 15:50:14 --> Cannot use object of type stdClass as array
in APPPATH\Views\dashboard\log_sale.php on line 21.
 1 SYSTEMPATH\View\View.php(213): include()
 2 SYSTEMPATH\View\View.php(216): CodeIgniter\View\View->CodeIgniter\View\{closure}()
 3 SYSTEMPATH\Common.php(1184): CodeIgniter\View\View->render('dashboard/log_sale', [], true)
 4 APPPATH\Controllers\Admin.php(50): view('dashboard/log_sale', [...])
 5 SYSTEMPATH\CodeIgniter.php(934): App\Controllers\Admin->log_sale('2')
 6 SYSTEMPATH\CodeIgniter.php(499): CodeIgniter\CodeIgniter->runController(Object(App\Controllers\Admin))
 7 SYSTEMPATH\CodeIgniter.php(368): CodeIgniter\CodeIgniter->handleRequest(null, Object(Config\Cache), false)
 8 FCPATH\index.php(67): CodeIgniter\CodeIgniter->run()
CRITICAL - 2023-06-08 15:50:39 --> syntax error, unexpected ''customerContact'' (T_CONSTANT_ENCAPSED_STRING), expecting identifier (T_STRING) or variable (T_VARIABLE) or '{' or '$'
in APPPATH\Views\dashboard\log_sale.php on line 21.
 1 SYSTEMPATH\View\View.php(216): CodeIgniter\View\View->CodeIgniter\View\{closure}()
 2 SYSTEMPATH\Common.php(1184): CodeIgniter\View\View->render('dashboard/log_sale', [], true)
 3 APPPATH\Controllers\Admin.php(50): view('dashboard/log_sale', [...])
 4 SYSTEMPATH\CodeIgniter.php(934): App\Controllers\Admin->log_sale('2')
 5 SYSTEMPATH\CodeIgniter.php(499): CodeIgniter\CodeIgniter->runController(Object(App\Controllers\Admin))
 6 SYSTEMPATH\CodeIgniter.php(368): CodeIgniter\CodeIgniter->handleRequest(null, Object(Config\Cache), false)
 7 FCPATH\index.php(67): CodeIgniter\CodeIgniter->run()
CRITICAL - 2023-06-08 15:52:17 --> syntax error, unexpected 'Type' (T_STRING)
in APPPATH\Views\dashboard\log_sale.php on line 17.
 1 SYSTEMPATH\View\View.php(216): CodeIgniter\View\View->CodeIgniter\View\{closure}()
 2 SYSTEMPATH\Common.php(1184): CodeIgniter\View\View->render('dashboard/log_sale', [], true)
 3 APPPATH\Controllers\Admin.php(50): view('dashboard/log_sale', [...])
 4 SYSTEMPATH\CodeIgniter.php(934): App\Controllers\Admin->log_sale('2')
 5 SYSTEMPATH\CodeIgniter.php(499): CodeIgniter\CodeIgniter->runController(Object(App\Controllers\Admin))
 6 SYSTEMPATH\CodeIgniter.php(368): CodeIgniter\CodeIgniter->handleRequest(null, Object(Config\Cache), false)
 7 FCPATH\index.php(67): CodeIgniter\CodeIgniter->run()
CRITICAL - 2023-06-08 15:52:33 --> Call to undefined function Type()
in APPPATH\Views\dashboard\log_sale.php on line 17.
 1 SYSTEMPATH\View\View.php(213): include()
 2 SYSTEMPATH\View\View.php(216): CodeIgniter\View\View->CodeIgniter\View\{closure}()
 3 SYSTEMPATH\Common.php(1184): CodeIgniter\View\View->render('dashboard/log_sale', [], true)
 4 APPPATH\Controllers\Admin.php(50): view('dashboard/log_sale', [...])
 5 SYSTEMPATH\CodeIgniter.php(934): App\Controllers\Admin->log_sale('2')
 6 SYSTEMPATH\CodeIgniter.php(499): CodeIgniter\CodeIgniter->runController(Object(App\Controllers\Admin))
 7 SYSTEMPATH\CodeIgniter.php(368): CodeIgniter\CodeIgniter->handleRequest(null, Object(Config\Cache), false)
 8 FCPATH\index.php(67): CodeIgniter\CodeIgniter->run()
CRITICAL - 2023-06-08 15:52:43 --> Call to undefined function type()
in APPPATH\Views\dashboard\log_sale.php on line 17.
 1 SYSTEMPATH\View\View.php(213): include()
 2 SYSTEMPATH\View\View.php(216): CodeIgniter\View\View->CodeIgniter\View\{closure}()
 3 SYSTEMPATH\Common.php(1184): CodeIgniter\View\View->render('dashboard/log_sale', [], true)
 4 APPPATH\Controllers\Admin.php(50): view('dashboard/log_sale', [...])
 5 SYSTEMPATH\CodeIgniter.php(934): App\Controllers\Admin->log_sale('2')
 6 SYSTEMPATH\CodeIgniter.php(499): CodeIgniter\CodeIgniter->runController(Object(App\Controllers\Admin))
 7 SYSTEMPATH\CodeIgniter.php(368): CodeIgniter\CodeIgniter->handleRequest(null, Object(Config\Cache), false)
 8 FCPATH\index.php(67): CodeIgniter\CodeIgniter->run()
CRITICAL - 2023-06-08 23:24:07 --> syntax error, unexpected ')', expecting ';' or ','
in APPPATH\Views\dashboard\layout.php on line 82.
 1 SYSTEMPATH\View\View.php(216): CodeIgniter\View\View->CodeIgniter\View\{closure}()
 2 SYSTEMPATH\View\View.php(229): CodeIgniter\View\View->render('dashboard/layout', [], true)
 3 SYSTEMPATH\Common.php(1184): CodeIgniter\View\View->render('dashboard/index', [], true)
 4 APPPATH\Controllers\Admin.php(13): view('dashboard/index')
 5 SYSTEMPATH\CodeIgniter.php(934): App\Controllers\Admin->index()
 6 SYSTEMPATH\CodeIgniter.php(499): CodeIgniter\CodeIgniter->runController(Object(App\Controllers\Admin))
 7 SYSTEMPATH\CodeIgniter.php(368): CodeIgniter\CodeIgniter->handleRequest(null, Object(Config\Cache), false)
 8 FCPATH\index.php(67): CodeIgniter\CodeIgniter->run()
