CRITICAL - 2023-05-03 20:46:41 --> Call to undefined method CodeIgniter\View\View::extends()
in APPPATH\Views\index.php on line 1.
 1 SYSTEMPATH\View\View.php(213): include()
 2 SYSTEMPATH\View\View.php(216): CodeIgniter\View\View->CodeIgniter\View\{closure}()
 3 SYSTEMPATH\Common.php(1184): CodeIgniter\View\View->render('index', [], true)
 4 APPPATH\Controllers\Home.php(10): view('index')
 5 SYSTEMPATH\CodeIgniter.php(934): App\Controllers\Home->index()
 6 SYSTEMPATH\CodeIgniter.php(499): CodeIgniter\CodeIgniter->runController(Object(App\Controllers\Home))
 7 SYSTEMPATH\CodeIgniter.php(368): CodeIgniter\CodeIgniter->handleRequest(null, Object(Config\Cache), false)
 8 FCPATH\index.php(67): CodeIgniter\CodeIgniter->run()
CRITICAL - 2023-05-03 21:30:58 --> Invalid file: "partials/latest_blog.php"
in SYSTEMPATH\Exceptions\FrameworkException.php on line 33.
 1 SYSTEMPATH\View\View.php(201): CodeIgniter\Exceptions\FrameworkException::forInvalidFile('partials/latest_blog.php')
 2 SYSTEMPATH\Common.php(1184): CodeIgniter\View\View->render('partials/latest_blog', [], true)
 3 APPPATH\Libraries\Blog.php(13): view('partials/latest_blog')
 4 SYSTEMPATH\View\Cell.php(275): App\Libraries\Blog->latestBlog()
 5 SYSTEMPATH\View\Cell.php(100): CodeIgniter\View\Cell->renderSimpleClass(Object(App\Libraries\Blog), 'latestBlog', [], 'App\\Libraries\\Blog')
 6 SYSTEMPATH\Common.php(1200): CodeIgniter\View\Cell->render('App\\Libraries\\Blog::latestBlog', [], 0, 'AppLibrariesBloglatestBlogdcca48101505dd86b703689a604fe3c4')
 7 APPPATH\Views\index.php(320): view_cell('App\\Libraries\\Blog::latestBlog')
 8 SYSTEMPATH\View\View.php(213): include('C:\\xampp\\htdocs\\ci4\\app\\Views\\index.php')
 9 SYSTEMPATH\View\View.php(216): CodeIgniter\View\View->CodeIgniter\View\{closure}()
10 SYSTEMPATH\Common.php(1184): CodeIgniter\View\View->render('index', [], true)
11 APPPATH\Controllers\Home.php(10): view('index')
12 SYSTEMPATH\CodeIgniter.php(934): App\Controllers\Home->index()
13 SYSTEMPATH\CodeIgniter.php(499): CodeIgniter\CodeIgniter->runController(Object(App\Controllers\Home))
14 SYSTEMPATH\CodeIgniter.php(368): CodeIgniter\CodeIgniter->handleRequest(null, Object(Config\Cache), false)
15 FCPATH\index.php(67): CodeIgniter\CodeIgniter->run()
CRITICAL - 2023-05-03 21:43:32 --> Cannot redeclare App\Libraries\Blog::navbar()
in APPPATH\Libraries\Blog.php on line 22.
 1 [internal function]: CodeIgniter\Debug\Exceptions->shutdownHandler()
CRITICAL - 2023-05-03 21:44:30 --> Undefined property: CodeIgniter\View\View::$endSection
in APPPATH\Views\index.php on line 296.
 1 APPPATH\Views\index.php(296): CodeIgniter\Debug\Exceptions->errorHandler(8, 'Undefined property: CodeIgniter\\View\\View::$endSection', 'C:\\xampp\\htdocs\\ci4\\app\\Views\\index.php', 296, [])
 2 SYSTEMPATH\View\View.php(213): include('C:\\xampp\\htdocs\\ci4\\app\\Views\\index.php')
 3 SYSTEMPATH\View\View.php(216): CodeIgniter\View\View->CodeIgniter\View\{closure}()
 4 SYSTEMPATH\Common.php(1184): CodeIgniter\View\View->render('index', [], true)
 5 APPPATH\Controllers\Home.php(10): view('index')
 6 SYSTEMPATH\CodeIgniter.php(934): App\Controllers\Home->index()
 7 SYSTEMPATH\CodeIgniter.php(499): CodeIgniter\CodeIgniter->runController(Object(App\Controllers\Home))
 8 SYSTEMPATH\CodeIgniter.php(368): CodeIgniter\CodeIgniter->handleRequest(null, Object(Config\Cache), false)
 9 FCPATH\index.php(67): CodeIgniter\CodeIgniter->run()
CRITICAL - 2023-05-03 21:51:29 --> Invalid file: "partials/navbar.php"
in SYSTEMPATH\Exceptions\FrameworkException.php on line 33.
 1 SYSTEMPATH\View\View.php(201): CodeIgniter\Exceptions\FrameworkException::forInvalidFile('partials/navbar.php')
 2 SYSTEMPATH\Common.php(1184): CodeIgniter\View\View->render('partials/navbar', [], true)
 3 APPPATH\Libraries\Blog.php(18): view('partials/navbar')
 4 SYSTEMPATH\View\Cell.php(275): App\Libraries\Blog->navbar()
 5 SYSTEMPATH\View\Cell.php(100): CodeIgniter\View\Cell->renderSimpleClass(Object(App\Libraries\Blog), 'navbar', [], 'App\\Libraries\\Blog')
 6 SYSTEMPATH\Common.php(1200): CodeIgniter\View\Cell->render('App\\Libraries\\Blog::navbar', [], 0, 'AppLibrariesBlognavbardcca48101505dd86b703689a604fe3c4')
 7 APPPATH\Views\index.php(6): view_cell('App\\Libraries\\Blog::navbar')
 8 SYSTEMPATH\View\View.php(213): include('C:\\xampp\\htdocs\\ci4\\app\\Views\\index.php')
 9 SYSTEMPATH\View\View.php(216): CodeIgniter\View\View->CodeIgniter\View\{closure}()
10 SYSTEMPATH\Common.php(1184): CodeIgniter\View\View->render('index', [], true)
11 APPPATH\Controllers\Home.php(10): view('index')
12 SYSTEMPATH\CodeIgniter.php(934): App\Controllers\Home->index()
13 SYSTEMPATH\CodeIgniter.php(499): CodeIgniter\CodeIgniter->runController(Object(App\Controllers\Home))
14 SYSTEMPATH\CodeIgniter.php(368): CodeIgniter\CodeIgniter->handleRequest(null, Object(Config\Cache), false)
15 FCPATH\index.php(67): CodeIgniter\CodeIgniter->run()
