INFO - 2024-01-09 00:47:00 --> Session: Class initialized using 'CodeIgniter\Session\Handlers\FileHandler' driver.
INFO - 2024-01-09 00:47:00 --> Session: Class initialized using 'CodeIgniter\Session\Handlers\FileHandler' driver.
INFO - 2024-01-09 00:51:28 --> Session: Class initialized using 'CodeIgniter\Session\Handlers\FileHandler' driver.
INFO - 2024-01-09 00:51:29 --> Session: Class initialized using 'CodeIgniter\Session\Handlers\FileHandler' driver.
INFO - 2024-01-09 00:51:38 --> Session: Class initialized using 'CodeIgniter\Session\Handlers\FileHandler' driver.
INFO - 2024-01-09 00:51:38 --> Session: Class initialized using 'CodeIgniter\Session\Handlers\FileHandler' driver.
ERROR - 2024-01-09 00:51:39 --> mysqli_sql_exception: Table 'plscu.membershiptable' doesn't exist in C:\xampp\htdocs\plscu\system\Database\MySQLi\Connection.php:295
Stack trace:
#0 C:\xampp\htdocs\plscu\system\Database\MySQLi\Connection.php(295): mysqli->query('SELECT SUM(`tot...', 0)
#1 C:\xampp\htdocs\plscu\system\Database\BaseConnection.php(692): CodeIgniter\Database\MySQLi\Connection->execute('SELECT SUM(`tot...')
#2 C:\xampp\htdocs\plscu\system\Database\BaseConnection.php(606): CodeIgniter\Database\BaseConnection->simpleQuery('SELECT SUM(`tot...')
#3 C:\xampp\htdocs\plscu\system\Database\BaseBuilder.php(1616): CodeIgniter\Database\BaseConnection->query('SELECT SUM(`tot...', Array, false)
#4 C:\xampp\htdocs\plscu\system\Model.php(840): CodeIgniter\Database\BaseBuilder->get()
#5 C:\xampp\htdocs\plscu\app\Controllers\Dashboard.php(98): CodeIgniter\Model->__call('get', Array)
#6 C:\xampp\htdocs\plscu\system\CodeIgniter.php(934): App\Controllers\Dashboard->index()
#7 C:\xampp\htdocs\plscu\system\CodeIgniter.php(499): CodeIgniter\CodeIgniter->runController(Object(App\Controllers\Dashboard))
#8 C:\xampp\htdocs\plscu\system\CodeIgniter.php(368): CodeIgniter\CodeIgniter->handleRequest(NULL, Object(Config\Cache), false)
#9 C:\xampp\htdocs\plscu\public\index.php(67): CodeIgniter\CodeIgniter->run()
#10 {main}
CRITICAL - 2024-01-09 00:51:39 --> Table 'plscu.membershiptable' doesn't exist
in SYSTEMPATH\Database\MySQLi\Connection.php on line 295.
 1 SYSTEMPATH\Database\MySQLi\Connection.php(295): mysqli->query('SELECT SUM(`total_amount`) AS `total_amount`
FROM `due_pmt_log`
JOIN `membershipTable` ON `membershipTable`.`serial` = `clubPayment`.`seriaNo`
WHERE `paymentStatus` = \'approved\'', 0)
 2 SYSTEMPATH\Database\BaseConnection.php(692): CodeIgniter\Database\MySQLi\Connection->execute('SELECT SUM(`total_amount`) AS `total_amount`
FROM `due_pmt_log`
JOIN `membershipTable` ON `membershipTable`.`serial` = `clubPayment`.`seriaNo`
WHERE `paymentStatus` = \'approved\'')
 3 SYSTEMPATH\Database\BaseConnection.php(606): CodeIgniter\Database\BaseConnection->simpleQuery('SELECT SUM(`total_amount`) AS `total_amount`
FROM `due_pmt_log`
JOIN `membershipTable` ON `membershipTable`.`serial` = `clubPayment`.`seriaNo`
WHERE `paymentStatus` = \'approved\'')
 4 SYSTEMPATH\Database\BaseBuilder.php(1616): CodeIgniter\Database\BaseConnection->query('SELECT SUM(`total_amount`) AS `total_amount`
FROM `due_pmt_log`
JOIN `membershipTable` ON `membershipTable`.`serial` = `clubPayment`.`seriaNo`
WHERE `paymentStatus` = :paymentStatus:', [...], false)
 5 SYSTEMPATH\Model.php(840): CodeIgniter\Database\BaseBuilder->get()
 6 APPPATH\Controllers\Dashboard.php(98): CodeIgniter\Model->__call('get', [])
 7 SYSTEMPATH\CodeIgniter.php(934): App\Controllers\Dashboard->index()
 8 SYSTEMPATH\CodeIgniter.php(499): CodeIgniter\CodeIgniter->runController(Object(App\Controllers\Dashboard))
 9 SYSTEMPATH\CodeIgniter.php(368): CodeIgniter\CodeIgniter->handleRequest(null, Object(Config\Cache), false)
10 FCPATH\index.php(67): CodeIgniter\CodeIgniter->run()
INFO - 2024-01-09 00:57:32 --> Session: Class initialized using 'CodeIgniter\Session\Handlers\FileHandler' driver.
ERROR - 2024-01-09 00:57:32 --> mysqli_sql_exception: Unknown column 'paymentStatus' in 'where clause' in C:\xampp\htdocs\plscu\system\Database\MySQLi\Connection.php:295
Stack trace:
#0 C:\xampp\htdocs\plscu\system\Database\MySQLi\Connection.php(295): mysqli->query('SELECT SUM(`due...', 0)
#1 C:\xampp\htdocs\plscu\system\Database\BaseConnection.php(692): CodeIgniter\Database\MySQLi\Connection->execute('SELECT SUM(`due...')
#2 C:\xampp\htdocs\plscu\system\Database\BaseConnection.php(606): CodeIgniter\Database\BaseConnection->simpleQuery('SELECT SUM(`due...')
#3 C:\xampp\htdocs\plscu\system\Database\BaseBuilder.php(1616): CodeIgniter\Database\BaseConnection->query('SELECT SUM(`due...', Array, false)
#4 C:\xampp\htdocs\plscu\system\Model.php(840): CodeIgniter\Database\BaseBuilder->get()
#5 C:\xampp\htdocs\plscu\app\Controllers\Dashboard.php(98): CodeIgniter\Model->__call('get', Array)
#6 C:\xampp\htdocs\plscu\system\CodeIgniter.php(934): App\Controllers\Dashboard->index()
#7 C:\xampp\htdocs\plscu\system\CodeIgniter.php(499): CodeIgniter\CodeIgniter->runController(Object(App\Controllers\Dashboard))
#8 C:\xampp\htdocs\plscu\system\CodeIgniter.php(368): CodeIgniter\CodeIgniter->handleRequest(NULL, Object(Config\Cache), false)
#9 C:\xampp\htdocs\plscu\public\index.php(67): CodeIgniter\CodeIgniter->run()
#10 {main}
CRITICAL - 2024-01-09 00:57:32 --> Unknown column 'paymentStatus' in 'where clause'
in SYSTEMPATH\Database\MySQLi\Connection.php on line 295.
 1 SYSTEMPATH\Database\MySQLi\Connection.php(295): mysqli->query('SELECT SUM(`due_amount`) AS `due_amount`
FROM `due_pmt_log`
JOIN `membership_applicants` ON `membership_applicants`.`memberSerialNo` = `due_pmt_log`.`mem_serial_no`
WHERE `paymentStatus` = \'approved\'', 0)
 2 SYSTEMPATH\Database\BaseConnection.php(692): CodeIgniter\Database\MySQLi\Connection->execute('SELECT SUM(`due_amount`) AS `due_amount`
FROM `due_pmt_log`
JOIN `membership_applicants` ON `membership_applicants`.`memberSerialNo` = `due_pmt_log`.`mem_serial_no`
WHERE `paymentStatus` = \'approved\'')
 3 SYSTEMPATH\Database\BaseConnection.php(606): CodeIgniter\Database\BaseConnection->simpleQuery('SELECT SUM(`due_amount`) AS `due_amount`
FROM `due_pmt_log`
JOIN `membership_applicants` ON `membership_applicants`.`memberSerialNo` = `due_pmt_log`.`mem_serial_no`
WHERE `paymentStatus` = \'approved\'')
 4 SYSTEMPATH\Database\BaseBuilder.php(1616): CodeIgniter\Database\BaseConnection->query('SELECT SUM(`due_amount`) AS `due_amount`
FROM `due_pmt_log`
JOIN `membership_applicants` ON `membership_applicants`.`memberSerialNo` = `due_pmt_log`.`mem_serial_no`
WHERE `paymentStatus` = :paymentStatus:', [...], false)
 5 SYSTEMPATH\Model.php(840): CodeIgniter\Database\BaseBuilder->get()
 6 APPPATH\Controllers\Dashboard.php(98): CodeIgniter\Model->__call('get', [])
 7 SYSTEMPATH\CodeIgniter.php(934): App\Controllers\Dashboard->index()
 8 SYSTEMPATH\CodeIgniter.php(499): CodeIgniter\CodeIgniter->runController(Object(App\Controllers\Dashboard))
 9 SYSTEMPATH\CodeIgniter.php(368): CodeIgniter\CodeIgniter->handleRequest(null, Object(Config\Cache), false)
10 FCPATH\index.php(67): CodeIgniter\CodeIgniter->run()
INFO - 2024-01-09 00:58:59 --> Session: Class initialized using 'CodeIgniter\Session\Handlers\FileHandler' driver.
INFO - 2024-01-09 01:05:44 --> Session: Class initialized using 'CodeIgniter\Session\Handlers\FileHandler' driver.
INFO - 2024-01-09 01:08:21 --> Session: Class initialized using 'CodeIgniter\Session\Handlers\FileHandler' driver.
INFO - 2024-01-09 01:08:22 --> Session: Class initialized using 'CodeIgniter\Session\Handlers\FileHandler' driver.
INFO - 2024-01-09 01:10:35 --> Session: Class initialized using 'CodeIgniter\Session\Handlers\FileHandler' driver.
INFO - 2024-01-09 01:10:54 --> Session: Class initialized using 'CodeIgniter\Session\Handlers\FileHandler' driver.
INFO - 2024-01-09 01:11:00 --> Session: Class initialized using 'CodeIgniter\Session\Handlers\FileHandler' driver.
INFO - 2024-01-09 01:21:09 --> Session: Class initialized using 'CodeIgniter\Session\Handlers\FileHandler' driver.
INFO - 2024-01-09 01:21:23 --> Session: Class initialized using 'CodeIgniter\Session\Handlers\FileHandler' driver.
INFO - 2024-01-09 01:21:51 --> Session: Class initialized using 'CodeIgniter\Session\Handlers\FileHandler' driver.
INFO - 2024-01-09 01:22:01 --> Session: Class initialized using 'CodeIgniter\Session\Handlers\FileHandler' driver.
INFO - 2024-01-09 01:23:30 --> Session: Class initialized using 'CodeIgniter\Session\Handlers\FileHandler' driver.
INFO - 2024-01-09 01:23:31 --> Session: Class initialized using 'CodeIgniter\Session\Handlers\FileHandler' driver.
INFO - 2024-01-09 01:23:36 --> Session: Class initialized using 'CodeIgniter\Session\Handlers\FileHandler' driver.
INFO - 2024-01-09 01:23:49 --> Session: Class initialized using 'CodeIgniter\Session\Handlers\FileHandler' driver.
INFO - 2024-01-09 01:23:53 --> Session: Class initialized using 'CodeIgniter\Session\Handlers\FileHandler' driver.
INFO - 2024-01-09 01:24:16 --> Session: Class initialized using 'CodeIgniter\Session\Handlers\FileHandler' driver.
INFO - 2024-01-09 01:24:16 --> Session: Class initialized using 'CodeIgniter\Session\Handlers\FileHandler' driver.
INFO - 2024-01-09 01:24:21 --> Session: Class initialized using 'CodeIgniter\Session\Handlers\FileHandler' driver.
INFO - 2024-01-09 01:27:09 --> Session: Class initialized using 'CodeIgniter\Session\Handlers\FileHandler' driver.
INFO - 2024-01-09 01:27:14 --> Session: Class initialized using 'CodeIgniter\Session\Handlers\FileHandler' driver.
INFO - 2024-01-09 01:27:35 --> Session: Class initialized using 'CodeIgniter\Session\Handlers\FileHandler' driver.
INFO - 2024-01-09 01:27:51 --> Session: Class initialized using 'CodeIgniter\Session\Handlers\FileHandler' driver.
INFO - 2024-01-09 01:27:51 --> Session: Class initialized using 'CodeIgniter\Session\Handlers\FileHandler' driver.
INFO - 2024-01-09 01:28:20 --> Session: Class initialized using 'CodeIgniter\Session\Handlers\FileHandler' driver.
INFO - 2024-01-09 01:28:20 --> Session: Class initialized using 'CodeIgniter\Session\Handlers\FileHandler' driver.
INFO - 2024-01-09 01:28:25 --> Session: Class initialized using 'CodeIgniter\Session\Handlers\FileHandler' driver.
INFO - 2024-01-09 01:30:29 --> Session: Class initialized using 'CodeIgniter\Session\Handlers\FileHandler' driver.
INFO - 2024-01-09 01:31:50 --> Session: Class initialized using 'CodeIgniter\Session\Handlers\FileHandler' driver.
INFO - 2024-01-09 01:32:56 --> Session: Class initialized using 'CodeIgniter\Session\Handlers\FileHandler' driver.
INFO - 2024-01-09 01:34:52 --> Session: Class initialized using 'CodeIgniter\Session\Handlers\FileHandler' driver.
INFO - 2024-01-09 01:38:20 --> Session: Class initialized using 'CodeIgniter\Session\Handlers\FileHandler' driver.
CRITICAL - 2024-01-09 01:38:20 --> Trying to get property 'memBerpic' of non-object
in APPPATH\Views\dashboard\partials\stat\club_payment_summary_table.php on line 27.
 1 APPPATH\Views\dashboard\partials\stat\club_payment_summary_table.php(27): CodeIgniter\Debug\Exceptions->errorHandler(8, 'Trying to get property \'memBerpic\' of non-object', 'C:\\xampp\\htdocs\\plscu\\app\\Views\\dashboard\\partials\\stat\\club_payment_summary_table.php', 27, [...])
 2 APPPATH\Views\dashboard\index.php(36): include('C:\\xampp\\htdocs\\plscu\\app\\Views\\dashboard\\partials\\stat\\club_payment_summary_table.php')
 3 SYSTEMPATH\View\View.php(213): include('C:\\xampp\\htdocs\\plscu\\app\\Views\\dashboard\\index.php')
 4 SYSTEMPATH\View\View.php(216): CodeIgniter\View\View->CodeIgniter\View\{closure}()
 5 SYSTEMPATH\Common.php(1184): CodeIgniter\View\View->render('dashboard/index', [], true)
 6 APPPATH\Controllers\Dashboard.php(104): view('dashboard/index', [...])
 7 SYSTEMPATH\CodeIgniter.php(934): App\Controllers\Dashboard->index()
 8 SYSTEMPATH\CodeIgniter.php(499): CodeIgniter\CodeIgniter->runController(Object(App\Controllers\Dashboard))
 9 SYSTEMPATH\CodeIgniter.php(368): CodeIgniter\CodeIgniter->handleRequest(null, Object(Config\Cache), false)
10 FCPATH\index.php(67): CodeIgniter\CodeIgniter->run()
INFO - 2024-01-09 01:41:54 --> Session: Class initialized using 'CodeIgniter\Session\Handlers\FileHandler' driver.
CRITICAL - 2024-01-09 01:41:54 --> Trying to get property 'memBerpic' of non-object
in APPPATH\Views\dashboard\partials\stat\club_payment_summary_table.php on line 27.
 1 APPPATH\Views\dashboard\partials\stat\club_payment_summary_table.php(27): CodeIgniter\Debug\Exceptions->errorHandler(8, 'Trying to get property \'memBerpic\' of non-object', 'C:\\xampp\\htdocs\\plscu\\app\\Views\\dashboard\\partials\\stat\\club_payment_summary_table.php', 27, [...])
 2 APPPATH\Views\dashboard\index.php(36): include('C:\\xampp\\htdocs\\plscu\\app\\Views\\dashboard\\partials\\stat\\club_payment_summary_table.php')
 3 SYSTEMPATH\View\View.php(213): include('C:\\xampp\\htdocs\\plscu\\app\\Views\\dashboard\\index.php')
 4 SYSTEMPATH\View\View.php(216): CodeIgniter\View\View->CodeIgniter\View\{closure}()
 5 SYSTEMPATH\Common.php(1184): CodeIgniter\View\View->render('dashboard/index', [], true)
 6 APPPATH\Controllers\Dashboard.php(104): view('dashboard/index', [...])
 7 SYSTEMPATH\CodeIgniter.php(934): App\Controllers\Dashboard->index()
 8 SYSTEMPATH\CodeIgniter.php(499): CodeIgniter\CodeIgniter->runController(Object(App\Controllers\Dashboard))
 9 SYSTEMPATH\CodeIgniter.php(368): CodeIgniter\CodeIgniter->handleRequest(null, Object(Config\Cache), false)
10 FCPATH\index.php(67): CodeIgniter\CodeIgniter->run()
INFO - 2024-01-09 01:42:43 --> Session: Class initialized using 'CodeIgniter\Session\Handlers\FileHandler' driver.
CRITICAL - 2024-01-09 01:42:43 --> Trying to get property 'memBerpic' of non-object
in APPPATH\Views\dashboard\partials\stat\club_payment_summary_table.php on line 27.
 1 APPPATH\Views\dashboard\partials\stat\club_payment_summary_table.php(27): CodeIgniter\Debug\Exceptions->errorHandler(8, 'Trying to get property \'memBerpic\' of non-object', 'C:\\xampp\\htdocs\\plscu\\app\\Views\\dashboard\\partials\\stat\\club_payment_summary_table.php', 27, [...])
 2 APPPATH\Views\dashboard\index.php(36): include('C:\\xampp\\htdocs\\plscu\\app\\Views\\dashboard\\partials\\stat\\club_payment_summary_table.php')
 3 SYSTEMPATH\View\View.php(213): include('C:\\xampp\\htdocs\\plscu\\app\\Views\\dashboard\\index.php')
 4 SYSTEMPATH\View\View.php(216): CodeIgniter\View\View->CodeIgniter\View\{closure}()
 5 SYSTEMPATH\Common.php(1184): CodeIgniter\View\View->render('dashboard/index', [], true)
 6 APPPATH\Controllers\Dashboard.php(104): view('dashboard/index', [...])
 7 SYSTEMPATH\CodeIgniter.php(934): App\Controllers\Dashboard->index()
 8 SYSTEMPATH\CodeIgniter.php(499): CodeIgniter\CodeIgniter->runController(Object(App\Controllers\Dashboard))
 9 SYSTEMPATH\CodeIgniter.php(368): CodeIgniter\CodeIgniter->handleRequest(null, Object(Config\Cache), false)
10 FCPATH\index.php(67): CodeIgniter\CodeIgniter->run()
INFO - 2024-01-09 01:43:28 --> Session: Class initialized using 'CodeIgniter\Session\Handlers\FileHandler' driver.
CRITICAL - 2024-01-09 01:43:28 --> Illegal string offset 'memBerpic'
in APPPATH\Views\dashboard\partials\stat\club_payment_summary_table.php on line 27.
 1 APPPATH\Views\dashboard\partials\stat\club_payment_summary_table.php(27): CodeIgniter\Debug\Exceptions->errorHandler(2, 'Illegal string offset \'memBerpic\'', 'C:\\xampp\\htdocs\\plscu\\app\\Views\\dashboard\\partials\\stat\\club_payment_summary_table.php', 27, [...])
 2 APPPATH\Views\dashboard\index.php(36): include('C:\\xampp\\htdocs\\plscu\\app\\Views\\dashboard\\partials\\stat\\club_payment_summary_table.php')
 3 SYSTEMPATH\View\View.php(213): include('C:\\xampp\\htdocs\\plscu\\app\\Views\\dashboard\\index.php')
 4 SYSTEMPATH\View\View.php(216): CodeIgniter\View\View->CodeIgniter\View\{closure}()
 5 SYSTEMPATH\Common.php(1184): CodeIgniter\View\View->render('dashboard/index', [], true)
 6 APPPATH\Controllers\Dashboard.php(104): view('dashboard/index', [...])
 7 SYSTEMPATH\CodeIgniter.php(934): App\Controllers\Dashboard->index()
 8 SYSTEMPATH\CodeIgniter.php(499): CodeIgniter\CodeIgniter->runController(Object(App\Controllers\Dashboard))
 9 SYSTEMPATH\CodeIgniter.php(368): CodeIgniter\CodeIgniter->handleRequest(null, Object(Config\Cache), false)
10 FCPATH\index.php(67): CodeIgniter\CodeIgniter->run()
INFO - 2024-01-09 01:43:31 --> Session: Class initialized using 'CodeIgniter\Session\Handlers\FileHandler' driver.
CRITICAL - 2024-01-09 01:43:31 --> Illegal string offset 'memBerpic'
in APPPATH\Views\dashboard\partials\stat\club_payment_summary_table.php on line 27.
 1 APPPATH\Views\dashboard\partials\stat\club_payment_summary_table.php(27): CodeIgniter\Debug\Exceptions->errorHandler(2, 'Illegal string offset \'memBerpic\'', 'C:\\xampp\\htdocs\\plscu\\app\\Views\\dashboard\\partials\\stat\\club_payment_summary_table.php', 27, [...])
 2 APPPATH\Views\dashboard\index.php(36): include('C:\\xampp\\htdocs\\plscu\\app\\Views\\dashboard\\partials\\stat\\club_payment_summary_table.php')
 3 SYSTEMPATH\View\View.php(213): include('C:\\xampp\\htdocs\\plscu\\app\\Views\\dashboard\\index.php')
 4 SYSTEMPATH\View\View.php(216): CodeIgniter\View\View->CodeIgniter\View\{closure}()
 5 SYSTEMPATH\Common.php(1184): CodeIgniter\View\View->render('dashboard/index', [], true)
 6 APPPATH\Controllers\Dashboard.php(104): view('dashboard/index', [...])
 7 SYSTEMPATH\CodeIgniter.php(934): App\Controllers\Dashboard->index()
 8 SYSTEMPATH\CodeIgniter.php(499): CodeIgniter\CodeIgniter->runController(Object(App\Controllers\Dashboard))
 9 SYSTEMPATH\CodeIgniter.php(368): CodeIgniter\CodeIgniter->handleRequest(null, Object(Config\Cache), false)
10 FCPATH\index.php(67): CodeIgniter\CodeIgniter->run()
INFO - 2024-01-09 01:44:11 --> Session: Class initialized using 'CodeIgniter\Session\Handlers\FileHandler' driver.
CRITICAL - 2024-01-09 01:44:11 --> Call to undefined method CodeIgniter\Database\MySQLi\Result::getResults()
in APPPATH\Controllers\Dashboard.php on line 101.
 1 SYSTEMPATH\CodeIgniter.php(934): App\Controllers\Dashboard->index()
 2 SYSTEMPATH\CodeIgniter.php(499): CodeIgniter\CodeIgniter->runController(Object(App\Controllers\Dashboard))
 3 SYSTEMPATH\CodeIgniter.php(368): CodeIgniter\CodeIgniter->handleRequest(null, Object(Config\Cache), false)
 4 FCPATH\index.php(67): CodeIgniter\CodeIgniter->run()
INFO - 2024-01-09 01:44:29 --> Session: Class initialized using 'CodeIgniter\Session\Handlers\FileHandler' driver.
CRITICAL - 2024-01-09 01:44:29 --> Undefined property: stdClass::$agentName
in APPPATH\Views\dashboard\partials\stat\club_payment_summary_table.php on line 36.
 1 APPPATH\Views\dashboard\partials\stat\club_payment_summary_table.php(36): CodeIgniter\Debug\Exceptions->errorHandler(8, 'Undefined property: stdClass::$agentName', 'C:\\xampp\\htdocs\\plscu\\app\\Views\\dashboard\\partials\\stat\\club_payment_summary_table.php', 36, [...])
 2 APPPATH\Views\dashboard\index.php(36): include('C:\\xampp\\htdocs\\plscu\\app\\Views\\dashboard\\partials\\stat\\club_payment_summary_table.php')
 3 SYSTEMPATH\View\View.php(213): include('C:\\xampp\\htdocs\\plscu\\app\\Views\\dashboard\\index.php')
 4 SYSTEMPATH\View\View.php(216): CodeIgniter\View\View->CodeIgniter\View\{closure}()
 5 SYSTEMPATH\Common.php(1184): CodeIgniter\View\View->render('dashboard/index', [], true)
 6 APPPATH\Controllers\Dashboard.php(104): view('dashboard/index', [...])
 7 SYSTEMPATH\CodeIgniter.php(934): App\Controllers\Dashboard->index()
 8 SYSTEMPATH\CodeIgniter.php(499): CodeIgniter\CodeIgniter->runController(Object(App\Controllers\Dashboard))
 9 SYSTEMPATH\CodeIgniter.php(368): CodeIgniter\CodeIgniter->handleRequest(null, Object(Config\Cache), false)
10 FCPATH\index.php(67): CodeIgniter\CodeIgniter->run()
INFO - 2024-01-09 01:45:04 --> Session: Class initialized using 'CodeIgniter\Session\Handlers\FileHandler' driver.
INFO - 2024-01-09 01:51:17 --> Session: Class initialized using 'CodeIgniter\Session\Handlers\FileHandler' driver.
INFO - 2024-01-09 01:52:47 --> Session: Class initialized using 'CodeIgniter\Session\Handlers\FileHandler' driver.
INFO - 2024-01-09 01:53:34 --> Session: Class initialized using 'CodeIgniter\Session\Handlers\FileHandler' driver.
INFO - 2024-01-09 01:54:28 --> Session: Class initialized using 'CodeIgniter\Session\Handlers\FileHandler' driver.
INFO - 2024-01-09 01:54:35 --> Session: Class initialized using 'CodeIgniter\Session\Handlers\FileHandler' driver.
INFO - 2024-01-09 01:54:45 --> Session: Class initialized using 'CodeIgniter\Session\Handlers\FileHandler' driver.
INFO - 2024-01-09 01:56:22 --> Session: Class initialized using 'CodeIgniter\Session\Handlers\FileHandler' driver.
INFO - 2024-01-09 01:57:44 --> Session: Class initialized using 'CodeIgniter\Session\Handlers\FileHandler' driver.
INFO - 2024-01-09 01:59:35 --> Session: Class initialized using 'CodeIgniter\Session\Handlers\FileHandler' driver.
INFO - 2024-01-09 02:01:12 --> Session: Class initialized using 'CodeIgniter\Session\Handlers\FileHandler' driver.
INFO - 2024-01-09 02:01:13 --> Session: Class initialized using 'CodeIgniter\Session\Handlers\FileHandler' driver.
INFO - 2024-01-09 02:02:53 --> Session: Class initialized using 'CodeIgniter\Session\Handlers\FileHandler' driver.
INFO - 2024-01-09 02:03:33 --> Session: Class initialized using 'CodeIgniter\Session\Handlers\FileHandler' driver.
INFO - 2024-01-09 02:03:33 --> Session: Class initialized using 'CodeIgniter\Session\Handlers\FileHandler' driver.
INFO - 2024-01-09 02:03:41 --> Session: Class initialized using 'CodeIgniter\Session\Handlers\FileHandler' driver.
INFO - 2024-01-09 02:04:03 --> Session: Class initialized using 'CodeIgniter\Session\Handlers\FileHandler' driver.
INFO - 2024-01-09 02:04:03 --> Session: Class initialized using 'CodeIgniter\Session\Handlers\FileHandler' driver.
INFO - 2024-01-09 02:04:09 --> Session: Class initialized using 'CodeIgniter\Session\Handlers\FileHandler' driver.
INFO - 2024-01-09 02:18:08 --> Session: Class initialized using 'CodeIgniter\Session\Handlers\FileHandler' driver.
ERROR - 2024-01-09 02:18:09 --> mysqli_sql_exception: Unknown table 'plscu.loan_pmt_log' in C:\xampp\htdocs\plscu\system\Database\MySQLi\Connection.php:295
Stack trace:
#0 C:\xampp\htdocs\plscu\system\Database\MySQLi\Connection.php(295): mysqli->query('SELECT `loan_pm...', 0)
#1 C:\xampp\htdocs\plscu\system\Database\BaseConnection.php(692): CodeIgniter\Database\MySQLi\Connection->execute('SELECT `loan_pm...')
#2 C:\xampp\htdocs\plscu\system\Database\BaseConnection.php(606): CodeIgniter\Database\BaseConnection->simpleQuery('SELECT `loan_pm...')
#3 C:\xampp\htdocs\plscu\system\Database\BaseBuilder.php(1616): CodeIgniter\Database\BaseConnection->query('SELECT `loan_pm...', Array, false)
#4 C:\xampp\htdocs\plscu\system\Model.php(840): CodeIgniter\Database\BaseBuilder->get()
#5 C:\xampp\htdocs\plscu\app\Controllers\Dashboard.php(110): CodeIgniter\Model->__call('get', Array)
#6 C:\xampp\htdocs\plscu\system\CodeIgniter.php(934): App\Controllers\Dashboard->index()
#7 C:\xampp\htdocs\plscu\system\CodeIgniter.php(499): CodeIgniter\CodeIgniter->runController(Object(App\Controllers\Dashboard))
#8 C:\xampp\htdocs\plscu\system\CodeIgniter.php(368): CodeIgniter\CodeIgniter->handleRequest(NULL, Object(Config\Cache), false)
#9 C:\xampp\htdocs\plscu\public\index.php(67): CodeIgniter\CodeIgniter->run()
#10 {main}
CRITICAL - 2024-01-09 02:18:09 --> Unknown table 'plscu.loan_pmt_log'
in SYSTEMPATH\Database\MySQLi\Connection.php on line 295.
 1 SYSTEMPATH\Database\MySQLi\Connection.php(295): mysqli->query('SELECT `loan_pmt_log`.*, `loan_application`.*, SUM(loan_pmt_log.amount) as totalPaid, `loan_application`.`applicantImg` as `memBerpic`, `loan_application`.`fullName` as `agentName`
FROM `due_pmt_log`
JOIN `loan_application` ON `loan_application`.`serial_no` = `loan_pmt_log`.`serial_no`
WHERE `loan_pmt_log`.`approved_status` = \'Approved\'
GROUP BY `loan_pmt_log`.`serial_no`
ORDER BY `loan_pmt_log`.`id` DESC', 0)
 2 SYSTEMPATH\Database\BaseConnection.php(692): CodeIgniter\Database\MySQLi\Connection->execute('SELECT `loan_pmt_log`.*, `loan_application`.*, SUM(loan_pmt_log.amount) as totalPaid, `loan_application`.`applicantImg` as `memBerpic`, `loan_application`.`fullName` as `agentName`
FROM `due_pmt_log`
JOIN `loan_application` ON `loan_application`.`serial_no` = `loan_pmt_log`.`serial_no`
WHERE `loan_pmt_log`.`approved_status` = \'Approved\'
GROUP BY `loan_pmt_log`.`serial_no`
ORDER BY `loan_pmt_log`.`id` DESC')
 3 SYSTEMPATH\Database\BaseConnection.php(606): CodeIgniter\Database\BaseConnection->simpleQuery('SELECT `loan_pmt_log`.*, `loan_application`.*, SUM(loan_pmt_log.amount) as totalPaid, `loan_application`.`applicantImg` as `memBerpic`, `loan_application`.`fullName` as `agentName`
FROM `due_pmt_log`
JOIN `loan_application` ON `loan_application`.`serial_no` = `loan_pmt_log`.`serial_no`
WHERE `loan_pmt_log`.`approved_status` = \'Approved\'
GROUP BY `loan_pmt_log`.`serial_no`
ORDER BY `loan_pmt_log`.`id` DESC')
 4 SYSTEMPATH\Database\BaseBuilder.php(1616): CodeIgniter\Database\BaseConnection->query('SELECT `loan_pmt_log`.*, `loan_application`.*, SUM(loan_pmt_log.amount) as totalPaid, `loan_application`.`applicantImg` as `memBerpic`, `loan_application`.`fullName` as `agentName`
FROM `due_pmt_log`
JOIN `loan_application` ON `loan_application`.`serial_no` = `loan_pmt_log`.`serial_no`
WHERE `loan_pmt_log`.`approved_status` = :loan_pmt_log.approved_status:
GROUP BY `loan_pmt_log`.`serial_no`
ORDER BY `loan_pmt_log`.`id` DESC', [...], false)
 5 SYSTEMPATH\Model.php(840): CodeIgniter\Database\BaseBuilder->get()
 6 APPPATH\Controllers\Dashboard.php(110): CodeIgniter\Model->__call('get', [])
 7 SYSTEMPATH\CodeIgniter.php(934): App\Controllers\Dashboard->index()
 8 SYSTEMPATH\CodeIgniter.php(499): CodeIgniter\CodeIgniter->runController(Object(App\Controllers\Dashboard))
 9 SYSTEMPATH\CodeIgniter.php(368): CodeIgniter\CodeIgniter->handleRequest(null, Object(Config\Cache), false)
10 FCPATH\index.php(67): CodeIgniter\CodeIgniter->run()
INFO - 2024-01-09 02:19:26 --> Session: Class initialized using 'CodeIgniter\Session\Handlers\FileHandler' driver.
ERROR - 2024-01-09 02:19:27 --> mysqli_sql_exception: Unknown column 'loan_pmt_log.approved_status' in 'where clause' in C:\xampp\htdocs\plscu\system\Database\MySQLi\Connection.php:295
Stack trace:
#0 C:\xampp\htdocs\plscu\system\Database\MySQLi\Connection.php(295): mysqli->query('SELECT `loan_pm...', 0)
#1 C:\xampp\htdocs\plscu\system\Database\BaseConnection.php(692): CodeIgniter\Database\MySQLi\Connection->execute('SELECT `loan_pm...')
#2 C:\xampp\htdocs\plscu\system\Database\BaseConnection.php(606): CodeIgniter\Database\BaseConnection->simpleQuery('SELECT `loan_pm...')
#3 C:\xampp\htdocs\plscu\system\Database\BaseBuilder.php(1616): CodeIgniter\Database\BaseConnection->query('SELECT `loan_pm...', Array, false)
#4 C:\xampp\htdocs\plscu\system\Model.php(840): CodeIgniter\Database\BaseBuilder->get()
#5 C:\xampp\htdocs\plscu\app\Controllers\Dashboard.php(110): CodeIgniter\Model->__call('get', Array)
#6 C:\xampp\htdocs\plscu\system\CodeIgniter.php(934): App\Controllers\Dashboard->index()
#7 C:\xampp\htdocs\plscu\system\CodeIgniter.php(499): CodeIgniter\CodeIgniter->runController(Object(App\Controllers\Dashboard))
#8 C:\xampp\htdocs\plscu\system\CodeIgniter.php(368): CodeIgniter\CodeIgniter->handleRequest(NULL, Object(Config\Cache), false)
#9 C:\xampp\htdocs\plscu\public\index.php(67): CodeIgniter\CodeIgniter->run()
#10 {main}
CRITICAL - 2024-01-09 02:19:27 --> Unknown column 'loan_pmt_log.approved_status' in 'where clause'
in SYSTEMPATH\Database\MySQLi\Connection.php on line 295.
 1 SYSTEMPATH\Database\MySQLi\Connection.php(295): mysqli->query('SELECT `loan_pmt_log`.*, `loan_application`.*, SUM(loan_pmt_log.amount) as totalPaid, `loan_application`.`applicantImg` as `memBerpic`, `loan_application`.`fullName` as `agentName`
FROM `loan_pmt_log`
JOIN `loan_application` ON `loan_application`.`serial_no` = `loan_pmt_log`.`serial_no`
WHERE `loan_pmt_log`.`approved_status` = \'Approved\'
GROUP BY `loan_pmt_log`.`serial_no`
ORDER BY `loan_pmt_log`.`id` DESC', 0)
 2 SYSTEMPATH\Database\BaseConnection.php(692): CodeIgniter\Database\MySQLi\Connection->execute('SELECT `loan_pmt_log`.*, `loan_application`.*, SUM(loan_pmt_log.amount) as totalPaid, `loan_application`.`applicantImg` as `memBerpic`, `loan_application`.`fullName` as `agentName`
FROM `loan_pmt_log`
JOIN `loan_application` ON `loan_application`.`serial_no` = `loan_pmt_log`.`serial_no`
WHERE `loan_pmt_log`.`approved_status` = \'Approved\'
GROUP BY `loan_pmt_log`.`serial_no`
ORDER BY `loan_pmt_log`.`id` DESC')
 3 SYSTEMPATH\Database\BaseConnection.php(606): CodeIgniter\Database\BaseConnection->simpleQuery('SELECT `loan_pmt_log`.*, `loan_application`.*, SUM(loan_pmt_log.amount) as totalPaid, `loan_application`.`applicantImg` as `memBerpic`, `loan_application`.`fullName` as `agentName`
FROM `loan_pmt_log`
JOIN `loan_application` ON `loan_application`.`serial_no` = `loan_pmt_log`.`serial_no`
WHERE `loan_pmt_log`.`approved_status` = \'Approved\'
GROUP BY `loan_pmt_log`.`serial_no`
ORDER BY `loan_pmt_log`.`id` DESC')
 4 SYSTEMPATH\Database\BaseBuilder.php(1616): CodeIgniter\Database\BaseConnection->query('SELECT `loan_pmt_log`.*, `loan_application`.*, SUM(loan_pmt_log.amount) as totalPaid, `loan_application`.`applicantImg` as `memBerpic`, `loan_application`.`fullName` as `agentName`
FROM `loan_pmt_log`
JOIN `loan_application` ON `loan_application`.`serial_no` = `loan_pmt_log`.`serial_no`
WHERE `loan_pmt_log`.`approved_status` = :loan_pmt_log.approved_status:
GROUP BY `loan_pmt_log`.`serial_no`
ORDER BY `loan_pmt_log`.`id` DESC', [...], false)
 5 SYSTEMPATH\Model.php(840): CodeIgniter\Database\BaseBuilder->get()
 6 APPPATH\Controllers\Dashboard.php(110): CodeIgniter\Model->__call('get', [])
 7 SYSTEMPATH\CodeIgniter.php(934): App\Controllers\Dashboard->index()
 8 SYSTEMPATH\CodeIgniter.php(499): CodeIgniter\CodeIgniter->runController(Object(App\Controllers\Dashboard))
 9 SYSTEMPATH\CodeIgniter.php(368): CodeIgniter\CodeIgniter->handleRequest(null, Object(Config\Cache), false)
10 FCPATH\index.php(67): CodeIgniter\CodeIgniter->run()
INFO - 2024-01-09 02:19:53 --> Session: Class initialized using 'CodeIgniter\Session\Handlers\FileHandler' driver.
INFO - 2024-01-09 02:22:07 --> Session: Class initialized using 'CodeIgniter\Session\Handlers\FileHandler' driver.
CRITICAL - 2024-01-09 02:22:07 --> Undefined property: stdClass::$membership_category
in APPPATH\Views\dashboard\partials\stat\loan_payment_summary_table.php on line 30.
 1 APPPATH\Views\dashboard\partials\stat\loan_payment_summary_table.php(30): CodeIgniter\Debug\Exceptions->errorHandler(8, 'Undefined property: stdClass::$membership_category', 'C:\\xampp\\htdocs\\plscu\\app\\Views\\dashboard\\partials\\stat\\loan_payment_summary_table.php', 30, [...])
 2 APPPATH\Views\dashboard\index.php(40): include('C:\\xampp\\htdocs\\plscu\\app\\Views\\dashboard\\partials\\stat\\loan_payment_summary_table.php')
 3 SYSTEMPATH\View\View.php(213): include('C:\\xampp\\htdocs\\plscu\\app\\Views\\dashboard\\index.php')
 4 SYSTEMPATH\View\View.php(216): CodeIgniter\View\View->CodeIgniter\View\{closure}()
 5 SYSTEMPATH\Common.php(1184): CodeIgniter\View\View->render('dashboard/index', [], true)
 6 APPPATH\Controllers\Dashboard.php(114): view('dashboard/index', [...])
 7 SYSTEMPATH\CodeIgniter.php(934): App\Controllers\Dashboard->index()
 8 SYSTEMPATH\CodeIgniter.php(499): CodeIgniter\CodeIgniter->runController(Object(App\Controllers\Dashboard))
 9 SYSTEMPATH\CodeIgniter.php(368): CodeIgniter\CodeIgniter->handleRequest(null, Object(Config\Cache), false)
10 FCPATH\index.php(67): CodeIgniter\CodeIgniter->run()
INFO - 2024-01-09 02:28:46 --> Session: Class initialized using 'CodeIgniter\Session\Handlers\FileHandler' driver.
CRITICAL - 2024-01-09 02:28:46 --> Undefined property: stdClass::$memberSerialNo
in APPPATH\Views\dashboard\partials\stat\loan_payment_summary_table.php on line 33.
 1 APPPATH\Views\dashboard\partials\stat\loan_payment_summary_table.php(33): CodeIgniter\Debug\Exceptions->errorHandler(8, 'Undefined property: stdClass::$memberSerialNo', 'C:\\xampp\\htdocs\\plscu\\app\\Views\\dashboard\\partials\\stat\\loan_payment_summary_table.php', 33, [...])
 2 APPPATH\Views\dashboard\index.php(40): include('C:\\xampp\\htdocs\\plscu\\app\\Views\\dashboard\\partials\\stat\\loan_payment_summary_table.php')
 3 SYSTEMPATH\View\View.php(213): include('C:\\xampp\\htdocs\\plscu\\app\\Views\\dashboard\\index.php')
 4 SYSTEMPATH\View\View.php(216): CodeIgniter\View\View->CodeIgniter\View\{closure}()
 5 SYSTEMPATH\Common.php(1184): CodeIgniter\View\View->render('dashboard/index', [], true)
 6 APPPATH\Controllers\Dashboard.php(114): view('dashboard/index', [...])
 7 SYSTEMPATH\CodeIgniter.php(934): App\Controllers\Dashboard->index()
 8 SYSTEMPATH\CodeIgniter.php(499): CodeIgniter\CodeIgniter->runController(Object(App\Controllers\Dashboard))
 9 SYSTEMPATH\CodeIgniter.php(368): CodeIgniter\CodeIgniter->handleRequest(null, Object(Config\Cache), false)
10 FCPATH\index.php(67): CodeIgniter\CodeIgniter->run()
INFO - 2024-01-09 02:29:30 --> Session: Class initialized using 'CodeIgniter\Session\Handlers\FileHandler' driver.
INFO - 2024-01-09 02:32:31 --> Session: Class initialized using 'CodeIgniter\Session\Handlers\FileHandler' driver.
INFO - 2024-01-09 02:32:36 --> Session: Class initialized using 'CodeIgniter\Session\Handlers\FileHandler' driver.
INFO - 2024-01-09 02:32:46 --> Session: Class initialized using 'CodeIgniter\Session\Handlers\FileHandler' driver.
INFO - 2024-01-09 02:32:49 --> Session: Class initialized using 'CodeIgniter\Session\Handlers\FileHandler' driver.
INFO - 2024-01-09 02:32:54 --> Session: Class initialized using 'CodeIgniter\Session\Handlers\FileHandler' driver.
INFO - 2024-01-09 02:33:00 --> Session: Class initialized using 'CodeIgniter\Session\Handlers\FileHandler' driver.
INFO - 2024-01-09 02:33:55 --> Session: Class initialized using 'CodeIgniter\Session\Handlers\FileHandler' driver.
INFO - 2024-01-09 02:34:04 --> Session: Class initialized using 'CodeIgniter\Session\Handlers\FileHandler' driver.
INFO - 2024-01-09 02:36:09 --> Session: Class initialized using 'CodeIgniter\Session\Handlers\FileHandler' driver.
INFO - 2024-01-09 02:36:41 --> Session: Class initialized using 'CodeIgniter\Session\Handlers\FileHandler' driver.
INFO - 2024-01-09 02:38:13 --> Session: Class initialized using 'CodeIgniter\Session\Handlers\FileHandler' driver.
INFO - 2024-01-09 02:38:13 --> Session: Class initialized using 'CodeIgniter\Session\Handlers\FileHandler' driver.
INFO - 2024-01-09 02:38:23 --> Session: Class initialized using 'CodeIgniter\Session\Handlers\FileHandler' driver.
INFO - 2024-01-09 02:38:47 --> Session: Class initialized using 'CodeIgniter\Session\Handlers\FileHandler' driver.
INFO - 2024-01-09 02:39:28 --> Session: Class initialized using 'CodeIgniter\Session\Handlers\FileHandler' driver.
INFO - 2024-01-09 02:39:46 --> Session: Class initialized using 'CodeIgniter\Session\Handlers\FileHandler' driver.
INFO - 2024-01-09 02:41:19 --> Session: Class initialized using 'CodeIgniter\Session\Handlers\FileHandler' driver.
INFO - 2024-01-09 02:41:25 --> Session: Class initialized using 'CodeIgniter\Session\Handlers\FileHandler' driver.
INFO - 2024-01-09 02:41:52 --> Session: Class initialized using 'CodeIgniter\Session\Handlers\FileHandler' driver.
INFO - 2024-01-09 02:41:52 --> Session: Class initialized using 'CodeIgniter\Session\Handlers\FileHandler' driver.
INFO - 2024-01-09 02:42:03 --> Session: Class initialized using 'CodeIgniter\Session\Handlers\FileHandler' driver.
INFO - 2024-01-09 02:42:22 --> Session: Class initialized using 'CodeIgniter\Session\Handlers\FileHandler' driver.
INFO - 2024-01-09 02:49:58 --> Session: Class initialized using 'CodeIgniter\Session\Handlers\FileHandler' driver.
INFO - 2024-01-09 02:51:04 --> Session: Class initialized using 'CodeIgniter\Session\Handlers\FileHandler' driver.
INFO - 2024-01-09 02:58:51 --> Session: Class initialized using 'CodeIgniter\Session\Handlers\FileHandler' driver.
INFO - 2024-01-09 03:00:54 --> Session: Class initialized using 'CodeIgniter\Session\Handlers\FileHandler' driver.
INFO - 2024-01-09 03:01:13 --> Session: Class initialized using 'CodeIgniter\Session\Handlers\FileHandler' driver.
INFO - 2024-01-09 03:01:14 --> Session: Class initialized using 'CodeIgniter\Session\Handlers\FileHandler' driver.
INFO - 2024-01-09 03:01:23 --> Session: Class initialized using 'CodeIgniter\Session\Handlers\FileHandler' driver.
INFO - 2024-01-09 03:01:41 --> Session: Class initialized using 'CodeIgniter\Session\Handlers\FileHandler' driver.
INFO - 2024-01-09 03:03:54 --> Session: Class initialized using 'CodeIgniter\Session\Handlers\FileHandler' driver.
INFO - 2024-01-09 03:04:00 --> Session: Class initialized using 'CodeIgniter\Session\Handlers\FileHandler' driver.
INFO - 2024-01-09 03:04:02 --> Session: Class initialized using 'CodeIgniter\Session\Handlers\FileHandler' driver.
INFO - 2024-01-09 03:04:08 --> Session: Class initialized using 'CodeIgniter\Session\Handlers\FileHandler' driver.
INFO - 2024-01-09 03:04:26 --> Session: Class initialized using 'CodeIgniter\Session\Handlers\FileHandler' driver.
INFO - 2024-01-09 03:04:51 --> Session: Class initialized using 'CodeIgniter\Session\Handlers\FileHandler' driver.
INFO - 2024-01-09 03:05:05 --> Session: Class initialized using 'CodeIgniter\Session\Handlers\FileHandler' driver.
INFO - 2024-01-09 03:05:12 --> Session: Class initialized using 'CodeIgniter\Session\Handlers\FileHandler' driver.
INFO - 2024-01-09 03:05:47 --> Session: Class initialized using 'CodeIgniter\Session\Handlers\FileHandler' driver.
INFO - 2024-01-09 03:13:52 --> Session: Class initialized using 'CodeIgniter\Session\Handlers\FileHandler' driver.
INFO - 2024-01-09 03:18:11 --> Session: Class initialized using 'CodeIgniter\Session\Handlers\FileHandler' driver.
INFO - 2024-01-09 03:19:17 --> Session: Class initialized using 'CodeIgniter\Session\Handlers\FileHandler' driver.
INFO - 2024-01-09 03:19:50 --> Session: Class initialized using 'CodeIgniter\Session\Handlers\FileHandler' driver.
INFO - 2024-01-09 03:21:43 --> Session: Class initialized using 'CodeIgniter\Session\Handlers\FileHandler' driver.
CRITICAL - 2024-01-09 03:21:43 --> Trying to get property 'profileImg' of non-object
in APPPATH\Views\dashboard\partials\stat\team_members_table.php on line 17.
 1 APPPATH\Views\dashboard\partials\stat\team_members_table.php(17): CodeIgniter\Debug\Exceptions->errorHandler(8, 'Trying to get property \'profileImg\' of non-object', 'C:\\xampp\\htdocs\\plscu\\app\\Views\\dashboard\\partials\\stat\\team_members_table.php', 17, [...])
 2 APPPATH\Views\dashboard\index.php(44): include('C:\\xampp\\htdocs\\plscu\\app\\Views\\dashboard\\partials\\stat\\team_members_table.php')
 3 SYSTEMPATH\View\View.php(213): include('C:\\xampp\\htdocs\\plscu\\app\\Views\\dashboard\\index.php')
 4 SYSTEMPATH\View\View.php(216): CodeIgniter\View\View->CodeIgniter\View\{closure}()
 5 SYSTEMPATH\Common.php(1184): CodeIgniter\View\View->render('dashboard/index', [], true)
 6 APPPATH\Controllers\Dashboard.php(120): view('dashboard/index', [...])
 7 SYSTEMPATH\CodeIgniter.php(934): App\Controllers\Dashboard->index()
 8 SYSTEMPATH\CodeIgniter.php(499): CodeIgniter\CodeIgniter->runController(Object(App\Controllers\Dashboard))
 9 SYSTEMPATH\CodeIgniter.php(368): CodeIgniter\CodeIgniter->handleRequest(null, Object(Config\Cache), false)
10 FCPATH\index.php(67): CodeIgniter\CodeIgniter->run()
INFO - 2024-01-09 03:22:35 --> Session: Class initialized using 'CodeIgniter\Session\Handlers\FileHandler' driver.
CRITICAL - 2024-01-09 03:22:35 --> Trying to get property 'fullName' of non-object
in APPPATH\Views\dashboard\partials\stat\team_members_table.php on line 18.
 1 APPPATH\Views\dashboard\partials\stat\team_members_table.php(18): CodeIgniter\Debug\Exceptions->errorHandler(8, 'Trying to get property \'fullName\' of non-object', 'C:\\xampp\\htdocs\\plscu\\app\\Views\\dashboard\\partials\\stat\\team_members_table.php', 18, [...])
 2 APPPATH\Views\dashboard\index.php(44): include('C:\\xampp\\htdocs\\plscu\\app\\Views\\dashboard\\partials\\stat\\team_members_table.php')
 3 SYSTEMPATH\View\View.php(213): include('C:\\xampp\\htdocs\\plscu\\app\\Views\\dashboard\\index.php')
 4 SYSTEMPATH\View\View.php(216): CodeIgniter\View\View->CodeIgniter\View\{closure}()
 5 SYSTEMPATH\Common.php(1184): CodeIgniter\View\View->render('dashboard/index', [], true)
 6 APPPATH\Controllers\Dashboard.php(120): view('dashboard/index', [...])
 7 SYSTEMPATH\CodeIgniter.php(934): App\Controllers\Dashboard->index()
 8 SYSTEMPATH\CodeIgniter.php(499): CodeIgniter\CodeIgniter->runController(Object(App\Controllers\Dashboard))
 9 SYSTEMPATH\CodeIgniter.php(368): CodeIgniter\CodeIgniter->handleRequest(null, Object(Config\Cache), false)
10 FCPATH\index.php(67): CodeIgniter\CodeIgniter->run()
INFO - 2024-01-09 03:23:04 --> Session: Class initialized using 'CodeIgniter\Session\Handlers\FileHandler' driver.
INFO - 2024-01-09 03:23:31 --> Session: Class initialized using 'CodeIgniter\Session\Handlers\FileHandler' driver.
INFO - 2024-01-09 03:29:25 --> Session: Class initialized using 'CodeIgniter\Session\Handlers\FileHandler' driver.
INFO - 2024-01-09 03:32:02 --> Session: Class initialized using 'CodeIgniter\Session\Handlers\FileHandler' driver.
INFO - 2024-01-09 03:41:53 --> Session: Class initialized using 'CodeIgniter\Session\Handlers\FileHandler' driver.
INFO - 2024-01-09 03:43:58 --> Session: Class initialized using 'CodeIgniter\Session\Handlers\FileHandler' driver.
INFO - 2024-01-09 03:44:19 --> Session: Class initialized using 'CodeIgniter\Session\Handlers\FileHandler' driver.
INFO - 2024-01-09 03:44:55 --> Session: Class initialized using 'CodeIgniter\Session\Handlers\FileHandler' driver.
INFO - 2024-01-09 03:45:19 --> Session: Class initialized using 'CodeIgniter\Session\Handlers\FileHandler' driver.
INFO - 2024-01-09 03:45:54 --> Session: Class initialized using 'CodeIgniter\Session\Handlers\FileHandler' driver.
INFO - 2024-01-09 03:46:47 --> Session: Class initialized using 'CodeIgniter\Session\Handlers\FileHandler' driver.
INFO - 2024-01-09 03:46:55 --> Session: Class initialized using 'CodeIgniter\Session\Handlers\FileHandler' driver.
